#
# There is insufficient memory for the Java Runtime Environment to continue.
# Native memory allocation (malloc) failed to allocate 190976 bytes for Chunk::new
# Possible reasons:
#   The system is out of physical RAM or swap space
#   The process is running with CompressedOops enabled, and the Java Heap may be blocking the growth of the native heap
# Possible solutions:
#   Reduce memory load on the system
#   Increase physical memory or swap space
#   Check if swap backing store is full
#   Decrease Java heap size (-Xmx/-Xms)
#   Decrease number of Java threads
#   Decrease Java thread stack sizes (-Xss)
#   Set larger code cache with -XX:ReservedCodeCacheSize=
#   JVM is running with Zero Based Compressed Oops mode in which the Java heap is
#     placed in the first 32GB address space. The Java Heap base address is the
#     maximum limit for the native heap growth. Please use -XX:HeapBaseMinAddress
#     to set the Java Heap base and to place the Java Heap above 32GB virtual address.
# This output file may be truncated or incomplete.
#
#  Out of Memory Error (arena.cpp:189), pid=14132, tid=7396
#
# JRE version: OpenJDK Runtime Environment (17.0.6) (build 17.0.6+0-b2043.56-10027231)
# Java VM: OpenJDK 64-Bit Server VM (17.0.6+0-b2043.56-10027231, mixed mode, tiered, compressed oops, compressed class ptrs, g1 gc, windows-amd64)
# No core dump will be written. Minidumps are not enabled by default on client versions of Windows
#

---------------  S U M M A R Y ------------

Command Line: --add-opens=java.base/java.util=ALL-UNNAMED --add-opens=java.base/java.lang=ALL-UNNAMED --add-opens=java.base/java.lang.invoke=ALL-UNNAMED --add-opens=java.base/java.util=ALL-UNNAMED --add-opens=java.prefs/java.util.prefs=ALL-UNNAMED --add-opens=java.prefs/java.util.prefs=ALL-UNNAMED --add-opens=java.base/java.nio.charset=ALL-UNNAMED --add-opens=java.base/java.net=ALL-UNNAMED --add-opens=java.base/java.util.concurrent.atomic=ALL-UNNAMED -Xmx4G -Dfile.encoding=windows-1252 -Duser.country=US -Duser.language=en -Duser.variant org.gradle.launcher.daemon.bootstrap.GradleDaemon 7.5

Host: Intel(R) Core(TM) i7-8565U CPU @ 1.80GHz, 8 cores, 7G,  Windows 10 , 64 bit Build 19041 (10.0.19041.3636)
Time: Wed Feb 28 04:46:12 2024 Egypt Standard Time elapsed time: 8888.232270 seconds (0d 2h 28m 8s)

---------------  T H R E A D  ---------------

Current thread (0x00000261b2c6fff0):  JavaThread "C2 CompilerThread0" daemon [_thread_in_native, id=7396, stack(0x000000e45ff00000,0x000000e460000000)]


Current CompileTask:
C2:8888232 18377       4       org.gradle.internal.logging.text.AbstractLineChoppingStyledTextOutput$1::execute (140 bytes)

Stack: [0x000000e45ff00000,0x000000e460000000]
Native frames: (J=compiled Java code, j=interpreted, Vv=VM code, C=native code)
V  [jvm.dll+0x683c9a]
V  [jvm.dll+0x8427a4]
V  [jvm.dll+0x843f9e]
V  [jvm.dll+0x844603]
V  [jvm.dll+0x249b75]
V  [jvm.dll+0xabcac]
V  [jvm.dll+0xac27c]
V  [jvm.dll+0x2b0eef]
V  [jvm.dll+0x58a267]
V  [jvm.dll+0x2243b2]
V  [jvm.dll+0x21dbe9]
V  [jvm.dll+0x21b51b]
V  [jvm.dll+0x1a4fdd]
V  [jvm.dll+0x22b098]
V  [jvm.dll+0x229159]
V  [jvm.dll+0x7f81ec]
V  [jvm.dll+0x7f274a]
V  [jvm.dll+0x682ad5]
C  [ucrtbase.dll+0x21bb2]
C  [KERNEL32.DLL+0x17344]
C  [ntdll.dll+0x526b1]


---------------  P R O C E S S  ---------------

Threads class SMR info:
_java_thread_list=0x00000261b52640f0, length=142, elements={
0x0000026193849fd0, 0x00000261b2c4d150, 0x00000261b2c4e010, 0x00000261b22a68d0,
0x00000261b2c25c40, 0x00000261b2c26900, 0x00000261b2c6f400, 0x00000261b2c6fff0,
0x00000261b2c74910, 0x00000261b2c79f60, 0x00000261b2dfacc0, 0x00000261b2e06060,
0x00000261b3602fc0, 0x00000261b38216f0, 0x00000261b3820d50, 0x00000261b517feb0,
0x00000261b517c4f0, 0x00000261b517d830, 0x00000261b5180850, 0x00000261b517c9c0,
0x00000261b517ce90, 0x00000261b5179e70, 0x00000261b517f040, 0x00000261b517a340,
0x00000261b517a810, 0x00000261b7648590, 0x00000261b7648a60, 0x00000261b76480c0,
0x00000261b73f9d60, 0x00000261b73fd250, 0x00000261b73fea60, 0x00000261b73fdbf0,
0x00000261b5f53890, 0x00000261b7644700, 0x00000261b764b5b0, 0x00000261b7645a40,
0x00000261b7648f30, 0x00000261b7647bf0, 0x00000261b7647250, 0x00000261b76498d0,
0x00000261b764b0e0, 0x00000261b764a270, 0x00000261b764a740, 0x00000261b7645f10,
0x00000261b76463e0, 0x00000261b76468b0, 0x00000261b7643d60, 0x00000261b7644bd0,
0x00000261b7649da0, 0x00000261b76450a0, 0x00000261b7647720, 0x00000261b7645570,
0x00000261b7649400, 0x00000261b73f8550, 0x00000261b73fef30, 0x00000261b73ff400,
0x00000261b73fb0a0, 0x00000261b73fb570, 0x00000261b73f8ef0, 0x00000261b73fa230,
0x00000261b73f8a20, 0x00000261b73f93c0, 0x00000261b73fd720, 0x00000261b73fe0c0,
0x00000261b73fbf10, 0x00000261b73f9890, 0x00000261b73fba40, 0x00000261b73fa700,
0x00000261b73fc3e0, 0x00000261b73fc8b0, 0x00000261b73fe590, 0x00000261b73fcd80,
0x00000261b5f50870, 0x00000261b5f52550, 0x00000261b5f52a20, 0x00000261b5f51bb0,
0x00000261b5f54bd0, 0x00000261b5f55f10, 0x00000261b5f568b0, 0x00000261b5f55570,
0x00000261b5f55a40, 0x00000261b5f52ef0, 0x00000261b5f533c0, 0x00000261b5f52080,
0x00000261b5f53d60, 0x00000261b5f516e0, 0x00000261b5f54700, 0x00000261b5f56d80,
0x00000261b5180380, 0x00000261b517f9e0, 0x00000261b517bb50, 0x00000261b517ace0,
0x00000261b517c020, 0x00000261b517d360, 0x00000261b517f510, 0x00000261b517dd00,
0x00000261b517e1d0, 0x00000261b517e6a0, 0x00000261b3821bc0, 0x00000261b3820880,
0x00000261b3821220, 0x00000261bfe13a50, 0x00000261bfe13580, 0x00000261bfe165a0,
0x00000261bfe13f20, 0x00000261bfe178e0, 0x00000261bfe18280, 0x00000261bfe19f60,
0x00000261bfe17db0, 0x00000261bfe143f0, 0x00000261bfe16a70, 0x00000261bfe1a900,
0x00000261bfe148c0, 0x00000261bfe15c00, 0x00000261bfe18750, 0x00000261bfe18c20,
0x00000261bfe16f40, 0x00000261bfe160d0, 0x00000261bfe17410, 0x00000261bfe190f0,
0x00000261bfe1add0, 0x00000261bfe195c0, 0x00000261bfe19a90, 0x00000261bfe1a430,
0x00000261bfe14d90, 0x00000261bfe15730, 0x00000261bfe15260, 0x00000261b94f81c0,
0x00000261b94fd860, 0x00000261b94f7cf0, 0x00000261b94fb6b0, 0x00000261b94f8690,
0x00000261b94f8b60, 0x00000261b94fc9f0, 0x00000261b94fdd30, 0x00000261b94f9030,
0x00000261b94fad10, 0x00000261b94fd390, 0x00000261b94fcec0, 0x00000261b94fb1e0,
0x00000261b94fc520, 0x00000261b94fbb80
}

Java Threads: ( => current thread )
  0x0000026193849fd0 JavaThread "main" [_thread_blocked, id=8372, stack(0x000000e45f200000,0x000000e45f300000)]
  0x00000261b2c4d150 JavaThread "Reference Handler" daemon [_thread_blocked, id=12532, stack(0x000000e45f900000,0x000000e45fa00000)]
  0x00000261b2c4e010 JavaThread "Finalizer" daemon [_thread_blocked, id=15928, stack(0x000000e45fa00000,0x000000e45fb00000)]
  0x00000261b22a68d0 JavaThread "Signal Dispatcher" daemon [_thread_blocked, id=15556, stack(0x000000e45fb00000,0x000000e45fc00000)]
  0x00000261b2c25c40 JavaThread "Attach Listener" daemon [_thread_blocked, id=19412, stack(0x000000e45fc00000,0x000000e45fd00000)]
  0x00000261b2c26900 JavaThread "Service Thread" daemon [_thread_blocked, id=14712, stack(0x000000e45fd00000,0x000000e45fe00000)]
  0x00000261b2c6f400 JavaThread "Monitor Deflation Thread" daemon [_thread_blocked, id=6176, stack(0x000000e45fe00000,0x000000e45ff00000)]
=>0x00000261b2c6fff0 JavaThread "C2 CompilerThread0" daemon [_thread_in_native, id=7396, stack(0x000000e45ff00000,0x000000e460000000)]
  0x00000261b2c74910 JavaThread "C1 CompilerThread0" daemon [_thread_blocked, id=13784, stack(0x000000e460000000,0x000000e460100000)]
  0x00000261b2c79f60 JavaThread "Sweeper thread" daemon [_thread_blocked, id=13024, stack(0x000000e460100000,0x000000e460200000)]
  0x00000261b2dfacc0 JavaThread "Common-Cleaner" daemon [_thread_blocked, id=18152, stack(0x000000e460200000,0x000000e460300000)]
  0x00000261b2e06060 JavaThread "Notification Thread" daemon [_thread_blocked, id=17504, stack(0x000000e460300000,0x000000e460400000)]
  0x00000261b3602fc0 JavaThread "Daemon health stats" [_thread_blocked, id=10864, stack(0x000000e460900000,0x000000e460a00000)]
  0x00000261b38216f0 JavaThread "Incoming local TCP Connector on port 54572" [_thread_in_native, id=18296, stack(0x000000e460a00000,0x000000e460b00000)]
  0x00000261b3820d50 JavaThread "Daemon periodic checks" [_thread_blocked, id=10656, stack(0x000000e460b00000,0x000000e460c00000)]
  0x00000261b517feb0 JavaThread "Cache worker for journal cache (C:\Users\User\.gradle\caches\journal-1)" [_thread_blocked, id=12004, stack(0x000000e461300000,0x000000e461400000)]
  0x00000261b517c4f0 JavaThread "File lock request listener" [_thread_in_native, id=18660, stack(0x000000e461400000,0x000000e461500000)]
  0x00000261b517d830 JavaThread "Cache worker for file hash cache (C:\Users\User\.gradle\caches\7.5\fileHashes)" [_thread_blocked, id=19416, stack(0x000000e461900000,0x000000e461a00000)]
  0x00000261b5180850 JavaThread "File watcher server" daemon [_thread_in_native, id=15092, stack(0x000000e461a00000,0x000000e461b00000)]
  0x00000261b517c9c0 JavaThread "File watcher consumer" daemon [_thread_blocked, id=10264, stack(0x000000e461b00000,0x000000e461c00000)]
  0x00000261b517ce90 JavaThread "Cache worker for file content cache (C:\Users\User\.gradle\caches\7.5\fileContent)" [_thread_blocked, id=14232, stack(0x000000e461e00000,0x000000e461f00000)]
  0x00000261b5179e70 JavaThread "Cache worker for execution history cache (C:\Users\User\.gradle\caches\7.5\executionHistory)" [_thread_blocked, id=15544, stack(0x000000e462100000,0x000000e462200000)]
  0x00000261b517f040 JavaThread "jar transforms" [_thread_blocked, id=5860, stack(0x000000e462200000,0x000000e462300000)]
  0x00000261b517a340 JavaThread "Cache worker for kotlin-dsl (C:\Users\User\.gradle\caches\7.5\kotlin-dsl)" [_thread_blocked, id=19072, stack(0x000000e462300000,0x000000e462400000)]
  0x00000261b517a810 JavaThread "jar transforms Thread 2" [_thread_blocked, id=4104, stack(0x000000e462400000,0x000000e462500000)]
  0x00000261b7648590 JavaThread "jar transforms Thread 3" [_thread_blocked, id=5820, stack(0x000000e462700000,0x000000e462800000)]
  0x00000261b7648a60 JavaThread "Memory manager" [_thread_blocked, id=17320, stack(0x000000e462800000,0x000000e462900000)]
  0x00000261b76480c0 JavaThread "jar transforms Thread 4" [_thread_blocked, id=1336, stack(0x000000e462900000,0x000000e462a00000)]
  0x00000261b73f9d60 JavaThread "jar transforms Thread 5" [_thread_blocked, id=14904, stack(0x000000e468400000,0x000000e468500000)]
  0x00000261b73fd250 JavaThread "jar transforms Thread 6" [_thread_blocked, id=9048, stack(0x000000e468500000,0x000000e468600000)]
  0x00000261b73fea60 JavaThread "jar transforms Thread 7" [_thread_blocked, id=15488, stack(0x000000e468600000,0x000000e468700000)]
  0x00000261b73fdbf0 JavaThread "jar transforms Thread 8" [_thread_blocked, id=9332, stack(0x000000e468700000,0x000000e468800000)]
  0x00000261b5f53890 JavaThread "pool-3-thread-1" [_thread_blocked, id=8036, stack(0x000000e468b00000,0x000000e468c00000)]
  0x00000261b7644700 JavaThread "Daemon Thread 2" [_thread_blocked, id=15688, stack(0x000000e460c00000,0x000000e460d00000)]
  0x00000261b764b5b0 JavaThread "Handler for socket connection from /127.0.0.1:54572 to /127.0.0.1:62580" [_thread_in_native, id=10260, stack(0x000000e460d00000,0x000000e460e00000)]
  0x00000261b7645a40 JavaThread "Cancel handler" [_thread_blocked, id=17512, stack(0x000000e460e00000,0x000000e460f00000)]
  0x00000261b7648f30 JavaThread "Daemon worker Thread 2" [_thread_blocked, id=11332, stack(0x000000e460f00000,0x000000e461000000)]
  0x00000261b7647bf0 JavaThread "Asynchronous log dispatcher for DefaultDaemonConnection: socket connection from /127.0.0.1:54572 to /127.0.0.1:62580" [_thread_blocked, id=18760, stack(0x000000e461000000,0x000000e461100000)]
  0x00000261b7647250 JavaThread "Stdin handler" [_thread_blocked, id=12084, stack(0x000000e461100000,0x000000e461200000)]
  0x00000261b76498d0 JavaThread "Daemon client event forwarder" [_thread_blocked, id=17132, stack(0x000000e461200000,0x000000e461300000)]
  0x00000261b764b0e0 JavaThread "Cache worker for checksums cache (E:\ss\flutter\zflutter project\testphp\android\.gradle\7.5\checksums)" [_thread_blocked, id=2244, stack(0x000000e461c00000,0x000000e461d00000)]
  0x00000261b764a270 JavaThread "Cache worker for cache directory md-rule (C:\Users\User\.gradle\caches\7.5\md-rule)" [_thread_blocked, id=15152, stack(0x000000e461d00000,0x000000e461e00000)]
  0x00000261b764a740 JavaThread "Cache worker for file hash cache (E:\ss\flutter\zflutter project\testphp\android\.gradle\7.5\fileHashes)" [_thread_blocked, id=11424, stack(0x000000e461f00000,0x000000e462000000)]
  0x00000261b7645f10 JavaThread "Cache worker for cache directory md-supplier (C:\Users\User\.gradle\caches\7.5\md-supplier)" [_thread_blocked, id=9620, stack(0x000000e462000000,0x000000e462100000)]
  0x00000261b76463e0 JavaThread "Cache worker for dependencies-accessors (E:\ss\flutter\zflutter project\testphp\android\.gradle\7.5\dependencies-accessors)" [_thread_blocked, id=15144, stack(0x000000e462500000,0x000000e462600000)]
  0x00000261b76468b0 JavaThread "Cache worker for Build Output Cleanup Cache (C:\src\flutter\packages\flutter_tools\gradle\.gradle\buildOutputCleanup)" [_thread_blocked, id=14036, stack(0x000000e462600000,0x000000e462700000)]
  0x00000261b7643d60 JavaThread "included builds" [_thread_blocked, id=15292, stack(0x000000e462a00000,0x000000e462b00000)]
  0x00000261b7644bd0 JavaThread "Execution worker" [_thread_blocked, id=10592, stack(0x000000e462b00000,0x000000e462c00000)]
  0x00000261b7649da0 JavaThread "Execution worker Thread 2" [_thread_blocked, id=15036, stack(0x000000e462c00000,0x000000e462d00000)]
  0x00000261b76450a0 JavaThread "Execution worker Thread 3" [_thread_blocked, id=8572, stack(0x000000e462d00000,0x000000e462e00000)]
  0x00000261b7647720 JavaThread "Execution worker Thread 4" [_thread_blocked, id=7960, stack(0x000000e462e00000,0x000000e462f00000)]
  0x00000261b7645570 JavaThread "Execution worker Thread 5" [_thread_blocked, id=16804, stack(0x000000e462f00000,0x000000e463000000)]
  0x00000261b7649400 JavaThread "Execution worker Thread 6" [_thread_blocked, id=18340, stack(0x000000e463000000,0x000000e463100000)]
  0x00000261b73f8550 JavaThread "Execution worker Thread 7" [_thread_blocked, id=11348, stack(0x000000e463100000,0x000000e463200000)]
  0x00000261b73fef30 JavaThread "Cache worker for execution history cache (C:\src\flutter\packages\flutter_tools\gradle\.gradle\7.5\executionHistory)" [_thread_blocked, id=7868, stack(0x000000e463200000,0x000000e463300000)]
  0x00000261b73ff400 JavaThread "Unconstrained build operations" [_thread_blocked, id=16048, stack(0x000000e463300000,0x000000e463400000)]
  0x00000261b73fb0a0 JavaThread "Unconstrained build operations Thread 2" [_thread_blocked, id=18960, stack(0x000000e463400000,0x000000e463500000)]
  0x00000261b73fb570 JavaThread "Unconstrained build operations Thread 3" [_thread_blocked, id=3880, stack(0x000000e463500000,0x000000e463600000)]
  0x00000261b73f8ef0 JavaThread "Unconstrained build operations Thread 4" [_thread_blocked, id=15744, stack(0x000000e463600000,0x000000e463700000)]
  0x00000261b73fa230 JavaThread "Unconstrained build operations Thread 5" [_thread_blocked, id=14612, stack(0x000000e463700000,0x000000e463800000)]
  0x00000261b73f8a20 JavaThread "Unconstrained build operations Thread 6" [_thread_blocked, id=4456, stack(0x000000e463800000,0x000000e463900000)]
  0x00000261b73f93c0 JavaThread "Unconstrained build operations Thread 7" [_thread_blocked, id=5076, stack(0x000000e463900000,0x000000e463a00000)]
  0x00000261b73fd720 JavaThread "Unconstrained build operations Thread 8" [_thread_blocked, id=17568, stack(0x000000e463a00000,0x000000e463b00000)]
  0x00000261b73fe0c0 JavaThread "Unconstrained build operations Thread 9" [_thread_blocked, id=17256, stack(0x000000e463b00000,0x000000e463c00000)]
  0x00000261b73fbf10 JavaThread "Unconstrained build operations Thread 10" [_thread_blocked, id=528, stack(0x000000e463c00000,0x000000e463d00000)]
  0x00000261b73f9890 JavaThread "Unconstrained build operations Thread 11" [_thread_blocked, id=14068, stack(0x000000e463d00000,0x000000e463e00000)]
  0x00000261b73fba40 JavaThread "Unconstrained build operations Thread 12" [_thread_blocked, id=8592, stack(0x000000e463e00000,0x000000e463f00000)]
  0x00000261b73fa700 JavaThread "Unconstrained build operations Thread 13" [_thread_blocked, id=19444, stack(0x000000e463f00000,0x000000e464000000)]
  0x00000261b73fc3e0 JavaThread "Unconstrained build operations Thread 14" [_thread_blocked, id=9012, stack(0x000000e464000000,0x000000e464100000)]
  0x00000261b73fc8b0 JavaThread "Unconstrained build operations Thread 15" [_thread_blocked, id=6592, stack(0x000000e464100000,0x000000e464200000)]
  0x00000261b73fe590 JavaThread "Unconstrained build operations Thread 16" [_thread_blocked, id=11484, stack(0x000000e464200000,0x000000e464300000)]
  0x00000261b73fcd80 JavaThread "Unconstrained build operations Thread 17" [_thread_blocked, id=1100, stack(0x000000e464300000,0x000000e464400000)]
  0x00000261b5f50870 JavaThread "Unconstrained build operations Thread 18" [_thread_blocked, id=17844, stack(0x000000e464400000,0x000000e464500000)]
  0x00000261b5f52550 JavaThread "Unconstrained build operations Thread 19" [_thread_blocked, id=19396, stack(0x000000e464500000,0x000000e464600000)]
  0x00000261b5f52a20 JavaThread "Unconstrained build operations Thread 20" [_thread_blocked, id=1428, stack(0x000000e464600000,0x000000e464700000)]
  0x00000261b5f51bb0 JavaThread "Unconstrained build operations Thread 21" [_thread_blocked, id=17612, stack(0x000000e464700000,0x000000e464800000)]
  0x00000261b5f54bd0 JavaThread "Unconstrained build operations Thread 22" [_thread_blocked, id=4600, stack(0x000000e464800000,0x000000e464900000)]
  0x00000261b5f55f10 JavaThread "Unconstrained build operations Thread 23" [_thread_blocked, id=18388, stack(0x000000e464900000,0x000000e464a00000)]
  0x00000261b5f568b0 JavaThread "Unconstrained build operations Thread 24" [_thread_blocked, id=11072, stack(0x000000e464a00000,0x000000e464b00000)]
  0x00000261b5f55570 JavaThread "Unconstrained build operations Thread 25" [_thread_blocked, id=15656, stack(0x000000e464b00000,0x000000e464c00000)]
  0x00000261b5f55a40 JavaThread "Unconstrained build operations Thread 26" [_thread_blocked, id=10768, stack(0x000000e464c00000,0x000000e464d00000)]
  0x00000261b5f52ef0 JavaThread "Unconstrained build operations Thread 27" [_thread_blocked, id=19256, stack(0x000000e464d00000,0x000000e464e00000)]
  0x00000261b5f533c0 JavaThread "Unconstrained build operations Thread 28" [_thread_blocked, id=8292, stack(0x000000e464e00000,0x000000e464f00000)]
  0x00000261b5f52080 JavaThread "Unconstrained build operations Thread 29" [_thread_blocked, id=15232, stack(0x000000e464f00000,0x000000e465000000)]
  0x00000261b5f53d60 JavaThread "Unconstrained build operations Thread 30" [_thread_blocked, id=3080, stack(0x000000e465000000,0x000000e465100000)]
  0x00000261b5f516e0 JavaThread "Unconstrained build operations Thread 31" [_thread_blocked, id=2176, stack(0x000000e465100000,0x000000e465200000)]
  0x00000261b5f54700 JavaThread "Unconstrained build operations Thread 32" [_thread_blocked, id=13044, stack(0x000000e465200000,0x000000e465300000)]
  0x00000261b5f56d80 JavaThread "Unconstrained build operations Thread 33" [_thread_blocked, id=14140, stack(0x000000e465300000,0x000000e465400000)]
  0x00000261b5180380 JavaThread "Unconstrained build operations Thread 34" [_thread_blocked, id=18472, stack(0x000000e465400000,0x000000e465500000)]
  0x00000261b517f9e0 JavaThread "Unconstrained build operations Thread 35" [_thread_blocked, id=5528, stack(0x000000e465500000,0x000000e465600000)]
  0x00000261b517bb50 JavaThread "Unconstrained build operations Thread 36" [_thread_blocked, id=10524, stack(0x000000e465600000,0x000000e465700000)]
  0x00000261b517ace0 JavaThread "Unconstrained build operations Thread 37" [_thread_blocked, id=10740, stack(0x000000e465700000,0x000000e465800000)]
  0x00000261b517c020 JavaThread "Unconstrained build operations Thread 38" [_thread_blocked, id=7300, stack(0x000000e465800000,0x000000e465900000)]
  0x00000261b517d360 JavaThread "Unconstrained build operations Thread 39" [_thread_blocked, id=11620, stack(0x000000e465900000,0x000000e465a00000)]
  0x00000261b517f510 JavaThread "Unconstrained build operations Thread 40" [_thread_blocked, id=9348, stack(0x000000e465a00000,0x000000e465b00000)]
  0x00000261b517dd00 JavaThread "Unconstrained build operations Thread 41" [_thread_blocked, id=13960, stack(0x000000e465b00000,0x000000e465c00000)]
  0x00000261b517e1d0 JavaThread "Unconstrained build operations Thread 42" [_thread_blocked, id=260, stack(0x000000e465c00000,0x000000e465d00000)]
  0x00000261b517e6a0 JavaThread "Unconstrained build operations Thread 43" [_thread_blocked, id=2120, stack(0x000000e465d00000,0x000000e465e00000)]
  0x00000261b3821bc0 JavaThread "Unconstrained build operations Thread 44" [_thread_blocked, id=16540, stack(0x000000e465e00000,0x000000e465f00000)]
  0x00000261b3820880 JavaThread "Unconstrained build operations Thread 45" [_thread_blocked, id=8568, stack(0x000000e465f00000,0x000000e466000000)]
  0x00000261b3821220 JavaThread "Unconstrained build operations Thread 46" [_thread_blocked, id=14008, stack(0x000000e466000000,0x000000e466100000)]
  0x00000261bfe13a50 JavaThread "Unconstrained build operations Thread 47" [_thread_blocked, id=12148, stack(0x000000e466100000,0x000000e466200000)]
  0x00000261bfe13580 JavaThread "Unconstrained build operations Thread 48" [_thread_blocked, id=10440, stack(0x000000e466200000,0x000000e466300000)]
  0x00000261bfe165a0 JavaThread "Unconstrained build operations Thread 49" [_thread_blocked, id=6612, stack(0x000000e466300000,0x000000e466400000)]
  0x00000261bfe13f20 JavaThread "Unconstrained build operations Thread 50" [_thread_blocked, id=556, stack(0x000000e466400000,0x000000e466500000)]
  0x00000261bfe178e0 JavaThread "Unconstrained build operations Thread 51" [_thread_blocked, id=12116, stack(0x000000e466500000,0x000000e466600000)]
  0x00000261bfe18280 JavaThread "Unconstrained build operations Thread 52" [_thread_blocked, id=18072, stack(0x000000e466600000,0x000000e466700000)]
  0x00000261bfe19f60 JavaThread "Unconstrained build operations Thread 53" [_thread_blocked, id=16584, stack(0x000000e466700000,0x000000e466800000)]
  0x00000261bfe17db0 JavaThread "Unconstrained build operations Thread 54" [_thread_blocked, id=12772, stack(0x000000e466800000,0x000000e466900000)]
  0x00000261bfe143f0 JavaThread "Unconstrained build operations Thread 55" [_thread_blocked, id=5684, stack(0x000000e466900000,0x000000e466a00000)]
  0x00000261bfe16a70 JavaThread "Unconstrained build operations Thread 56" [_thread_blocked, id=6600, stack(0x000000e466a00000,0x000000e466b00000)]
  0x00000261bfe1a900 JavaThread "Unconstrained build operations Thread 57" [_thread_blocked, id=1492, stack(0x000000e466b00000,0x000000e466c00000)]
  0x00000261bfe148c0 JavaThread "Unconstrained build operations Thread 58" [_thread_blocked, id=19436, stack(0x000000e466c00000,0x000000e466d00000)]
  0x00000261bfe15c00 JavaThread "Unconstrained build operations Thread 59" [_thread_blocked, id=8704, stack(0x000000e466d00000,0x000000e466e00000)]
  0x00000261bfe18750 JavaThread "Unconstrained build operations Thread 60" [_thread_blocked, id=13828, stack(0x000000e466e00000,0x000000e466f00000)]
  0x00000261bfe18c20 JavaThread "Unconstrained build operations Thread 61" [_thread_blocked, id=18080, stack(0x000000e466f00000,0x000000e467000000)]
  0x00000261bfe16f40 JavaThread "Unconstrained build operations Thread 62" [_thread_blocked, id=8624, stack(0x000000e467000000,0x000000e467100000)]
  0x00000261bfe160d0 JavaThread "Unconstrained build operations Thread 63" [_thread_blocked, id=7816, stack(0x000000e467100000,0x000000e467200000)]
  0x00000261bfe17410 JavaThread "Unconstrained build operations Thread 64" [_thread_blocked, id=10652, stack(0x000000e467200000,0x000000e467300000)]
  0x00000261bfe190f0 JavaThread "Unconstrained build operations Thread 65" [_thread_blocked, id=6656, stack(0x000000e467300000,0x000000e467400000)]
  0x00000261bfe1add0 JavaThread "Unconstrained build operations Thread 66" [_thread_blocked, id=6908, stack(0x000000e467400000,0x000000e467500000)]
  0x00000261bfe195c0 JavaThread "Unconstrained build operations Thread 67" [_thread_blocked, id=13116, stack(0x000000e467500000,0x000000e467600000)]
  0x00000261bfe19a90 JavaThread "Unconstrained build operations Thread 68" [_thread_blocked, id=9468, stack(0x000000e467600000,0x000000e467700000)]
  0x00000261bfe1a430 JavaThread "Unconstrained build operations Thread 69" [_thread_blocked, id=3988, stack(0x000000e467700000,0x000000e467800000)]
  0x00000261bfe14d90 JavaThread "Unconstrained build operations Thread 70" [_thread_blocked, id=9728, stack(0x000000e467800000,0x000000e467900000)]
  0x00000261bfe15730 JavaThread "Unconstrained build operations Thread 71" [_thread_blocked, id=10172, stack(0x000000e467900000,0x000000e467a00000)]
  0x00000261bfe15260 JavaThread "Unconstrained build operations Thread 72" [_thread_blocked, id=17356, stack(0x000000e467a00000,0x000000e467b00000)]
  0x00000261b94f81c0 JavaThread "Unconstrained build operations Thread 73" [_thread_blocked, id=9040, stack(0x000000e467b00000,0x000000e467c00000)]
  0x00000261b94fd860 JavaThread "Unconstrained build operations Thread 74" [_thread_blocked, id=18828, stack(0x000000e467c00000,0x000000e467d00000)]
  0x00000261b94f7cf0 JavaThread "Unconstrained build operations Thread 75" [_thread_blocked, id=17652, stack(0x000000e467d00000,0x000000e467e00000)]
  0x00000261b94fb6b0 JavaThread "Unconstrained build operations Thread 76" [_thread_blocked, id=14720, stack(0x000000e467e00000,0x000000e467f00000)]
  0x00000261b94f8690 JavaThread "Unconstrained build operations Thread 77" [_thread_blocked, id=16732, stack(0x000000e467f00000,0x000000e468000000)]
  0x00000261b94f8b60 JavaThread "Unconstrained build operations Thread 78" [_thread_blocked, id=11568, stack(0x000000e468000000,0x000000e468100000)]
  0x00000261b94fc9f0 JavaThread "Unconstrained build operations Thread 79" [_thread_blocked, id=1380, stack(0x000000e468100000,0x000000e468200000)]
  0x00000261b94fdd30 JavaThread "Unconstrained build operations Thread 80" [_thread_blocked, id=18800, stack(0x000000e468200000,0x000000e468300000)]
  0x00000261b94f9030 JavaThread "Cache worker for Build Output Cleanup Cache (E:\ss\flutter\zflutter project\testphp\android\.gradle\buildOutputCleanup)" [_thread_blocked, id=19168, stack(0x000000e468300000,0x000000e468400000)]
  0x00000261b94fad10 JavaThread "pool-7-thread-1" [_thread_blocked, id=17704, stack(0x000000e468900000,0x000000e468a00000)]
  0x00000261b94fd390 JavaThread "build event listener" [_thread_blocked, id=5756, stack(0x000000e468a00000,0x000000e468b00000)]
  0x00000261b94fcec0 JavaThread "Cache worker for execution history cache (E:\ss\flutter\zflutter project\testphp\android\.gradle\7.5\executionHistory)" [_thread_blocked, id=15672, stack(0x000000e468c00000,0x000000e468d00000)]
  0x00000261b94fb1e0 JavaThread "Exec process Thread 4" [_thread_in_native, id=10596, stack(0x000000e468d00000,0x000000e468e00000)]
  0x00000261b94fc520 JavaThread "Exec process Thread 5" [_thread_in_native, id=15936, stack(0x000000e468e00000,0x000000e468f00000)]
  0x00000261b94fbb80 JavaThread "Exec process Thread 6" [_thread_in_native, id=4708, stack(0x000000e468f00000,0x000000e469000000)]

Other Threads:
  0x00000261b22a3c20 VMThread "VM Thread" [stack: 0x000000e45f800000,0x000000e45f900000] [id=14896]
  0x00000261938ce830 WatcherThread [stack: 0x000000e460400000,0x000000e460500000] [id=14424]
  0x00000261938b4b90 GCTaskThread "GC Thread#0" [stack: 0x000000e45f300000,0x000000e45f400000] [id=13348]
  0x00000261b3b71af0 GCTaskThread "GC Thread#1" [stack: 0x000000e460500000,0x000000e460600000] [id=18748]
  0x00000261b3b71da0 GCTaskThread "GC Thread#2" [stack: 0x000000e460600000,0x000000e460700000] [id=4020]
  0x00000261b3c37ab0 GCTaskThread "GC Thread#3" [stack: 0x000000e460700000,0x000000e460800000] [id=6964]
  0x00000261b3eb0030 GCTaskThread "GC Thread#4" [stack: 0x000000e460800000,0x000000e460900000] [id=13508]
  0x00000261b51c2300 GCTaskThread "GC Thread#5" [stack: 0x000000e461500000,0x000000e461600000] [id=3876]
  0x00000261b510c620 GCTaskThread "GC Thread#6" [stack: 0x000000e461600000,0x000000e461700000] [id=11940]
  0x00000261b50b7420 GCTaskThread "GC Thread#7" [stack: 0x000000e461700000,0x000000e461800000] [id=11364]
  0x00000261938c59e0 ConcurrentGCThread "G1 Main Marker" [stack: 0x000000e45f400000,0x000000e45f500000] [id=13172]
  0x00000261938c6300 ConcurrentGCThread "G1 Conc#0" [stack: 0x000000e45f500000,0x000000e45f600000] [id=17728]
  0x00000261b51fd460 ConcurrentGCThread "G1 Conc#1" [stack: 0x000000e461800000,0x000000e461900000] [id=17940]
  0x00000261b211a040 ConcurrentGCThread "G1 Refine#0" [stack: 0x000000e45f600000,0x000000e45f700000] [id=13820]
  0x00000261b3979cc0 ConcurrentGCThread "G1 Refine#1" [stack: 0x000000e45ef00000,0x000000e45f000000] [id=15060]
  0x00000261b3976340 ConcurrentGCThread "G1 Refine#2" [stack: 0x000000e45f000000,0x000000e45f100000] [id=5532]
  0x00000261b3977d20 ConcurrentGCThread "G1 Refine#3" [stack: 0x000000e45f100000,0x000000e45f200000] [id=16636]
  0x00000261b211a970 ConcurrentGCThread "G1 Service" [stack: 0x000000e45f700000,0x000000e45f800000] [id=13744]

Threads with active compile tasks:
C2 CompilerThread0  8888302 18377       4       org.gradle.internal.logging.text.AbstractLineChoppingStyledTextOutput$1::execute (140 bytes)

VM state: not at safepoint (normal execution)

VM Mutex/Monitor currently owned by a thread: None

Heap address: 0x0000000700000000, size: 4096 MB, Compressed Oops mode: Zero based, Oop shift amount: 3

CDS archive(s) not mapped
Compressed class space mapped at: 0x0000000800000000-0x0000000840000000, reserved size: 1073741824
Narrow klass base: 0x0000000800000000, Narrow klass shift: 0, Narrow klass range: 0x40000000

GC Precious Log:
 CPUs: 8 total, 8 available
 Memory: 8068M
 Large Page Support: Disabled
 NUMA Support: Disabled
 Compressed Oops: Enabled (Zero based)
 Heap Region Size: 2M
 Heap Min Capacity: 8M
 Heap Initial Capacity: 128M
 Heap Max Capacity: 4G
 Pre-touch: Disabled
 Parallel Workers: 8
 Concurrent Workers: 2
 Concurrent Refinement Workers: 8
 Periodic GC: Disabled

Heap:
 garbage-first heap   total 342016K, used 279971K [0x0000000700000000, 0x0000000800000000)
  region size 2048K, 86 young (176128K), 1 survivors (2048K)
 Metaspace       used 120079K, committed 121024K, reserved 1155072K
  class space    used 16016K, committed 16512K, reserved 1048576K

Heap Regions: E=young(eden), S=young(survivor), O=old, HS=humongous(starts), HC=humongous(continues), CS=collection set, F=free, OA=open archive, CA=closed archive, TAMS=top-at-mark-start (previous, next)
|   0|0x0000000700000000, 0x0000000700200000, 0x0000000700200000|100%| O|  |TAMS 0x0000000700200000, 0x0000000700000000| Untracked 
|   1|0x0000000700200000, 0x0000000700400000, 0x0000000700400000|100%| O|  |TAMS 0x0000000700400000, 0x0000000700200000| Untracked 
|   2|0x0000000700400000, 0x0000000700600000, 0x0000000700600000|100%|HS|  |TAMS 0x0000000700600000, 0x0000000700400000| Complete 
|   3|0x0000000700600000, 0x0000000700800000, 0x0000000700800000|100%|HC|  |TAMS 0x0000000700800000, 0x0000000700600000| Complete 
|   4|0x0000000700800000, 0x0000000700a00000, 0x0000000700a00000|100%| O|  |TAMS 0x0000000700a00000, 0x0000000700800000| Untracked 
|   5|0x0000000700a00000, 0x0000000700c00000, 0x0000000700c00000|100%| O|  |TAMS 0x0000000700c00000, 0x0000000700a00000| Untracked 
|   6|0x0000000700c00000, 0x0000000700e00000, 0x0000000700e00000|100%| O|  |TAMS 0x0000000700e00000, 0x0000000700c00000| Untracked 
|   7|0x0000000700e00000, 0x0000000701000000, 0x0000000701000000|100%| O|  |TAMS 0x0000000701000000, 0x0000000700e00000| Untracked 
|   8|0x0000000701000000, 0x0000000701200000, 0x0000000701200000|100%| O|  |TAMS 0x0000000701200000, 0x0000000701000000| Untracked 
|   9|0x0000000701200000, 0x0000000701400000, 0x0000000701400000|100%| O|  |TAMS 0x0000000701400000, 0x0000000701200000| Untracked 
|  10|0x0000000701400000, 0x0000000701600000, 0x0000000701600000|100%| O|  |TAMS 0x0000000701600000, 0x0000000701400000| Untracked 
|  11|0x0000000701600000, 0x0000000701800000, 0x0000000701800000|100%| O|  |TAMS 0x0000000701800000, 0x0000000701600000| Untracked 
|  12|0x0000000701800000, 0x0000000701a00000, 0x0000000701a00000|100%| O|  |TAMS 0x0000000701a00000, 0x0000000701800000| Untracked 
|  13|0x0000000701a00000, 0x0000000701c00000, 0x0000000701c00000|100%| O|  |TAMS 0x0000000701c00000, 0x0000000701a00000| Untracked 
|  14|0x0000000701c00000, 0x0000000701e00000, 0x0000000701e00000|100%| O|  |TAMS 0x0000000701e00000, 0x0000000701c00000| Untracked 
|  15|0x0000000701e00000, 0x0000000702000000, 0x0000000702000000|100%| O|  |TAMS 0x0000000702000000, 0x0000000701e00000| Untracked 
|  16|0x0000000702000000, 0x0000000702200000, 0x0000000702200000|100%| O|  |TAMS 0x0000000702200000, 0x0000000702000000| Untracked 
|  17|0x0000000702200000, 0x0000000702400000, 0x0000000702400000|100%| O|  |TAMS 0x0000000702400000, 0x0000000702200000| Untracked 
|  18|0x0000000702400000, 0x0000000702600000, 0x0000000702600000|100%| O|  |TAMS 0x0000000702600000, 0x0000000702400000| Untracked 
|  19|0x0000000702600000, 0x0000000702800000, 0x0000000702800000|100%|HS|  |TAMS 0x0000000702800000, 0x0000000702600000| Complete 
|  20|0x0000000702800000, 0x0000000702a00000, 0x0000000702a00000|100%|HS|  |TAMS 0x0000000702a00000, 0x0000000702800000| Complete 
|  21|0x0000000702a00000, 0x0000000702c00000, 0x0000000702c00000|100%|HC|  |TAMS 0x0000000702c00000, 0x0000000702a00000| Complete 
|  22|0x0000000702c00000, 0x0000000702e00000, 0x0000000702e00000|100%| O|  |TAMS 0x0000000702e00000, 0x0000000702c00000| Untracked 
|  23|0x0000000702e00000, 0x0000000703000000, 0x0000000703000000|100%| O|  |TAMS 0x0000000703000000, 0x0000000702e00000| Untracked 
|  24|0x0000000703000000, 0x0000000703200000, 0x0000000703200000|100%| O|  |TAMS 0x0000000703200000, 0x0000000703000000| Untracked 
|  25|0x0000000703200000, 0x0000000703400000, 0x0000000703400000|100%| O|  |TAMS 0x0000000703400000, 0x0000000703200000| Untracked 
|  26|0x0000000703400000, 0x0000000703400000, 0x0000000703600000|  0%| F|  |TAMS 0x0000000703400000, 0x0000000703400000| Untracked 
|  27|0x0000000703600000, 0x0000000703800000, 0x0000000703800000|100%| O|  |TAMS 0x0000000703800000, 0x0000000703600000| Untracked 
|  28|0x0000000703800000, 0x0000000703a00000, 0x0000000703a00000|100%| O|  |TAMS 0x0000000703a00000, 0x0000000703800000| Untracked 
|  29|0x0000000703a00000, 0x0000000703c00000, 0x0000000703c00000|100%| O|  |TAMS 0x0000000703c00000, 0x0000000703a00000| Untracked 
|  30|0x0000000703c00000, 0x0000000703e00000, 0x0000000703e00000|100%| O|  |TAMS 0x0000000703e00000, 0x0000000703c00000| Untracked 
|  31|0x0000000703e00000, 0x0000000704000000, 0x0000000704000000|100%| O|  |TAMS 0x0000000703e00000, 0x0000000703e00000| Untracked 
|  32|0x0000000704000000, 0x0000000704000000, 0x0000000704200000|  0%| F|  |TAMS 0x0000000704000000, 0x0000000704000000| Untracked 
|  33|0x0000000704200000, 0x0000000704400000, 0x0000000704400000|100%| O|  |TAMS 0x0000000704200000, 0x0000000704200000| Untracked 
|  34|0x0000000704400000, 0x0000000704400000, 0x0000000704600000|  0%| F|  |TAMS 0x0000000704400000, 0x0000000704400000| Untracked 
|  35|0x0000000704600000, 0x0000000704658800, 0x0000000704800000| 17%| O|  |TAMS 0x0000000704600000, 0x0000000704600000| Untracked 
|  36|0x0000000704800000, 0x0000000704800000, 0x0000000704a00000|  0%| F|  |TAMS 0x0000000704800000, 0x0000000704800000| Untracked 
|  37|0x0000000704a00000, 0x0000000704a00000, 0x0000000704c00000|  0%| F|  |TAMS 0x0000000704a00000, 0x0000000704a00000| Untracked 
|  38|0x0000000704c00000, 0x0000000704c00000, 0x0000000704e00000|  0%| F|  |TAMS 0x0000000704c00000, 0x0000000704c00000| Untracked 
|  39|0x0000000704e00000, 0x0000000704e00000, 0x0000000705000000|  0%| F|  |TAMS 0x0000000704e00000, 0x0000000704e00000| Untracked 
|  40|0x0000000705000000, 0x0000000705200000, 0x0000000705200000|100%| O|  |TAMS 0x0000000705200000, 0x0000000705000000| Untracked 
|  41|0x0000000705200000, 0x0000000705400000, 0x0000000705400000|100%| O|  |TAMS 0x0000000705400000, 0x0000000705200000| Untracked 
|  42|0x0000000705400000, 0x0000000705600000, 0x0000000705600000|100%| O|  |TAMS 0x0000000705600000, 0x0000000705400000| Untracked 
|  43|0x0000000705600000, 0x0000000705800000, 0x0000000705800000|100%| O|  |TAMS 0x0000000705800000, 0x0000000705600000| Untracked 
|  44|0x0000000705800000, 0x0000000705a00000, 0x0000000705a00000|100%| O|  |TAMS 0x0000000705a00000, 0x0000000705800000| Untracked 
|  45|0x0000000705a00000, 0x0000000705a00000, 0x0000000705c00000|  0%| F|  |TAMS 0x0000000705a00000, 0x0000000705a00000| Untracked 
|  46|0x0000000705c00000, 0x0000000705c00000, 0x0000000705e00000|  0%| F|  |TAMS 0x0000000705c00000, 0x0000000705c00000| Untracked 
|  47|0x0000000705e00000, 0x0000000705e00000, 0x0000000706000000|  0%| F|  |TAMS 0x0000000705e00000, 0x0000000705e00000| Untracked 
|  48|0x0000000706000000, 0x0000000706200000, 0x0000000706200000|100%| O|  |TAMS 0x0000000706000000, 0x0000000706000000| Untracked 
|  49|0x0000000706200000, 0x0000000706200000, 0x0000000706400000|  0%| F|  |TAMS 0x0000000706200000, 0x0000000706200000| Untracked 
|  50|0x0000000706400000, 0x0000000706400000, 0x0000000706600000|  0%| F|  |TAMS 0x0000000706400000, 0x0000000706400000| Untracked 
|  51|0x0000000706600000, 0x0000000706600000, 0x0000000706800000|  0%| F|  |TAMS 0x0000000706600000, 0x0000000706600000| Untracked 
|  52|0x0000000706800000, 0x0000000706800000, 0x0000000706a00000|  0%| F|  |TAMS 0x0000000706800000, 0x0000000706800000| Untracked 
|  53|0x0000000706a00000, 0x0000000706c00000, 0x0000000706c00000|100%| O|  |TAMS 0x0000000706c00000, 0x0000000706a00000| Untracked 
|  54|0x0000000706c00000, 0x0000000706e00000, 0x0000000706e00000|100%| O|  |TAMS 0x0000000706e00000, 0x0000000706c00000| Untracked 
|  55|0x0000000706e00000, 0x0000000706e00000, 0x0000000707000000|  0%| F|  |TAMS 0x0000000706e00000, 0x0000000706e00000| Untracked 
|  56|0x0000000707000000, 0x0000000707000000, 0x0000000707200000|  0%| F|  |TAMS 0x0000000707000000, 0x0000000707000000| Untracked 
|  57|0x0000000707200000, 0x0000000707400000, 0x0000000707400000|100%| O|  |TAMS 0x0000000707400000, 0x0000000707200000| Untracked 
|  58|0x0000000707400000, 0x0000000707600000, 0x0000000707600000|100%| O|  |TAMS 0x0000000707600000, 0x0000000707400000| Untracked 
|  59|0x0000000707600000, 0x0000000707600000, 0x0000000707800000|  0%| F|  |TAMS 0x0000000707600000, 0x0000000707600000| Untracked 
|  60|0x0000000707800000, 0x0000000707a00000, 0x0000000707a00000|100%| O|  |TAMS 0x0000000707a00000, 0x0000000707800000| Untracked 
|  61|0x0000000707a00000, 0x0000000707a00000, 0x0000000707c00000|  0%| F|  |TAMS 0x0000000707a00000, 0x0000000707a00000| Untracked 
|  62|0x0000000707c00000, 0x0000000707e00000, 0x0000000707e00000|100%| O|  |TAMS 0x0000000707d0ca00, 0x0000000707c00000| Untracked 
|  63|0x0000000707e00000, 0x0000000708000000, 0x0000000708000000|100%| O|  |TAMS 0x0000000707e00000, 0x0000000707e00000| Untracked 
|  64|0x0000000708000000, 0x0000000708200000, 0x0000000708200000|100%| O|  |TAMS 0x0000000708000000, 0x0000000708000000| Untracked 
|  65|0x0000000708200000, 0x0000000708200000, 0x0000000708400000|  0%| F|  |TAMS 0x0000000708200000, 0x0000000708200000| Untracked 
|  66|0x0000000708400000, 0x0000000708400000, 0x0000000708600000|  0%| F|  |TAMS 0x0000000708400000, 0x0000000708400000| Untracked 
|  67|0x0000000708600000, 0x0000000708800000, 0x0000000708800000|100%| O|  |TAMS 0x0000000708600000, 0x0000000708600000| Untracked 
|  68|0x0000000708800000, 0x0000000708a00000, 0x0000000708a00000|100%| O|  |TAMS 0x0000000708800000, 0x0000000708800000| Untracked 
|  69|0x0000000708a00000, 0x0000000708c00000, 0x0000000708c00000|100%| O|  |TAMS 0x0000000708a00000, 0x0000000708a00000| Untracked 
|  70|0x0000000708c00000, 0x0000000708e00000, 0x0000000708e00000|100%| O|  |TAMS 0x0000000708c00000, 0x0000000708c00000| Untracked 
|  71|0x0000000708e00000, 0x0000000709000000, 0x0000000709000000|100%| O|  |TAMS 0x0000000708e00000, 0x0000000708e00000| Untracked 
|  72|0x0000000709000000, 0x0000000709200000, 0x0000000709200000|100%| O|  |TAMS 0x0000000709000000, 0x0000000709000000| Untracked 
|  73|0x0000000709200000, 0x0000000709400000, 0x0000000709400000|100%| O|  |TAMS 0x0000000709200000, 0x0000000709200000| Untracked 
|  74|0x0000000709400000, 0x0000000709400000, 0x0000000709600000|  0%| F|  |TAMS 0x0000000709400000, 0x0000000709400000| Untracked 
|  75|0x0000000709600000, 0x0000000709600000, 0x0000000709800000|  0%| F|  |TAMS 0x0000000709600000, 0x0000000709600000| Untracked 
|  76|0x0000000709800000, 0x0000000709800000, 0x0000000709a00000|  0%| F|  |TAMS 0x0000000709800000, 0x0000000709800000| Untracked 
|  77|0x0000000709a00000, 0x0000000709a00000, 0x0000000709c00000|  0%| F|  |TAMS 0x0000000709a00000, 0x0000000709a00000| Untracked 
|  78|0x0000000709c00000, 0x0000000709c00000, 0x0000000709e00000|  0%| F|  |TAMS 0x0000000709c00000, 0x0000000709c00000| Untracked 
|  79|0x0000000709e00000, 0x0000000709e00000, 0x000000070a000000|  0%| F|  |TAMS 0x0000000709e00000, 0x0000000709e00000| Untracked 
|  80|0x000000070a000000, 0x000000070a000000, 0x000000070a200000|  0%| F|  |TAMS 0x000000070a000000, 0x000000070a000000| Untracked 
|  81|0x000000070a200000, 0x000000070a345330, 0x000000070a400000| 63%| E|  |TAMS 0x000000070a200000, 0x000000070a200000| Complete 
|  82|0x000000070a400000, 0x000000070a600000, 0x000000070a600000|100%| E|CS|TAMS 0x000000070a400000, 0x000000070a400000| Complete 
|  83|0x000000070a600000, 0x000000070a800000, 0x000000070a800000|100%| E|CS|TAMS 0x000000070a600000, 0x000000070a600000| Complete 
|  84|0x000000070a800000, 0x000000070aa00000, 0x000000070aa00000|100%| E|CS|TAMS 0x000000070a800000, 0x000000070a800000| Complete 
|  85|0x000000070aa00000, 0x000000070ac00000, 0x000000070ac00000|100%| E|CS|TAMS 0x000000070aa00000, 0x000000070aa00000| Complete 
|  86|0x000000070ac00000, 0x000000070ae00000, 0x000000070ae00000|100%| E|CS|TAMS 0x000000070ac00000, 0x000000070ac00000| Complete 
|  87|0x000000070ae00000, 0x000000070b000000, 0x000000070b000000|100%| E|CS|TAMS 0x000000070ae00000, 0x000000070ae00000| Complete 
|  88|0x000000070b000000, 0x000000070b200000, 0x000000070b200000|100%| E|CS|TAMS 0x000000070b000000, 0x000000070b000000| Complete 
|  89|0x000000070b200000, 0x000000070b400000, 0x000000070b400000|100%| E|CS|TAMS 0x000000070b200000, 0x000000070b200000| Complete 
|  90|0x000000070b400000, 0x000000070b600000, 0x000000070b600000|100%| E|CS|TAMS 0x000000070b400000, 0x000000070b400000| Complete 
|  91|0x000000070b600000, 0x000000070b800000, 0x000000070b800000|100%| E|  |TAMS 0x000000070b600000, 0x000000070b600000| Complete 
|  92|0x000000070b800000, 0x000000070ba00000, 0x000000070ba00000|100%| E|CS|TAMS 0x000000070b800000, 0x000000070b800000| Complete 
|  93|0x000000070ba00000, 0x000000070bc00000, 0x000000070bc00000|100%| E|CS|TAMS 0x000000070ba00000, 0x000000070ba00000| Complete 
|  94|0x000000070bc00000, 0x000000070be00000, 0x000000070be00000|100%| E|CS|TAMS 0x000000070bc00000, 0x000000070bc00000| Complete 
|  95|0x000000070be00000, 0x000000070c000000, 0x000000070c000000|100%| E|CS|TAMS 0x000000070be00000, 0x000000070be00000| Complete 
|  96|0x000000070c000000, 0x000000070c200000, 0x000000070c200000|100%| E|CS|TAMS 0x000000070c000000, 0x000000070c000000| Complete 
|  97|0x000000070c200000, 0x000000070c400000, 0x000000070c400000|100%| E|CS|TAMS 0x000000070c200000, 0x000000070c200000| Complete 
|  98|0x000000070c400000, 0x000000070c600000, 0x000000070c600000|100%| E|CS|TAMS 0x000000070c400000, 0x000000070c400000| Complete 
|  99|0x000000070c600000, 0x000000070c800000, 0x000000070c800000|100%| E|CS|TAMS 0x000000070c600000, 0x000000070c600000| Complete 
| 100|0x000000070c800000, 0x000000070ca00000, 0x000000070ca00000|100%| E|CS|TAMS 0x000000070c800000, 0x000000070c800000| Complete 
| 101|0x000000070ca00000, 0x000000070cc00000, 0x000000070cc00000|100%| E|CS|TAMS 0x000000070ca00000, 0x000000070ca00000| Complete 
| 102|0x000000070cc00000, 0x000000070ce00000, 0x000000070ce00000|100%| E|CS|TAMS 0x000000070cc00000, 0x000000070cc00000| Complete 
| 103|0x000000070ce00000, 0x000000070d000000, 0x000000070d000000|100%| E|CS|TAMS 0x000000070ce00000, 0x000000070ce00000| Complete 
| 104|0x000000070d000000, 0x000000070d200000, 0x000000070d200000|100%| E|CS|TAMS 0x000000070d000000, 0x000000070d000000| Complete 
| 105|0x000000070d200000, 0x000000070d400000, 0x000000070d400000|100%| E|CS|TAMS 0x000000070d200000, 0x000000070d200000| Complete 
| 106|0x000000070d400000, 0x000000070d600000, 0x000000070d600000|100%| E|CS|TAMS 0x000000070d400000, 0x000000070d400000| Complete 
| 107|0x000000070d600000, 0x000000070d800000, 0x000000070d800000|100%| E|CS|TAMS 0x000000070d600000, 0x000000070d600000| Complete 
| 108|0x000000070d800000, 0x000000070da00000, 0x000000070da00000|100%| E|CS|TAMS 0x000000070d800000, 0x000000070d800000| Complete 
| 109|0x000000070da00000, 0x000000070dc00000, 0x000000070dc00000|100%| E|CS|TAMS 0x000000070da00000, 0x000000070da00000| Complete 
| 110|0x000000070dc00000, 0x000000070de00000, 0x000000070de00000|100%| E|CS|TAMS 0x000000070dc00000, 0x000000070dc00000| Complete 
| 111|0x000000070de00000, 0x000000070e000000, 0x000000070e000000|100%| E|CS|TAMS 0x000000070de00000, 0x000000070de00000| Complete 
| 112|0x000000070e000000, 0x000000070e200000, 0x000000070e200000|100%| E|CS|TAMS 0x000000070e000000, 0x000000070e000000| Complete 
| 113|0x000000070e200000, 0x000000070e400000, 0x000000070e400000|100%| E|CS|TAMS 0x000000070e200000, 0x000000070e200000| Complete 
| 114|0x000000070e400000, 0x000000070e600000, 0x000000070e600000|100%| E|CS|TAMS 0x000000070e400000, 0x000000070e400000| Complete 
| 115|0x000000070e600000, 0x000000070e800000, 0x000000070e800000|100%| E|CS|TAMS 0x000000070e600000, 0x000000070e600000| Complete 
| 116|0x000000070e800000, 0x000000070ea00000, 0x000000070ea00000|100%| E|CS|TAMS 0x000000070e800000, 0x000000070e800000| Complete 
| 117|0x000000070ea00000, 0x000000070ec00000, 0x000000070ec00000|100%| E|CS|TAMS 0x000000070ea00000, 0x000000070ea00000| Complete 
| 118|0x000000070ec00000, 0x000000070ee00000, 0x000000070ee00000|100%| E|CS|TAMS 0x000000070ec00000, 0x000000070ec00000| Complete 
| 119|0x000000070ee00000, 0x000000070f000000, 0x000000070f000000|100%| E|CS|TAMS 0x000000070ee00000, 0x000000070ee00000| Complete 
| 120|0x000000070f000000, 0x000000070f200000, 0x000000070f200000|100%| E|CS|TAMS 0x000000070f000000, 0x000000070f000000| Complete 
| 121|0x000000070f200000, 0x000000070f400000, 0x000000070f400000|100%| E|CS|TAMS 0x000000070f200000, 0x000000070f200000| Complete 
| 122|0x000000070f400000, 0x000000070f600000, 0x000000070f600000|100%| E|CS|TAMS 0x000000070f400000, 0x000000070f400000| Complete 
| 123|0x000000070f600000, 0x000000070f800000, 0x000000070f800000|100%| E|CS|TAMS 0x000000070f600000, 0x000000070f600000| Complete 
| 124|0x000000070f800000, 0x000000070fa00000, 0x000000070fa00000|100%| E|CS|TAMS 0x000000070f800000, 0x000000070f800000| Complete 
| 125|0x000000070fa00000, 0x000000070fc00000, 0x000000070fc00000|100%| E|CS|TAMS 0x000000070fa00000, 0x000000070fa00000| Complete 
| 126|0x000000070fc00000, 0x000000070fe00000, 0x000000070fe00000|100%| E|CS|TAMS 0x000000070fc00000, 0x000000070fc00000| Complete 
| 127|0x000000070fe00000, 0x0000000710000000, 0x0000000710000000|100%| E|CS|TAMS 0x000000070fe00000, 0x000000070fe00000| Complete 
| 128|0x0000000710000000, 0x0000000710200000, 0x0000000710200000|100%| E|CS|TAMS 0x0000000710000000, 0x0000000710000000| Complete 
| 129|0x0000000710200000, 0x0000000710400000, 0x0000000710400000|100%| E|CS|TAMS 0x0000000710200000, 0x0000000710200000| Complete 
| 130|0x0000000710400000, 0x0000000710600000, 0x0000000710600000|100%| E|CS|TAMS 0x0000000710400000, 0x0000000710400000| Complete 
| 131|0x0000000710600000, 0x0000000710800000, 0x0000000710800000|100%| E|CS|TAMS 0x0000000710600000, 0x0000000710600000| Complete 
| 132|0x0000000710800000, 0x0000000710a00000, 0x0000000710a00000|100%| E|CS|TAMS 0x0000000710800000, 0x0000000710800000| Complete 
| 133|0x0000000710a00000, 0x0000000710c00000, 0x0000000710c00000|100%| E|CS|TAMS 0x0000000710a00000, 0x0000000710a00000| Complete 
| 134|0x0000000710c00000, 0x0000000710e00000, 0x0000000710e00000|100%| E|CS|TAMS 0x0000000710c00000, 0x0000000710c00000| Complete 
| 135|0x0000000710e00000, 0x0000000711000000, 0x0000000711000000|100%| E|CS|TAMS 0x0000000710e00000, 0x0000000710e00000| Complete 
| 136|0x0000000711000000, 0x0000000711200000, 0x0000000711200000|100%| E|CS|TAMS 0x0000000711000000, 0x0000000711000000| Complete 
| 137|0x0000000711200000, 0x0000000711400000, 0x0000000711400000|100%| E|CS|TAMS 0x0000000711200000, 0x0000000711200000| Complete 
| 138|0x0000000711400000, 0x0000000711600000, 0x0000000711600000|100%| E|CS|TAMS 0x0000000711400000, 0x0000000711400000| Complete 
| 139|0x0000000711600000, 0x0000000711800000, 0x0000000711800000|100%| E|CS|TAMS 0x0000000711600000, 0x0000000711600000| Complete 
| 140|0x0000000711800000, 0x0000000711a00000, 0x0000000711a00000|100%| E|CS|TAMS 0x0000000711800000, 0x0000000711800000| Complete 
| 141|0x0000000711a00000, 0x0000000711c00000, 0x0000000711c00000|100%| E|CS|TAMS 0x0000000711a00000, 0x0000000711a00000| Complete 
| 142|0x0000000711c00000, 0x0000000711e00000, 0x0000000711e00000|100%| E|CS|TAMS 0x0000000711c00000, 0x0000000711c00000| Complete 
| 143|0x0000000711e00000, 0x0000000712000000, 0x0000000712000000|100%| E|CS|TAMS 0x0000000711e00000, 0x0000000711e00000| Complete 
| 144|0x0000000712000000, 0x0000000712200000, 0x0000000712200000|100%| E|CS|TAMS 0x0000000712000000, 0x0000000712000000| Complete 
| 145|0x0000000712200000, 0x0000000712400000, 0x0000000712400000|100%| E|CS|TAMS 0x0000000712200000, 0x0000000712200000| Complete 
| 146|0x0000000712400000, 0x0000000712600000, 0x0000000712600000|100%| E|CS|TAMS 0x0000000712400000, 0x0000000712400000| Complete 
| 147|0x0000000712600000, 0x0000000712800000, 0x0000000712800000|100%| E|CS|TAMS 0x0000000712600000, 0x0000000712600000| Complete 
| 148|0x0000000712800000, 0x0000000712a00000, 0x0000000712a00000|100%| E|CS|TAMS 0x0000000712800000, 0x0000000712800000| Complete 
| 149|0x0000000712a00000, 0x0000000712c00000, 0x0000000712c00000|100%| E|CS|TAMS 0x0000000712a00000, 0x0000000712a00000| Complete 
| 150|0x0000000712c00000, 0x0000000712e00000, 0x0000000712e00000|100%| E|CS|TAMS 0x0000000712c00000, 0x0000000712c00000| Complete 
| 151|0x0000000712e00000, 0x0000000713000000, 0x0000000713000000|100%| E|CS|TAMS 0x0000000712e00000, 0x0000000712e00000| Complete 
| 152|0x0000000713000000, 0x0000000713200000, 0x0000000713200000|100%| E|CS|TAMS 0x0000000713000000, 0x0000000713000000| Complete 
| 153|0x0000000713200000, 0x0000000713400000, 0x0000000713400000|100%| E|CS|TAMS 0x0000000713200000, 0x0000000713200000| Complete 
| 154|0x0000000713400000, 0x0000000713600000, 0x0000000713600000|100%| E|CS|TAMS 0x0000000713400000, 0x0000000713400000| Complete 
| 155|0x0000000713600000, 0x0000000713800000, 0x0000000713800000|100%| E|CS|TAMS 0x0000000713600000, 0x0000000713600000| Complete 
| 156|0x0000000713800000, 0x0000000713a00000, 0x0000000713a00000|100%| E|CS|TAMS 0x0000000713800000, 0x0000000713800000| Complete 
| 157|0x0000000713a00000, 0x0000000713c00000, 0x0000000713c00000|100%| E|CS|TAMS 0x0000000713a00000, 0x0000000713a00000| Complete 
| 158|0x0000000713c00000, 0x0000000713d10738, 0x0000000713e00000| 53%| S|CS|TAMS 0x0000000713c00000, 0x0000000713c00000| Complete 
| 159|0x0000000713e00000, 0x0000000714000000, 0x0000000714000000|100%| E|CS|TAMS 0x0000000713e00000, 0x0000000713e00000| Complete 
| 160|0x0000000714000000, 0x0000000714200000, 0x0000000714200000|100%| E|CS|TAMS 0x0000000714000000, 0x0000000714000000| Complete 
| 161|0x0000000714200000, 0x0000000714400000, 0x0000000714400000|100%| E|CS|TAMS 0x0000000714200000, 0x0000000714200000| Complete 
| 162|0x0000000714400000, 0x0000000714600000, 0x0000000714600000|100%| E|CS|TAMS 0x0000000714400000, 0x0000000714400000| Complete 
| 163|0x0000000714600000, 0x0000000714800000, 0x0000000714800000|100%| E|CS|TAMS 0x0000000714600000, 0x0000000714600000| Complete 
| 164|0x0000000714800000, 0x0000000714a00000, 0x0000000714a00000|100%| E|CS|TAMS 0x0000000714800000, 0x0000000714800000| Complete 
| 165|0x0000000714a00000, 0x0000000714c00000, 0x0000000714c00000|100%| E|CS|TAMS 0x0000000714a00000, 0x0000000714a00000| Complete 
| 166|0x0000000714c00000, 0x0000000714e00000, 0x0000000714e00000|100%| E|CS|TAMS 0x0000000714c00000, 0x0000000714c00000| Complete 

Card table byte_map: [0x00000261a6820000,0x00000261a7020000] _byte_map_base: 0x00000261a3020000

Marking Bits (Prev, Next): (CMBitMap*) 0x00000261938b50b0, (CMBitMap*) 0x00000261938b50f0
 Prev Bits: [0x00000261a7820000, 0x00000261ab820000)
 Next Bits: [0x00000261ab820000, 0x00000261af820000)

Polling page: 0x0000026191830000

Metaspace:

Usage:
  Non-class:    101.62 MB used.
      Class:     15.64 MB used.
       Both:    117.27 MB used.

Virtual space:
  Non-class space:      104.00 MB reserved,     102.06 MB ( 98%) committed,  13 nodes.
      Class space:        1.00 GB reserved,      16.12 MB (  2%) committed,  1 nodes.
             Both:        1.10 GB reserved,     118.19 MB ( 10%) committed. 

Chunk freelists:
   Non-Class:  1.25 MB
       Class:  3.79 MB
        Both:  5.04 MB

MaxMetaspaceSize: unlimited
CompressedClassSpaceSize: 1.00 GB
Initial GC threshold: 21.00 MB
Current GC threshold: 195.62 MB
CDS: off
MetaspaceReclaimPolicy: balanced
 - commit_granule_bytes: 65536.
 - commit_granule_words: 8192.
 - virtual_space_node_default_size: 1048576.
 - enlarge_chunks_in_place: 1.
 - new_chunks_are_fully_committed: 0.
 - uncommit_free_chunks: 1.
 - use_allocation_guard: 0.
 - handle_deallocations: 1.


Internal statistics:

num_allocs_failed_limit: 11.
num_arena_births: 1640.
num_arena_deaths: 432.
num_vsnodes_births: 14.
num_vsnodes_deaths: 0.
num_space_committed: 1891.
num_space_uncommitted: 0.
num_chunks_returned_to_freelist: 559.
num_chunks_taken_from_freelist: 6457.
num_chunk_merges: 174.
num_chunk_splits: 3996.
num_chunks_enlarged: 2461.
num_purges: 4.
num_inconsistent_stats: 0.

CodeHeap 'non-profiled nmethods': size=120000Kb used=9982Kb max_used=9982Kb free=110017Kb
 bounds [0x000002619e7c0000, 0x000002619f180000, 0x00000261a5cf0000]
CodeHeap 'profiled nmethods': size=120000Kb used=29068Kb max_used=29068Kb free=90931Kb
 bounds [0x0000026196cf0000, 0x0000026198960000, 0x000002619e220000]
CodeHeap 'non-nmethods': size=5760Kb used=2468Kb max_used=2583Kb free=3291Kb
 bounds [0x000002619e220000, 0x000002619e4b0000, 0x000002619e7c0000]
 total_blobs=16278 nmethods=15266 adapters=923
 compilation: enabled
              stopped_count=0, restarted_count=0
 full_count=0

Compilation events (20 events):
Event: 8888.213 Thread 0x00000261b2c74910 18379       3       org.gradle.internal.operations.logging.LoggingBuildOperationProgressBroadcaster::emit (14 bytes)
Event: 8888.213 Thread 0x00000261b2c74910 nmethod 18379 0x000002619894f890 code [0x000002619894fa40, 0x000002619894fc48]
Event: 8888.213 Thread 0x00000261b2c74910 18380   !   3       java.nio.charset.Charset::defaultCharset (53 bytes)
Event: 8888.214 Thread 0x00000261b2c74910 nmethod 18380 0x000002619894fd90 code [0x0000026198950060, 0x0000026198950f18]
Event: 8888.214 Thread 0x00000261b2c74910 18381       2       org.gradle.internal.logging.console.BuildLogLevelFilterRenderer::onOutput (53 bytes)
Event: 8888.215 Thread 0x00000261b2c74910 nmethod 18381 0x0000026198951410 code [0x00000261989515e0, 0x00000261989518d8]
Event: 8888.215 Thread 0x00000261b2c74910 18383       1       org.gradle.internal.logging.events.StyledTextOutputEvent$Span::access$000 (5 bytes)
Event: 8888.215 Thread 0x00000261b2c74910 nmethod 18383 0x000002619f17d810 code [0x000002619f17d9a0, 0x000002619f17da58]
Event: 8888.215 Thread 0x00000261b2c74910 18384       1       org.gradle.internal.logging.events.StyledTextOutputEvent$Span::access$100 (5 bytes)
Event: 8888.215 Thread 0x00000261b2c74910 nmethod 18384 0x000002619f17db10 code [0x000002619f17dca0, 0x000002619f17dd58]
Event: 8888.215 Thread 0x00000261b2c74910 18382       3       org.gradle.tooling.internal.provider.runner.ClientBuildEventGenerator::progress (36 bytes)
Event: 8888.215 Thread 0x00000261b2c74910 nmethod 18382 0x0000026198951a10 code [0x0000026198951be0, 0x00000261989520c8]
Event: 8888.216 Thread 0x00000261b2c74910 18386       3       org.gradle.internal.logging.services.TextStreamOutputEventListener::onOutput (45 bytes)
Event: 8888.216 Thread 0x00000261b2c74910 nmethod 18386 0x0000026198952210 code [0x0000026198952400, 0x0000026198952bb8]
Event: 8888.216 Thread 0x00000261b2c74910 18387       3       org.gradle.internal.logging.console.StyledTextOutputBackedRenderer$OutputEventTextOutputImpl::doStyleChange (12 bytes)
Event: 8888.216 Thread 0x00000261b2c74910 nmethod 18387 0x0000026198952d90 code [0x0000026198952f40, 0x0000026198953128]
Event: 8888.216 Thread 0x00000261b2c74910 18388       3       org.gradle.internal.logging.text.AbstractStyledTextOutput::doStyleChange (1 bytes)
Event: 8888.217 Thread 0x00000261b2c74910 nmethod 18388 0x0000026198953210 code [0x00000261989533a0, 0x00000261989534b8]
Event: 8888.220 Thread 0x00000261b2c6fff0 nmethod 18366 0x000002619f17de10 code [0x000002619f17e020, 0x000002619f17ea18]
Event: 8888.220 Thread 0x00000261b2c6fff0 18377       4       org.gradle.internal.logging.text.AbstractLineChoppingStyledTextOutput$1::execute (140 bytes)

GC Heap History (20 events):
Event: 30.332 GC heap before
{Heap before GC invocations=47 (full 0):
 garbage-first heap   total 270336K, used 248995K [0x0000000700000000, 0x0000000800000000)
  region size 2048K, 23 young (47104K), 4 survivors (8192K)
 Metaspace       used 113074K, committed 113920K, reserved 1155072K
  class space    used 15391K, committed 15808K, reserved 1048576K
}
Event: 30.341 GC heap after
{Heap after GC invocations=48 (full 0):
 garbage-first heap   total 270336K, used 217482K [0x0000000700000000, 0x0000000800000000)
  region size 2048K, 4 young (8192K), 4 survivors (8192K)
 Metaspace       used 113074K, committed 113920K, reserved 1155072K
  class space    used 15391K, committed 15808K, reserved 1048576K
}
Event: 30.375 GC heap before
{Heap before GC invocations=48 (full 0):
 garbage-first heap   total 270336K, used 221578K [0x0000000700000000, 0x0000000800000000)
  region size 2048K, 7 young (14336K), 4 survivors (8192K)
 Metaspace       used 113096K, committed 113984K, reserved 1155072K
  class space    used 15391K, committed 15808K, reserved 1048576K
}
Event: 30.382 GC heap after
{Heap after GC invocations=49 (full 0):
 garbage-first heap   total 325632K, used 217678K [0x0000000700000000, 0x0000000800000000)
  region size 2048K, 1 young (2048K), 1 survivors (2048K)
 Metaspace       used 113096K, committed 113984K, reserved 1155072K
  class space    used 15391K, committed 15808K, reserved 1048576K
}
Event: 32.617 GC heap before
{Heap before GC invocations=49 (full 0):
 garbage-first heap   total 325632K, used 258638K [0x0000000700000000, 0x0000000800000000)
  region size 2048K, 23 young (47104K), 1 survivors (2048K)
 Metaspace       used 114937K, committed 115840K, reserved 1155072K
  class space    used 15650K, committed 16064K, reserved 1048576K
}
Event: 32.628 GC heap after
{Heap after GC invocations=50 (full 0):
 garbage-first heap   total 325632K, used 220222K [0x0000000700000000, 0x0000000800000000)
  region size 2048K, 2 young (4096K), 2 survivors (4096K)
 Metaspace       used 114937K, committed 115840K, reserved 1155072K
  class space    used 15650K, committed 16064K, reserved 1048576K
}
Event: 34.398 GC heap before
{Heap before GC invocations=51 (full 0):
 garbage-first heap   total 342016K, used 328766K [0x0000000700000000, 0x0000000800000000)
  region size 2048K, 17 young (34816K), 2 survivors (4096K)
 Metaspace       used 118000K, committed 118912K, reserved 1155072K
  class space    used 15952K, committed 16384K, reserved 1048576K
}
Event: 34.404 GC heap after
{Heap after GC invocations=52 (full 0):
 garbage-first heap   total 342016K, used 131297K [0x0000000700000000, 0x0000000800000000)
  region size 2048K, 3 young (6144K), 3 survivors (6144K)
 Metaspace       used 118000K, committed 118912K, reserved 1155072K
  class space    used 15952K, committed 16384K, reserved 1048576K
}
Event: 201.947 GC heap before
{Heap before GC invocations=52 (full 0):
 garbage-first heap   total 342016K, used 139489K [0x0000000700000000, 0x0000000800000000)
  region size 2048K, 8 young (16384K), 3 survivors (6144K)
 Metaspace       used 119017K, committed 120000K, reserved 1155072K
  class space    used 16009K, committed 16512K, reserved 1048576K
}
Event: 202.014 GC heap after
{Heap after GC invocations=53 (full 0):
 garbage-first heap   total 342016K, used 130939K [0x0000000700000000, 0x0000000800000000)
  region size 2048K, 1 young (2048K), 1 survivors (2048K)
 Metaspace       used 119017K, committed 120000K, reserved 1155072K
  class space    used 16009K, committed 16512K, reserved 1048576K
}
Event: 4081.927 GC heap before
{Heap before GC invocations=53 (full 0):
 garbage-first heap   total 342016K, used 276347K [0x0000000700000000, 0x0000000800000000)
  region size 2048K, 72 young (147456K), 1 survivors (2048K)
 Metaspace       used 119241K, committed 120192K, reserved 1155072K
  class space    used 16010K, committed 16512K, reserved 1048576K
}
Event: 4081.953 GC heap after
{Heap after GC invocations=54 (full 0):
 garbage-first heap   total 342016K, used 130351K [0x0000000700000000, 0x0000000800000000)
  region size 2048K, 1 young (2048K), 1 survivors (2048K)
 Metaspace       used 119241K, committed 120192K, reserved 1155072K
  class space    used 16010K, committed 16512K, reserved 1048576K
}
Event: 8501.567 GC heap before
{Heap before GC invocations=54 (full 0):
 garbage-first heap   total 342016K, used 294191K [0x0000000700000000, 0x0000000800000000)
  region size 2048K, 81 young (165888K), 1 survivors (2048K)
 Metaspace       used 119244K, committed 120192K, reserved 1155072K
  class space    used 16010K, committed 16512K, reserved 1048576K
}
Event: 8501.667 GC heap after
{Heap after GC invocations=55 (full 0):
 garbage-first heap   total 342016K, used 130212K [0x0000000700000000, 0x0000000800000000)
  region size 2048K, 1 young (2048K), 1 survivors (2048K)
 Metaspace       used 119244K, committed 120192K, reserved 1155072K
  class space    used 16010K, committed 16512K, reserved 1048576K
}
Event: 8882.160 GC heap before
{Heap before GC invocations=56 (full 0):
 garbage-first heap   total 342016K, used 294052K [0x0000000700000000, 0x0000000800000000)
  region size 2048K, 82 young (167936K), 1 survivors (2048K)
 Metaspace       used 119321K, committed 120320K, reserved 1155072K
  class space    used 15928K, committed 16512K, reserved 1048576K
}
Event: 8882.194 GC heap after
{Heap after GC invocations=57 (full 0):
 garbage-first heap   total 342016K, used 139733K [0x0000000700000000, 0x0000000800000000)
  region size 2048K, 5 young (10240K), 5 survivors (10240K)
 Metaspace       used 119321K, committed 120320K, reserved 1155072K
  class space    used 15928K, committed 16512K, reserved 1048576K
}
Event: 8882.227 GC heap before
{Heap before GC invocations=57 (full 0):
 garbage-first heap   total 342016K, used 145877K [0x0000000700000000, 0x0000000800000000)
  region size 2048K, 8 young (16384K), 5 survivors (10240K)
 Metaspace       used 119321K, committed 120320K, reserved 1155072K
  class space    used 15928K, committed 16512K, reserved 1048576K
}
Event: 8882.376 GC heap after
{Heap after GC invocations=58 (full 0):
 garbage-first heap   total 342016K, used 116764K [0x0000000700000000, 0x0000000800000000)
  region size 2048K, 1 young (2048K), 1 survivors (2048K)
 Metaspace       used 119321K, committed 120320K, reserved 1155072K
  class space    used 15928K, committed 16512K, reserved 1048576K
}
Event: 8882.422 GC heap before
{Heap before GC invocations=58 (full 0):
 garbage-first heap   total 342016K, used 131100K [0x0000000700000000, 0x0000000800000000)
  region size 2048K, 8 young (16384K), 1 survivors (2048K)
 Metaspace       used 119360K, committed 120384K, reserved 1155072K
  class space    used 15940K, committed 16512K, reserved 1048576K
}
Event: 8882.439 GC heap after
{Heap after GC invocations=59 (full 0):
 garbage-first heap   total 342016K, used 109987K [0x0000000700000000, 0x0000000800000000)
  region size 2048K, 1 young (2048K), 1 survivors (2048K)
 Metaspace       used 119360K, committed 120384K, reserved 1155072K
  class space    used 15940K, committed 16512K, reserved 1048576K
}

Dll operation events (2 events):
Event: 0.006 Loaded shared library C:\Program Files\Android\Android Studio\jbr\bin\java.dll
Event: 0.290 Loaded shared library C:\Program Files\Android\Android Studio\jbr\bin\verify.dll

Deoptimization events (20 events):
Event: 8888.182 Thread 0x00000261b94fc520 Uncommon trap: trap_request=0xffffff45 fr.pc=0x000002619ef977f0 relative=0x0000000000002b90
Event: 8888.182 Thread 0x00000261b94fc520 Uncommon trap: reason=unstable_if action=reinterpret pc=0x000002619ef977f0 method=org.gradle.internal.logging.text.AbstractLineChoppingStyledTextOutput$2.execute(Lorg/gradle/internal/logging/text/AbstractLineChoppingStyledTextOutput$StateContext;)V @ 34 c
Event: 8888.182 Thread 0x00000261b94fc520 DEOPT PACKING pc=0x000002619ef977f0 sp=0x000000e468efe580
Event: 8888.182 Thread 0x00000261b94fc520 DEOPT UNPACKING pc=0x000002619e2769a3 sp=0x000000e468efe458 mode 2
Event: 8888.182 Thread 0x00000261b94fc520 Uncommon trap: trap_request=0xffffffde fr.pc=0x000002619eee6b84 relative=0x0000000000000524
Event: 8888.182 Thread 0x00000261b94fc520 Uncommon trap: reason=class_check action=maybe_recompile pc=0x000002619eee6b84 method=org.gradle.internal.logging.sink.ProgressLogEventGenerator.onOutput(Lorg/gradle/internal/logging/events/OutputEvent;)V @ 37 c2
Event: 8888.182 Thread 0x00000261b94fc520 DEOPT PACKING pc=0x000002619eee6b84 sp=0x000000e468efe9c0
Event: 8888.182 Thread 0x00000261b94fc520 DEOPT UNPACKING pc=0x000002619e2769a3 sp=0x000000e468efe910 mode 2
Event: 8888.183 Thread 0x00000261b94fc520 Uncommon trap: trap_request=0xffffff45 fr.pc=0x000002619ef7af0c relative=0x00000000000023cc
Event: 8888.183 Thread 0x00000261b94fc520 Uncommon trap: reason=unstable_if action=reinterpret pc=0x000002619ef7af0c method=org.gradle.internal.logging.text.AbstractLineChoppingStyledTextOutput$2.execute(Lorg/gradle/internal/logging/text/AbstractLineChoppingStyledTextOutput$StateContext;)V @ 34 c
Event: 8888.183 Thread 0x00000261b94fc520 DEOPT PACKING pc=0x000002619ef7af0c sp=0x000000e468efe580
Event: 8888.183 Thread 0x00000261b94fc520 DEOPT UNPACKING pc=0x000002619e2769a3 sp=0x000000e468efe458 mode 2
Event: 8888.183 Thread 0x00000261b94fc520 Uncommon trap: trap_request=0xffffffde fr.pc=0x000002619eee6b84 relative=0x0000000000000524
Event: 8888.183 Thread 0x00000261b94fc520 Uncommon trap: reason=class_check action=maybe_recompile pc=0x000002619eee6b84 method=org.gradle.internal.logging.sink.ProgressLogEventGenerator.onOutput(Lorg/gradle/internal/logging/events/OutputEvent;)V @ 37 c2
Event: 8888.183 Thread 0x00000261b94fc520 DEOPT PACKING pc=0x000002619eee6b84 sp=0x000000e468efe9c0
Event: 8888.183 Thread 0x00000261b94fc520 DEOPT UNPACKING pc=0x000002619e2769a3 sp=0x000000e468efe910 mode 2
Event: 8888.196 Thread 0x00000261b94fc520 Uncommon trap: trap_request=0xffffff45 fr.pc=0x000002619e8b5fbc relative=0x000000000000055c
Event: 8888.196 Thread 0x00000261b94fc520 Uncommon trap: reason=unstable_if action=reinterpret pc=0x000002619e8b5fbc method=org.gradle.internal.logging.text.AbstractLineChoppingStyledTextOutput$2.execute(Lorg/gradle/internal/logging/text/AbstractLineChoppingStyledTextOutput$StateContext;)V @ 34 c
Event: 8888.196 Thread 0x00000261b94fc520 DEOPT PACKING pc=0x000002619e8b5fbc sp=0x000000e468efe5e0
Event: 8888.197 Thread 0x00000261b94fc520 DEOPT UNPACKING pc=0x000002619e2769a3 sp=0x000000e468efe468 mode 2

Classes unloaded (20 events):
Event: 8502.365 Thread 0x00000261b22a3c20 Unloading class 0x0000000800230c00 'java/lang/invoke/LambdaForm$BMH+0x0000000800230c00'
Event: 8502.365 Thread 0x00000261b22a3c20 Unloading class 0x00000008001ba400 'java/lang/invoke/LambdaForm$DMH+0x00000008001ba400'
Event: 8502.365 Thread 0x00000261b22a3c20 Unloading class 0x00000008001b9c00 'java/lang/invoke/LambdaForm$DMH+0x00000008001b9c00'
Event: 8502.365 Thread 0x00000261b22a3c20 Unloading class 0x00000008001b9800 'java/lang/invoke/LambdaForm$MH+0x00000008001b9800'
Event: 8502.365 Thread 0x00000261b22a3c20 Unloading class 0x00000008001b9400 'java/lang/invoke/LambdaForm$MH+0x00000008001b9400'
Event: 8502.365 Thread 0x00000261b22a3c20 Unloading class 0x00000008001b9000 'java/lang/invoke/LambdaForm$MH+0x00000008001b9000'
Event: 8502.365 Thread 0x00000261b22a3c20 Unloading class 0x00000008001b8c00 'java/lang/invoke/LambdaForm$MH+0x00000008001b8c00'
Event: 8502.365 Thread 0x00000261b22a3c20 Unloading class 0x00000008001b8800 'java/lang/invoke/LambdaForm$MH+0x00000008001b8800'
Event: 8502.365 Thread 0x00000261b22a3c20 Unloading class 0x00000008001b8400 'java/lang/invoke/LambdaForm$MH+0x00000008001b8400'
Event: 8502.365 Thread 0x00000261b22a3c20 Unloading class 0x00000008001b8000 'java/lang/invoke/LambdaForm$MH+0x00000008001b8000'
Event: 8502.365 Thread 0x00000261b22a3c20 Unloading class 0x0000000800192800 'java/lang/invoke/LambdaForm$MH+0x0000000800192800'
Event: 8502.366 Thread 0x00000261b22a3c20 Unloading class 0x0000000800192000 'java/lang/invoke/LambdaForm$MH+0x0000000800192000'
Event: 8502.366 Thread 0x00000261b22a3c20 Unloading class 0x0000000800191c00 'java/lang/invoke/LambdaForm$MH+0x0000000800191c00'
Event: 8502.366 Thread 0x00000261b22a3c20 Unloading class 0x0000000800191800 'java/lang/invoke/LambdaForm$MH+0x0000000800191800'
Event: 8502.366 Thread 0x00000261b22a3c20 Unloading class 0x0000000800191400 'java/lang/invoke/LambdaForm$MH+0x0000000800191400'
Event: 8502.366 Thread 0x00000261b22a3c20 Unloading class 0x0000000800190c00 'java/lang/invoke/LambdaForm$MH+0x0000000800190c00'
Event: 8502.367 Thread 0x00000261b22a3c20 Unloading class 0x00000008000a6c00 'java/lang/invoke/LambdaForm$MH+0x00000008000a6c00'
Event: 8502.367 Thread 0x00000261b22a3c20 Unloading class 0x00000008000a6800 'java/lang/invoke/LambdaForm$MH+0x00000008000a6800'
Event: 8502.367 Thread 0x00000261b22a3c20 Unloading class 0x00000008000a6000 'java/lang/invoke/LambdaForm$MH+0x00000008000a6000'
Event: 8502.367 Thread 0x00000261b22a3c20 Unloading class 0x00000008000a4400 'java/lang/invoke/LambdaForm$MH+0x00000008000a4400'

Classes redefined (0 events):
No events

Internal exceptions (20 events):
Event: 8879.600 Thread 0x00000261b7648f30 Implicit null exception at 0x000002619eb4b7e0 to 0x000002619eb4bb78
Event: 8880.167 Thread 0x00000261b7648f30 Exception <a 'java/lang/NoSuchMethodError'{0x0000000712d7b3e8}: 'java.lang.Object java.lang.invoke.DelegatingMethodHandle$Holder.reinvoke_L(java.lang.Object, java.lang.Object, java.lang.Object, java.lang.Object, java.lang.Object, java.lang.Object, java.lang.Object, java.lang.Object, java.lang.Object, java.lang.Object, java.lang.Object, java.lang.Object, java.lang.Object, java.lang.Object, java.lang.Object, java.lang.Object, java.lang.Object, java.lang.Object, java.lang.Object, java.lang.Object, java.lang.O
Event: 8880.227 Thread 0x00000261b7648f30 Implicit null exception at 0x000002619eb31460 to 0x000002619eb32cd4
Event: 8880.761 Thread 0x00000261b7648f30 Implicit null exception at 0x000002619ee4edb3 to 0x000002619ee518a0
Event: 8880.762 Thread 0x00000261b7648f30 Implicit null exception at 0x000002619ee48c32 to 0x000002619ee49b60
Event: 8880.777 Thread 0x00000261b7648f30 Implicit null exception at 0x000002619efbd120 to 0x000002619efbd4ec
Event: 8881.667 Thread 0x00000261b7648f30 Exception <a 'sun/nio/fs/WindowsException'{0x000000070e51a200}> (0x000000070e51a200) 
thrown [s\src\hotspot\share\prims\jni.cpp, line 517]
Event: 8881.877 Thread 0x00000261b7648f30 Exception <a 'java/lang/ClassNotFoundException'{0x000000070c869c80}: groovy/runtime/metaclass/[Ljava/lang/String;MetaClass> (0x000000070c869c80) 
thrown [s\src\hotspot\share\prims\jni.cpp, line 536]
Event: 8882.779 Thread 0x00000261b7648f30 Exception <a 'java/lang/NoClassDefFoundError'{0x0000000710d39ad8}: org/jetbrains/kotlin/gradle/plugin/KotlinBasePluginWrapper> (0x0000000710d39ad8) 
thrown [s\src\hotspot\share\oops\constantPool.cpp, line 835]
Event: 8883.139 Thread 0x00000261b7648f30 Exception <a 'java/lang/NoClassDefFoundError'{0x000000070e7e4e58}: org/jetbrains/kotlin/gradle/plugin/KotlinBasePluginWrapper> (0x000000070e7e4e58) 
thrown [s\src\hotspot\share\oops\constantPool.cpp, line 835]
Event: 8883.321 Thread 0x00000261b7648f30 Exception <a 'java/lang/NoClassDefFoundError'{0x000000070dbf1f30}: org/jetbrains/kotlin/gradle/plugin/KotlinBasePluginWrapper> (0x000000070dbf1f30) 
thrown [s\src\hotspot\share\oops\constantPool.cpp, line 835]
Event: 8883.394 Thread 0x00000261b7648f30 Exception <a 'sun/nio/fs/WindowsException'{0x000000070d00ad38}> (0x000000070d00ad38) 
thrown [s\src\hotspot\share\prims\jni.cpp, line 517]
Event: 8883.416 Thread 0x00000261b7648f30 Exception <a 'sun/nio/fs/WindowsException'{0x000000070d0a9368}> (0x000000070d0a9368) 
thrown [s\src\hotspot\share\prims\jni.cpp, line 517]
Event: 8883.416 Thread 0x00000261b7648f30 Exception <a 'sun/nio/fs/WindowsException'{0x000000070d0aa6e0}> (0x000000070d0aa6e0) 
thrown [s\src\hotspot\share\prims\jni.cpp, line 517]
Event: 8883.417 Thread 0x00000261b7648f30 Exception <a 'sun/nio/fs/WindowsException'{0x000000070d0abaa8}> (0x000000070d0abaa8) 
thrown [s\src\hotspot\share\prims\jni.cpp, line 517]
Event: 8883.417 Thread 0x00000261b7648f30 Exception <a 'sun/nio/fs/WindowsException'{0x000000070d0ace70}> (0x000000070d0ace70) 
thrown [s\src\hotspot\share\prims\jni.cpp, line 517]
Event: 8883.588 Thread 0x00000261b7648f30 Implicit null exception at 0x000002619ec4516f to 0x000002619ec47ee4
Event: 8883.835 Thread 0x00000261b7648f30 Exception <a 'java/lang/NoSuchMethodError'{0x000000070b8e60c0}: static Lcom/android/build/gradle/internal/profile/ProjectData;.<clinit>()V> (0x000000070b8e60c0) 
thrown [s\src\hotspot\share\prims\jni.cpp, line 1108]
Event: 8883.843 Thread 0x00000261b7648f30 Exception <a 'java/lang/NoSuchMethodError'{0x000000070b946df8}: static Lcom/android/build/gradle/internal/profile/TaskMetadata;.<clinit>()V> (0x000000070b946df8) 
thrown [s\src\hotspot\share\prims\jni.cpp, line 1108]
Event: 8883.857 Thread 0x00000261b7648f30 Exception <a 'sun/nio/fs/WindowsException'{0x000000070b679df8}> (0x000000070b679df8) 
thrown [s\src\hotspot\share\prims\jni.cpp, line 517]

VM Operations (20 events):
Event: 8880.741 Executing VM operation: ICBufferFull
Event: 8880.741 Executing VM operation: ICBufferFull done
Event: 8881.507 Executing VM operation: ICBufferFull
Event: 8881.507 Executing VM operation: ICBufferFull done
Event: 8882.159 Executing VM operation: G1CollectForAllocation
Event: 8882.194 Executing VM operation: G1CollectForAllocation done
Event: 8882.227 Executing VM operation: G1CollectForAllocation
Event: 8882.376 Executing VM operation: G1CollectForAllocation done
Event: 8882.422 Executing VM operation: G1CollectForAllocation
Event: 8882.439 Executing VM operation: G1CollectForAllocation done
Event: 8882.665 Executing VM operation: HandshakeAllThreads
Event: 8882.666 Executing VM operation: HandshakeAllThreads done
Event: 8882.827 Executing VM operation: ICBufferFull
Event: 8882.827 Executing VM operation: ICBufferFull done
Event: 8883.466 Executing VM operation: ICBufferFull
Event: 8883.475 Executing VM operation: ICBufferFull done
Event: 8883.878 Executing VM operation: ICBufferFull
Event: 8883.878 Executing VM operation: ICBufferFull done
Event: 8884.884 Executing VM operation: Cleanup
Event: 8884.885 Executing VM operation: Cleanup done

Events (20 events):
Event: 8882.747 Thread 0x00000261b2c79f60 flushing nmethod 0x0000026197011690
Event: 8882.749 Thread 0x00000261b2c79f60 flushing nmethod 0x0000026197066b10
Event: 8882.780 Thread 0x00000261b2c79f60 flushing nmethod 0x00000261972ded90
Event: 8882.804 Thread 0x00000261b2c79f60 flushing nmethod 0x00000261974a9a10
Event: 8882.829 Thread 0x00000261b2c79f60 flushing nmethod 0x00000261976ebf90
Event: 8882.868 Thread 0x00000261b2c79f60 flushing nmethod 0x0000026197cf8590
Event: 8882.898 Thread 0x00000261b2c79f60 flushing nmethod 0x00000261983b6910
Event: 8882.905 Thread 0x00000261b2c79f60 flushing nmethod 0x000002619852aa10
Event: 8882.935 Thread 0x00000261b2c79f60 flushing nmethod 0x0000026198684390
Event: 8882.935 Thread 0x00000261b2c79f60 flushing nmethod 0x000002619869e190
Event: 8882.935 Thread 0x00000261b2c79f60 flushing nmethod 0x00000261986a2490
Event: 8882.936 Thread 0x00000261b2c79f60 flushing nmethod 0x00000261986ad610
Event: 8883.726 Thread 0x00000261b3b0cd90 Thread added: 0x00000261b3b0cd90
Event: 8883.860 Thread 0x00000261b94fad10 Thread added: 0x00000261b94fad10
Event: 8883.862 Thread 0x00000261b94fd390 Thread added: 0x00000261b94fd390
Event: 8883.868 Thread 0x00000261b94fcec0 Thread added: 0x00000261b94fcec0
Event: 8884.068 Thread 0x00000261b94fb1e0 Thread added: 0x00000261b94fb1e0
Event: 8885.814 Thread 0x00000261b94fc520 Thread added: 0x00000261b94fc520
Event: 8885.814 Thread 0x00000261b94fbb80 Thread added: 0x00000261b94fbb80
Event: 8885.815 Thread 0x00000261b3b0cd90 Thread exited: 0x00000261b3b0cd90


Dynamic libraries:
0x00007ff65a820000 - 0x00007ff65a82a000 	C:\Program Files\Android\Android Studio\jbr\bin\java.exe
0x00007ffd5b670000 - 0x00007ffd5b868000 	C:\Windows\SYSTEM32\ntdll.dll
0x00007ffd5a5a0000 - 0x00007ffd5a65d000 	C:\Windows\System32\KERNEL32.DLL
0x00007ffd58d30000 - 0x00007ffd59026000 	C:\Windows\System32\KERNELBASE.dll
0x00007ffd59370000 - 0x00007ffd59470000 	C:\Windows\System32\ucrtbase.dll
0x00007ffd30e60000 - 0x00007ffd30e77000 	C:\Program Files\Android\Android Studio\jbr\bin\jli.dll
0x00007ffd2fed0000 - 0x00007ffd2feeb000 	C:\Program Files\Android\Android Studio\jbr\bin\VCRUNTIME140.dll
0x00007ffd5a2d0000 - 0x00007ffd5a46e000 	C:\Windows\System32\USER32.dll
0x00007ffd591e0000 - 0x00007ffd59202000 	C:\Windows\System32\win32u.dll
0x00007ffd596b0000 - 0x00007ffd596db000 	C:\Windows\System32\GDI32.dll
0x00007ffd59030000 - 0x00007ffd59147000 	C:\Windows\System32\gdi32full.dll
0x00007ffd41e30000 - 0x00007ffd420ca000 	C:\Windows\WinSxS\amd64_microsoft.windows.common-controls_6595b64144ccf1df_6.0.19041.3636_none_60b6a03d71f818d5\COMCTL32.dll
0x00007ffd59610000 - 0x00007ffd596ad000 	C:\Windows\System32\msvcp_win.dll
0x00007ffd5a8c0000 - 0x00007ffd5a95e000 	C:\Windows\System32\msvcrt.dll
0x00007ffd5ac80000 - 0x00007ffd5acb2000 	C:\Windows\System32\IMM32.DLL
0x000000005cd00000 - 0x000000005cd0c000 	C:\Program Files (x86)\360\Total Security\safemon\SafeWrapper.dll
0x00007ffd5a4e0000 - 0x00007ffd5a593000 	C:\Windows\System32\ADVAPI32.dll
0x00007ffd5a970000 - 0x00007ffd5aa0f000 	C:\Windows\System32\sechost.dll
0x00007ffd5ab50000 - 0x00007ffd5ac76000 	C:\Windows\System32\RPCRT4.dll
0x00007ffd59520000 - 0x00007ffd59547000 	C:\Windows\System32\bcrypt.dll
0x00007ffcf0c90000 - 0x00007ffcf0d22000 	C:\Program Files (x86)\360\Total Security\safemon\libzdtp64.dll
0x00007ffd5ad50000 - 0x00007ffd5b495000 	C:\Windows\System32\SHELL32.dll
0x00007ffd5aa10000 - 0x00007ffd5aa65000 	C:\Windows\System32\SHLWAPI.dll
0x00007ffd58890000 - 0x00007ffd5889a000 	C:\Windows\SYSTEM32\VERSION.dll
0x00007ffd2fea0000 - 0x00007ffd2feac000 	C:\Program Files\Android\Android Studio\jbr\bin\vcruntime140_1.dll
0x00007ffcf0c00000 - 0x00007ffcf0c8d000 	C:\Program Files\Android\Android Studio\jbr\bin\msvcp140.dll
0x00007ffd1c140000 - 0x00007ffd1cdae000 	C:\Program Files\Android\Android Studio\jbr\bin\server\jvm.dll
0x00007ffd53730000 - 0x00007ffd53739000 	C:\Windows\SYSTEM32\WSOCK32.dll
0x00007ffd55d50000 - 0x00007ffd55d77000 	C:\Windows\SYSTEM32\WINMM.dll
0x00007ffd5a470000 - 0x00007ffd5a4db000 	C:\Windows\System32\WS2_32.dll
0x00007ffd57500000 - 0x00007ffd57512000 	C:\Windows\SYSTEM32\kernel.appcore.dll
0x00007ffd53650000 - 0x00007ffd5365a000 	C:\Program Files\Android\Android Studio\jbr\bin\jimage.dll
0x00007ffd57230000 - 0x00007ffd57414000 	C:\Windows\SYSTEM32\DBGHELP.DLL
0x00007ffd55d10000 - 0x00007ffd55d44000 	C:\Windows\SYSTEM32\dbgcore.DLL
0x00007ffd59150000 - 0x00007ffd591d2000 	C:\Windows\System32\bcryptPrimitives.dll
0x00007ffd40c50000 - 0x00007ffd40c75000 	C:\Program Files\Android\Android Studio\jbr\bin\java.dll
0x00007ffd43660000 - 0x00007ffd43678000 	C:\Program Files\Android\Android Studio\jbr\bin\zip.dll
0x00007ffd569c0000 - 0x00007ffd5715c000 	C:\Windows\SYSTEM32\windows.storage.dll
0x00007ffd59a50000 - 0x00007ffd59da4000 	C:\Windows\System32\combase.dll
0x00007ffd586f0000 - 0x00007ffd5871e000 	C:\Windows\SYSTEM32\Wldp.dll
0x00007ffd596e0000 - 0x00007ffd597ad000 	C:\Windows\System32\OLEAUT32.dll
0x00007ffd5a220000 - 0x00007ffd5a2cd000 	C:\Windows\System32\SHCORE.dll
0x00007ffd58c60000 - 0x00007ffd58c85000 	C:\Windows\SYSTEM32\profapi.dll
0x00007ffd3d8a0000 - 0x00007ffd3d8b9000 	C:\Program Files\Android\Android Studio\jbr\bin\net.dll
0x00007ffd51120000 - 0x00007ffd5122a000 	C:\Windows\SYSTEM32\WINHTTP.dll
0x00007ffd58450000 - 0x00007ffd584ba000 	C:\Windows\system32\mswsock.dll
0x00007ffd3d060000 - 0x00007ffd3d076000 	C:\Program Files\Android\Android Studio\jbr\bin\nio.dll
0x00007ffd447e0000 - 0x00007ffd447f0000 	C:\Program Files\Android\Android Studio\jbr\bin\verify.dll
0x00007ffd2fc70000 - 0x00007ffd2fc97000 	C:\Users\User\.gradle\native\e1d6ef7f7dcc3fd88c89a11ec53ec762bb8ba0a96d01ffa2cd45eb1d1d8dd5c5\windows-amd64\native-platform.dll
0x00007ffcee4b0000 - 0x00007ffcee5f4000 	C:\Users\User\.gradle\native\0d407fdbe67a94daf76414ababcb853783967236a71b16ec16e742cd7a986fd3\windows-amd64\native-platform-file-events.dll
0x00007ffd43860000 - 0x00007ffd43869000 	C:\Program Files\Android\Android Studio\jbr\bin\management.dll
0x00007ffd40950000 - 0x00007ffd4095b000 	C:\Program Files\Android\Android Studio\jbr\bin\management_ext.dll
0x00007ffd5ab40000 - 0x00007ffd5ab48000 	C:\Windows\System32\PSAPI.DLL
0x00007ffd58650000 - 0x00007ffd58668000 	C:\Windows\SYSTEM32\CRYPTSP.dll
0x00007ffd57d10000 - 0x00007ffd57d44000 	C:\Windows\system32\rsaenh.dll
0x00007ffd58be0000 - 0x00007ffd58c0e000 	C:\Windows\SYSTEM32\USERENV.dll
0x00007ffd58640000 - 0x00007ffd5864c000 	C:\Windows\SYSTEM32\CRYPTBASE.dll
0x00007ffd580f0000 - 0x00007ffd5812b000 	C:\Windows\SYSTEM32\IPHLPAPI.DLL
0x00007ffd5a960000 - 0x00007ffd5a968000 	C:\Windows\System32\NSI.dll
0x00007ffd51960000 - 0x00007ffd51977000 	C:\Windows\SYSTEM32\dhcpcsvc6.DLL
0x00007ffd51c50000 - 0x00007ffd51c6d000 	C:\Windows\SYSTEM32\dhcpcsvc.DLL
0x00007ffd58140000 - 0x00007ffd5820b000 	C:\Windows\SYSTEM32\DNSAPI.dll
0x00007ffd3d2e0000 - 0x00007ffd3d2e7000 	C:\Windows\system32\wshunix.dll
0x00007ffd46af0000 - 0x00007ffd46afa000 	C:\Windows\System32\rasadhlp.dll
0x00007ffd46e40000 - 0x00007ffd46ec0000 	C:\Windows\System32\fwpuclnt.dll

dbghelp: loaded successfully - version: 4.0.5 - missing functions: none
symbol engine: initialized successfully - sym options: 0x614 - pdb path: .;C:\Program Files\Android\Android Studio\jbr\bin;C:\Windows\SYSTEM32;C:\Windows\WinSxS\amd64_microsoft.windows.common-controls_6595b64144ccf1df_6.0.19041.3636_none_60b6a03d71f818d5;C:\Program Files (x86)\360\Total Security\safemon;C:\Program Files\Android\Android Studio\jbr\bin\server;C:\Users\User\.gradle\native\e1d6ef7f7dcc3fd88c89a11ec53ec762bb8ba0a96d01ffa2cd45eb1d1d8dd5c5\windows-amd64;C:\Users\User\.gradle\native\0d407fdbe67a94daf76414ababcb853783967236a71b16ec16e742cd7a986fd3\windows-amd64

VM Arguments:
jvm_args: --add-opens=java.base/java.util=ALL-UNNAMED --add-opens=java.base/java.lang=ALL-UNNAMED --add-opens=java.base/java.lang.invoke=ALL-UNNAMED --add-opens=java.base/java.util=ALL-UNNAMED --add-opens=java.prefs/java.util.prefs=ALL-UNNAMED --add-opens=java.prefs/java.util.prefs=ALL-UNNAMED --add-opens=java.base/java.nio.charset=ALL-UNNAMED --add-opens=java.base/java.net=ALL-UNNAMED --add-opens=java.base/java.util.concurrent.atomic=ALL-UNNAMED -Xmx4G -Dfile.encoding=windows-1252 -Duser.country=US -Duser.language=en -Duser.variant 
java_command: org.gradle.launcher.daemon.bootstrap.GradleDaemon 7.5
java_class_path (initial): C:\Users\User\.gradle\wrapper\dists\gradle-7.5-all\6qsw290k5lz422uaf8jf6m7co\gradle-7.5\lib\gradle-launcher-7.5.jar
Launcher Type: SUN_STANDARD

[Global flags]
     intx CICompilerCount                          = 4                                         {product} {ergonomic}
     uint ConcGCThreads                            = 2                                         {product} {ergonomic}
     uint G1ConcRefinementThreads                  = 8                                         {product} {ergonomic}
   size_t G1HeapRegionSize                         = 2097152                                   {product} {ergonomic}
    uintx GCDrainStackTargetSize                   = 64                                        {product} {ergonomic}
   size_t InitialHeapSize                          = 134217728                                 {product} {ergonomic}
   size_t MarkStackSize                            = 4194304                                   {product} {ergonomic}
   size_t MaxHeapSize                              = 4294967296                                {product} {command line}
   size_t MaxNewSize                               = 2575302656                                {product} {ergonomic}
   size_t MinHeapDeltaBytes                        = 2097152                                   {product} {ergonomic}
   size_t MinHeapSize                              = 8388608                                   {product} {ergonomic}
    uintx NonNMethodCodeHeapSize                   = 5839372                                {pd product} {ergonomic}
    uintx NonProfiledCodeHeapSize                  = 122909434                              {pd product} {ergonomic}
    uintx ProfiledCodeHeapSize                     = 122909434                              {pd product} {ergonomic}
    uintx ReservedCodeCacheSize                    = 251658240                              {pd product} {ergonomic}
     bool SegmentedCodeCache                       = true                                      {product} {ergonomic}
   size_t SoftMaxHeapSize                          = 4294967296                             {manageable} {ergonomic}
     bool UseCompressedClassPointers               = true                           {product lp64_product} {ergonomic}
     bool UseCompressedOops                        = true                           {product lp64_product} {ergonomic}
     bool UseG1GC                                  = true                                      {product} {ergonomic}
     bool UseLargePagesIndividualAllocation        = false                                  {pd product} {ergonomic}

Logging:
Log output configuration:
 #0: stdout all=warning uptime,level,tags
 #1: stderr all=off uptime,level,tags

Environment Variables:
JAVA_HOME=C:\Program Files\Android\Android Studio\jbr
CLASSPATH=E:\ss\flutter\zflutter project\testphp\android\\gradle\wrapper\gradle-wrapper.jar
PATH=C:\Program Files\Android\Android Studio\jbr\bin;C:\Program Files\Common Files\Oracle\Java\javapath;C:\Program Files (x86)\Common Files\Oracle\Java\javapath;C:\Windows\system32;C:\Windows;C:\Windows\System32\Wbem;C:\Windows\System32\WindowsPowerShell\v1.0\;C:\Windows\System32\OpenSSH\;"C:\src\flutter\bin;";"C:\Program Files\Dart\dart-sdk\bin;";C:\Program Files\Git\cmd;C:\Users\User\anaconda3\Lib\venv\scripts\nt;C:\Users\User\AppData\Local\Programs\Python\Python311;C:\Program Files\nodejs\;?D:\ngrok.exe;C:\Users\User\AppData\Local\Pub\Cache\bin;C:\Users\User\AppData\Local\Microsoft\WindowsApps;"C:\Program Files\Dart\dart-sdk\bin;";"C:\src\flutter\bin;";C:\Users\User\AppData\Local\Programs\Microsoft VS Code\bin;C:\Users\User\AppData\Local\Programs\Python\Python311;C:\src\flutter\bin;C:\Users\User\AppData\Roaming\npm;C:\Users\User\AppData\Local\GitHubDesktop\bin;?D:\ngrok.exe;C:\Users\User\AppData\Local\Pub\Cache\bin;;C:\src\flutter\bin\mingit\cmd
USERNAME=User
OS=Windows_NT
PROCESSOR_IDENTIFIER=Intel64 Family 6 Model 142 Stepping 12, GenuineIntel
TMP=C:\Users\User\AppData\Local\Temp
TEMP=C:\Users\User\AppData\Local\Temp


JNI global refs:
JNI global refs: 26, weak refs: 5

JNI global refs memory usage: 843, weak refs: 841


---------------  S Y S T E M  ---------------

OS:
 Windows 10 , 64 bit Build 19041 (10.0.19041.3636)
OS uptime: 1 days 2:34 hours

CPU: total 8 (initial active 8) (4 cores per cpu, 2 threads per core) family 6 model 142 stepping 12 microcode 0xb8, cx8, cmov, fxsr, ht, mmx, 3dnowpref, sse, sse2, sse3, ssse3, sse4.1, sse4.2, popcnt, lzcnt, tsc, tscinvbit, avx, avx2, aes, erms, clmul, bmi1, bmi2, adx, fma, vzeroupper, clflush, clflushopt

Memory: 4k page, system-wide physical 8068M (357M free)
TotalPageFile size 18067M (AvailPageFile size 0M)
current process WorkingSet (physical memory assigned to process): 393M, peak: 694M
current process commit charge ("private bytes"): 666M, peak: 735M

vm_info: OpenJDK 64-Bit Server VM (17.0.6+0-b2043.56-10027231) for windows-amd64 JRE (17.0.6+0-b2043.56-10027231), built on Apr 28 2023 00:43:19 by "androidbuild" with MS VC++ 16.10 / 16.11 (VS2019)

END.
