#
# There is insufficient memory for the Java Runtime Environment to continue.
# Native memory allocation (malloc) failed to allocate 32744 bytes for ChunkPool::allocate
# Possible reasons:
#   The system is out of physical RAM or swap space
#   The process is running with CompressedOops enabled, and the Java Heap may be blocking the growth of the native heap
# Possible solutions:
#   Reduce memory load on the system
#   Increase physical memory or swap space
#   Check if swap backing store is full
#   Decrease Java heap size (-Xmx/-Xms)
#   Decrease number of Java threads
#   Decrease Java thread stack sizes (-Xss)
#   Set larger code cache with -XX:ReservedCodeCacheSize=
#   JVM is running with Zero Based Compressed Oops mode in which the Java heap is
#     placed in the first 32GB address space. The Java Heap base address is the
#     maximum limit for the native heap growth. Please use -XX:HeapBaseMinAddress
#     to set the Java Heap base and to place the Java Heap above 32GB virtual address.
# This output file may be truncated or incomplete.
#
#  Out of Memory Error (arena.cpp:78), pid=22096, tid=21436
#
# JRE version: OpenJDK Runtime Environment (17.0.6) (build 17.0.6+0-b2043.56-10027231)
# Java VM: OpenJDK 64-Bit Server VM (17.0.6+0-b2043.56-10027231, mixed mode, tiered, compressed oops, compressed class ptrs, g1 gc, windows-amd64)
# No core dump will be written. Minidumps are not enabled by default on client versions of Windows
#

---------------  S U M M A R Y ------------

Command Line: --add-opens=java.base/java.util=ALL-UNNAMED --add-opens=java.base/java.lang=ALL-UNNAMED --add-opens=java.base/java.lang.invoke=ALL-UNNAMED --add-opens=java.base/java.util=ALL-UNNAMED --add-opens=java.prefs/java.util.prefs=ALL-UNNAMED --add-opens=java.prefs/java.util.prefs=ALL-UNNAMED --add-opens=java.base/java.nio.charset=ALL-UNNAMED --add-opens=java.base/java.net=ALL-UNNAMED --add-opens=java.base/java.util.concurrent.atomic=ALL-UNNAMED -Xmx4G -Dfile.encoding=windows-1252 -Duser.country=US -Duser.language=en -Duser.variant org.gradle.launcher.daemon.bootstrap.GradleDaemon 7.5

Host: Intel(R) Core(TM) i7-8565U CPU @ 1.80GHz, 8 cores, 7G,  Windows 10 , 64 bit Build 19041 (10.0.19041.3636)
Time: Mon Mar 11 01:58:47 2024 Egypt Standard Time elapsed time: 2762.465535 seconds (0d 0h 46m 2s)

---------------  T H R E A D  ---------------

Current thread (0x00000289f9ca3010):  JavaThread "C2 CompilerThread0" daemon [_thread_in_native, id=21436, stack(0x000000e411200000,0x000000e411300000)]


Current CompileTask:
C2:2762465 19731       4       org.gradle.internal.logging.text.AbstractLineChoppingStyledTextOutput$1::execute (9 bytes)

Stack: [0x000000e411200000,0x000000e411300000]
Native frames: (J=compiled Java code, j=interpreted, Vv=VM code, C=native code)
V  [jvm.dll+0x683c9a]
V  [jvm.dll+0x8427a4]
V  [jvm.dll+0x843f9e]
V  [jvm.dll+0x844603]
V  [jvm.dll+0x249b75]
V  [jvm.dll+0xabecc]
V  [jvm.dll+0xac27c]
V  [jvm.dll+0x661edf]
V  [jvm.dll+0x7a13c]
V  [jvm.dll+0x34d7f4]
V  [jvm.dll+0x34996c]
V  [jvm.dll+0x34f13a]
V  [jvm.dll+0x697036]
V  [jvm.dll+0x698720]
V  [jvm.dll+0x69c06e]
V  [jvm.dll+0x69405b]
V  [jvm.dll+0x693697]
V  [jvm.dll+0x691592]
V  [jvm.dll+0x1a81fc]
V  [jvm.dll+0x2b0104]
V  [jvm.dll+0x69c095]
V  [jvm.dll+0x69405b]
V  [jvm.dll+0x693697]
V  [jvm.dll+0x691592]
V  [jvm.dll+0x1a81fc]
V  [jvm.dll+0x1a8dc6]
V  [jvm.dll+0x2b0104]
V  [jvm.dll+0x69c095]
V  [jvm.dll+0x69405b]
V  [jvm.dll+0x693697]
V  [jvm.dll+0x691592]
V  [jvm.dll+0x1a81fc]
V  [jvm.dll+0x1a8dc6]
V  [jvm.dll+0x2b0104]
V  [jvm.dll+0x69c095]
V  [jvm.dll+0x69405b]
V  [jvm.dll+0x693697]
V  [jvm.dll+0x691592]
V  [jvm.dll+0x1a81fc]
V  [jvm.dll+0x1a8dc6]
V  [jvm.dll+0x2b0104]
V  [jvm.dll+0x69c095]
V  [jvm.dll+0x69405b]
V  [jvm.dll+0x693697]
V  [jvm.dll+0x691592]
V  [jvm.dll+0x1a81fc]
V  [jvm.dll+0x1a8dc6]
V  [jvm.dll+0x2b0104]
V  [jvm.dll+0x69c095]
V  [jvm.dll+0x69405b]
V  [jvm.dll+0x693697]
V  [jvm.dll+0x691592]
V  [jvm.dll+0x1a81fc]
V  [jvm.dll+0x1a8dc6]
V  [jvm.dll+0x2b0104]
V  [jvm.dll+0x69c095]
V  [jvm.dll+0x69405b]
V  [jvm.dll+0x693697]
V  [jvm.dll+0x691592]
V  [jvm.dll+0x1a81fc]
V  [jvm.dll+0x21b1e8]
V  [jvm.dll+0x1a4fdd]
V  [jvm.dll+0x22b098]
V  [jvm.dll+0x229159]
V  [jvm.dll+0x7f81ec]
V  [jvm.dll+0x7f274a]
V  [jvm.dll+0x682ad5]
C  [ucrtbase.dll+0x21bb2]
C  [KERNEL32.DLL+0x17344]
C  [ntdll.dll+0x526b1]


---------------  P R O C E S S  ---------------

Threads class SMR info:
_java_thread_list=0x00000289fccc25e0, length=143, elements={
0x00000289daa25d20, 0x00000289f9c1e490, 0x00000289f9c1faf0, 0x00000289f9c3e7d0,
0x00000289f9c8b410, 0x00000289f9c8dde0, 0x00000289f9c8e6a0, 0x00000289f9ca3010,
0x00000289f9ca5530, 0x00000289f9ca5a40, 0x00000289f9e03170, 0x00000289f9e24f70,
0x00000289fb7ad3a0, 0x00000289fb6a6810, 0x00000289fcee1450, 0x00000289fb85f870,
0x00000289fb85fd40, 0x00000289fb860bb0, 0x00000289fb85ea00, 0x00000289fb861a20,
0x00000289fb85e060, 0x00000289fd1abd10, 0x00000289fd1ac6b0, 0x00000289fd1ab370,
0x00000289fd1a7e80, 0x00000289fd1a8cf0, 0x00000289fd1ad520, 0x00000289fd1ae390,
0x00000289804e9590, 0x00000289804ea8d0, 0x00000289fc991f10, 0x00000289fc98d210,
0x00000289fc98fd60, 0x00000289fa4efd60, 0x00000289804e6f10, 0x00000289804e60a0,
0x00000289804e4d60, 0x00000289804e5230, 0x00000289804e6570, 0x00000289804ea400,
0x00000289804e9a60, 0x00000289804e9f30, 0x00000289804eb270, 0x00000289804eada0,
0x00000289804eb740, 0x00000289804e5700, 0x00000289804e5bd0, 0x00000289804e8720,
0x00000289804e3ef0, 0x00000289804e43c0, 0x00000289804e4890, 0x00000289804e6a40,
0x00000289804e73e0, 0x00000289804e8bf0, 0x00000289804e78b0, 0x00000289804e7d80,
0x00000289804e8250, 0x00000289fedd1a20, 0x00000289fedd3700, 0x00000289fedd2890,
0x00000289fedd23c0, 0x00000289fedd40a0, 0x00000289fedd2d60, 0x00000289fedd1550,
0x00000289fedd3230, 0x00000289fedd53e0, 0x00000289fedd3bd0, 0x00000289fedd4570,
0x00000289fedd4a40, 0x00000289fedd58b0, 0x00000289fedd0210, 0x00000289fedce060,
0x00000289fedce530, 0x00000289fedcea00, 0x00000289fedcf870, 0x00000289fedceed0,
0x00000289fedd06e0, 0x00000289fedcf3a0, 0x00000289fedd0bb0, 0x00000289fedd1080,
0x00000289fa4eea20, 0x00000289fa4f0bd0, 0x00000289fa4ed210, 0x00000289fa4ef3c0,
0x00000289fa4f10a0, 0x00000289fa4edbb0, 0x00000289fa4f0230, 0x00000289fa4ec870,
0x00000289fa4ee550, 0x00000289fa4f1570, 0x00000289fa4f1f10, 0x00000289fa4eeef0,
0x00000289fa4f0700, 0x00000289fa4f23e0, 0x00000289fa4ebed0, 0x00000289fa4f28b0,
0x00000289fa4eb060, 0x00000289fa4eb530, 0x00000289fa4ee080, 0x00000289fa4ecd40,
0x00000289fa64f550, 0x00000289fa651700, 0x00000289fa64f080, 0x00000289fa651bd0,
0x00000289fa652570, 0x00000289fa6550c0, 0x00000289fa6520a0, 0x00000289fa652a40,
0x00000289fa6533e0, 0x00000289fa652f10, 0x00000289fa6538b0, 0x00000289fa655f30,
0x00000289fa654250, 0x00000289fa654720, 0x00000289fc9928b0, 0x00000289fc98cd40,
0x00000289fc98e550, 0x00000289fc990230, 0x00000289fc98d6e0, 0x00000289fc98dbb0,
0x00000289fc98e080, 0x00000289fc98eef0, 0x00000289fb8606e0, 0x00000289fb85e530,
0x00000289fb85f3a0, 0x00000289fb861080, 0x00000289fb860210, 0x00000289fb861550,
0x00000289fd1ab840, 0x00000289fd1aa500, 0x00000289fd1ad050, 0x00000289fd1aa9d0,
0x00000289fd1aaea0, 0x0000028985dda760, 0x0000028985ddc440, 0x0000028985dd80e0,
0x0000028985ddac30, 0x0000028985dd6da0, 0x0000028985ddb100, 0x0000028985dd7270,
0x0000028985ddb5d0, 0x0000028985ddbaa0, 0x0000028985dd5a60
}

Java Threads: ( => current thread )
  0x00000289daa25d20 JavaThread "main" [_thread_blocked, id=8564, stack(0x000000e410500000,0x000000e410600000)]
  0x00000289f9c1e490 JavaThread "Reference Handler" daemon [_thread_blocked, id=20308, stack(0x000000e410c00000,0x000000e410d00000)]
  0x00000289f9c1faf0 JavaThread "Finalizer" daemon [_thread_blocked, id=19292, stack(0x000000e410d00000,0x000000e410e00000)]
  0x00000289f9c3e7d0 JavaThread "Signal Dispatcher" daemon [_thread_blocked, id=5596, stack(0x000000e410e00000,0x000000e410f00000)]
  0x00000289f9c8b410 JavaThread "Attach Listener" daemon [_thread_blocked, id=22032, stack(0x000000e410f00000,0x000000e411000000)]
  0x00000289f9c8dde0 JavaThread "Service Thread" daemon [_thread_blocked, id=11640, stack(0x000000e411000000,0x000000e411100000)]
  0x00000289f9c8e6a0 JavaThread "Monitor Deflation Thread" daemon [_thread_blocked, id=11396, stack(0x000000e411100000,0x000000e411200000)]
=>0x00000289f9ca3010 JavaThread "C2 CompilerThread0" daemon [_thread_in_native, id=21436, stack(0x000000e411200000,0x000000e411300000)]
  0x00000289f9ca5530 JavaThread "C1 CompilerThread0" daemon [_thread_blocked, id=17232, stack(0x000000e411300000,0x000000e411400000)]
  0x00000289f9ca5a40 JavaThread "Sweeper thread" daemon [_thread_blocked, id=20424, stack(0x000000e411400000,0x000000e411500000)]
  0x00000289f9e03170 JavaThread "Common-Cleaner" daemon [_thread_blocked, id=3844, stack(0x000000e411500000,0x000000e411600000)]
  0x00000289f9e24f70 JavaThread "Notification Thread" daemon [_thread_blocked, id=16852, stack(0x000000e411600000,0x000000e411700000)]
  0x00000289fb7ad3a0 JavaThread "Daemon health stats" [_thread_blocked, id=10616, stack(0x000000e411d00000,0x000000e411e00000)]
  0x00000289fb6a6810 JavaThread "Incoming local TCP Connector on port 56317" [_thread_in_native, id=20112, stack(0x000000e411e00000,0x000000e411f00000)]
  0x00000289fcee1450 JavaThread "Daemon periodic checks" [_thread_blocked, id=23428, stack(0x000000e411f00000,0x000000e412000000)]
  0x00000289fb85f870 JavaThread "Cache worker for journal cache (C:\Users\User\.gradle\caches\journal-1)" [_thread_blocked, id=19712, stack(0x000000e412700000,0x000000e412800000)]
  0x00000289fb85fd40 JavaThread "File lock request listener" [_thread_in_native, id=14748, stack(0x000000e412800000,0x000000e412900000)]
  0x00000289fb860bb0 JavaThread "Cache worker for file hash cache (C:\Users\User\.gradle\caches\7.5\fileHashes)" [_thread_blocked, id=11708, stack(0x000000e412d00000,0x000000e412e00000)]
  0x00000289fb85ea00 JavaThread "File watcher server" daemon [_thread_in_native, id=14584, stack(0x000000e412f00000,0x000000e413000000)]
  0x00000289fb861a20 JavaThread "File watcher consumer" daemon [_thread_blocked, id=22304, stack(0x000000e413000000,0x000000e413100000)]
  0x00000289fb85e060 JavaThread "Cache worker for file content cache (C:\Users\User\.gradle\caches\7.5\fileContent)" [_thread_blocked, id=7548, stack(0x000000e413300000,0x000000e413400000)]
  0x00000289fd1abd10 JavaThread "Cache worker for execution history cache (C:\Users\User\.gradle\caches\7.5\executionHistory)" [_thread_blocked, id=22364, stack(0x000000e413600000,0x000000e413700000)]
  0x00000289fd1ac6b0 JavaThread "jar transforms" [_thread_blocked, id=20208, stack(0x000000e413700000,0x000000e413800000)]
  0x00000289fd1ab370 JavaThread "Cache worker for kotlin-dsl (C:\Users\User\.gradle\caches\7.5\kotlin-dsl)" [_thread_blocked, id=19752, stack(0x000000e413800000,0x000000e413900000)]
  0x00000289fd1a7e80 JavaThread "jar transforms Thread 2" [_thread_blocked, id=1608, stack(0x000000e413900000,0x000000e413a00000)]
  0x00000289fd1a8cf0 JavaThread "jar transforms Thread 3" [_thread_blocked, id=5008, stack(0x000000e413c00000,0x000000e413d00000)]
  0x00000289fd1ad520 JavaThread "Memory manager" [_thread_blocked, id=14792, stack(0x000000e413d00000,0x000000e413e00000)]
  0x00000289fd1ae390 JavaThread "jar transforms Thread 4" [_thread_blocked, id=22796, stack(0x000000e413e00000,0x000000e413f00000)]
  0x00000289804e9590 JavaThread "jar transforms Thread 5" [_thread_blocked, id=5764, stack(0x000000e419800000,0x000000e419900000)]
  0x00000289804ea8d0 JavaThread "jar transforms Thread 6" [_thread_blocked, id=2444, stack(0x000000e419900000,0x000000e419a00000)]
  0x00000289fc991f10 JavaThread "jar transforms Thread 7" [_thread_blocked, id=4700, stack(0x000000e419a00000,0x000000e419b00000)]
  0x00000289fc98d210 JavaThread "jar transforms Thread 8" [_thread_blocked, id=21588, stack(0x000000e419b00000,0x000000e419c00000)]
  0x00000289fc98fd60 JavaThread "pool-3-thread-1" [_thread_blocked, id=19524, stack(0x000000e419f00000,0x000000e41a000000)]
  0x00000289fa4efd60 JavaThread "pool-7-thread-1" [_thread_blocked, id=22792, stack(0x000000e419600000,0x000000e419700000)]
  0x00000289804e6f10 JavaThread "Daemon Thread 3" [_thread_blocked, id=19504, stack(0x000000e410200000,0x000000e410300000)]
  0x00000289804e60a0 JavaThread "Handler for socket connection from /127.0.0.1:56317 to /127.0.0.1:57604" [_thread_in_native, id=21324, stack(0x000000e410300000,0x000000e410400000)]
  0x00000289804e4d60 JavaThread "Cancel handler" [_thread_blocked, id=20076, stack(0x000000e410400000,0x000000e410500000)]
  0x00000289804e5230 JavaThread "Daemon worker Thread 3" [_thread_blocked, id=2460, stack(0x000000e411800000,0x000000e411900000)]
  0x00000289804e6570 JavaThread "Asynchronous log dispatcher for DefaultDaemonConnection: socket connection from /127.0.0.1:56317 to /127.0.0.1:57604" [_thread_blocked, id=15252, stack(0x000000e412000000,0x000000e412100000)]
  0x00000289804ea400 JavaThread "Stdin handler" [_thread_blocked, id=20996, stack(0x000000e412100000,0x000000e412200000)]
  0x00000289804e9a60 JavaThread "Daemon client event forwarder" [_thread_blocked, id=9220, stack(0x000000e412200000,0x000000e412300000)]
  0x00000289804e9f30 JavaThread "Cache worker for checksums cache (E:\ss\flutter\zflutter project\testphp\android\.gradle\7.5\checksums)" [_thread_blocked, id=13468, stack(0x000000e412300000,0x000000e412400000)]
  0x00000289804eb270 JavaThread "Cache worker for cache directory md-rule (C:\Users\User\.gradle\caches\7.5\md-rule)" [_thread_blocked, id=2652, stack(0x000000e412400000,0x000000e412500000)]
  0x00000289804eada0 JavaThread "Cache worker for file hash cache (E:\ss\flutter\zflutter project\testphp\android\.gradle\7.5\fileHashes)" [_thread_blocked, id=10216, stack(0x000000e412500000,0x000000e412600000)]
  0x00000289804eb740 JavaThread "Cache worker for cache directory md-supplier (C:\Users\User\.gradle\caches\7.5\md-supplier)" [_thread_blocked, id=23544, stack(0x000000e412600000,0x000000e412700000)]
  0x00000289804e5700 JavaThread "Cache worker for dependencies-accessors (E:\ss\flutter\zflutter project\testphp\android\.gradle\7.5\dependencies-accessors)" [_thread_blocked, id=16940, stack(0x000000e413100000,0x000000e413200000)]
  0x00000289804e5bd0 JavaThread "Cache worker for Build Output Cleanup Cache (C:\src\flutter\packages\flutter_tools\gradle\.gradle\buildOutputCleanup)" [_thread_blocked, id=23044, stack(0x000000e413200000,0x000000e413300000)]
  0x00000289804e8720 JavaThread "included builds" [_thread_blocked, id=19112, stack(0x000000e413400000,0x000000e413500000)]
  0x00000289804e3ef0 JavaThread "Execution worker" [_thread_blocked, id=10268, stack(0x000000e413500000,0x000000e413600000)]
  0x00000289804e43c0 JavaThread "Execution worker Thread 2" [_thread_blocked, id=10956, stack(0x000000e413a00000,0x000000e413b00000)]
  0x00000289804e4890 JavaThread "Execution worker Thread 3" [_thread_blocked, id=15764, stack(0x000000e413b00000,0x000000e413c00000)]
  0x00000289804e6a40 JavaThread "Execution worker Thread 4" [_thread_blocked, id=11468, stack(0x000000e413f00000,0x000000e414000000)]
  0x00000289804e73e0 JavaThread "Execution worker Thread 5" [_thread_blocked, id=6304, stack(0x000000e414000000,0x000000e414100000)]
  0x00000289804e8bf0 JavaThread "Execution worker Thread 6" [_thread_blocked, id=18264, stack(0x000000e414100000,0x000000e414200000)]
  0x00000289804e78b0 JavaThread "Execution worker Thread 7" [_thread_blocked, id=22608, stack(0x000000e414200000,0x000000e414300000)]
  0x00000289804e7d80 JavaThread "Cache worker for execution history cache (C:\src\flutter\packages\flutter_tools\gradle\.gradle\7.5\executionHistory)" [_thread_blocked, id=5988, stack(0x000000e414300000,0x000000e414400000)]
  0x00000289804e8250 JavaThread "Unconstrained build operations" [_thread_blocked, id=2264, stack(0x000000e414400000,0x000000e414500000)]
  0x00000289fedd1a20 JavaThread "Unconstrained build operations Thread 2" [_thread_blocked, id=18808, stack(0x000000e414500000,0x000000e414600000)]
  0x00000289fedd3700 JavaThread "Unconstrained build operations Thread 3" [_thread_blocked, id=9720, stack(0x000000e414600000,0x000000e414700000)]
  0x00000289fedd2890 JavaThread "Unconstrained build operations Thread 4" [_thread_blocked, id=22292, stack(0x000000e414700000,0x000000e414800000)]
  0x00000289fedd23c0 JavaThread "Unconstrained build operations Thread 5" [_thread_blocked, id=7500, stack(0x000000e414800000,0x000000e414900000)]
  0x00000289fedd40a0 JavaThread "Unconstrained build operations Thread 6" [_thread_blocked, id=19004, stack(0x000000e414900000,0x000000e414a00000)]
  0x00000289fedd2d60 JavaThread "Unconstrained build operations Thread 7" [_thread_blocked, id=19052, stack(0x000000e414a00000,0x000000e414b00000)]
  0x00000289fedd1550 JavaThread "Unconstrained build operations Thread 8" [_thread_blocked, id=568, stack(0x000000e414b00000,0x000000e414c00000)]
  0x00000289fedd3230 JavaThread "Unconstrained build operations Thread 9" [_thread_blocked, id=20708, stack(0x000000e414c00000,0x000000e414d00000)]
  0x00000289fedd53e0 JavaThread "Unconstrained build operations Thread 10" [_thread_blocked, id=20632, stack(0x000000e414d00000,0x000000e414e00000)]
  0x00000289fedd3bd0 JavaThread "Unconstrained build operations Thread 11" [_thread_blocked, id=23208, stack(0x000000e414e00000,0x000000e414f00000)]
  0x00000289fedd4570 JavaThread "Unconstrained build operations Thread 12" [_thread_blocked, id=22980, stack(0x000000e414f00000,0x000000e415000000)]
  0x00000289fedd4a40 JavaThread "Unconstrained build operations Thread 13" [_thread_blocked, id=9432, stack(0x000000e415000000,0x000000e415100000)]
  0x00000289fedd58b0 JavaThread "Unconstrained build operations Thread 14" [_thread_blocked, id=21660, stack(0x000000e415100000,0x000000e415200000)]
  0x00000289fedd0210 JavaThread "Unconstrained build operations Thread 15" [_thread_blocked, id=5936, stack(0x000000e415200000,0x000000e415300000)]
  0x00000289fedce060 JavaThread "Unconstrained build operations Thread 16" [_thread_blocked, id=16836, stack(0x000000e415300000,0x000000e415400000)]
  0x00000289fedce530 JavaThread "Unconstrained build operations Thread 17" [_thread_blocked, id=17376, stack(0x000000e415400000,0x000000e415500000)]
  0x00000289fedcea00 JavaThread "Unconstrained build operations Thread 18" [_thread_blocked, id=3276, stack(0x000000e415500000,0x000000e415600000)]
  0x00000289fedcf870 JavaThread "Unconstrained build operations Thread 19" [_thread_blocked, id=22568, stack(0x000000e415600000,0x000000e415700000)]
  0x00000289fedceed0 JavaThread "Unconstrained build operations Thread 20" [_thread_blocked, id=22224, stack(0x000000e415700000,0x000000e415800000)]
  0x00000289fedd06e0 JavaThread "Unconstrained build operations Thread 21" [_thread_blocked, id=20648, stack(0x000000e415800000,0x000000e415900000)]
  0x00000289fedcf3a0 JavaThread "Unconstrained build operations Thread 22" [_thread_blocked, id=22968, stack(0x000000e415900000,0x000000e415a00000)]
  0x00000289fedd0bb0 JavaThread "Unconstrained build operations Thread 23" [_thread_blocked, id=4824, stack(0x000000e415a00000,0x000000e415b00000)]
  0x00000289fedd1080 JavaThread "Unconstrained build operations Thread 24" [_thread_blocked, id=5916, stack(0x000000e415b00000,0x000000e415c00000)]
  0x00000289fa4eea20 JavaThread "Unconstrained build operations Thread 25" [_thread_blocked, id=1524, stack(0x000000e415c00000,0x000000e415d00000)]
  0x00000289fa4f0bd0 JavaThread "Unconstrained build operations Thread 26" [_thread_blocked, id=19316, stack(0x000000e415d00000,0x000000e415e00000)]
  0x00000289fa4ed210 JavaThread "Unconstrained build operations Thread 27" [_thread_blocked, id=532, stack(0x000000e415e00000,0x000000e415f00000)]
  0x00000289fa4ef3c0 JavaThread "Unconstrained build operations Thread 28" [_thread_blocked, id=22424, stack(0x000000e415f00000,0x000000e416000000)]
  0x00000289fa4f10a0 JavaThread "Unconstrained build operations Thread 29" [_thread_blocked, id=21980, stack(0x000000e416000000,0x000000e416100000)]
  0x00000289fa4edbb0 JavaThread "Unconstrained build operations Thread 30" [_thread_blocked, id=20696, stack(0x000000e416100000,0x000000e416200000)]
  0x00000289fa4f0230 JavaThread "Unconstrained build operations Thread 31" [_thread_blocked, id=5316, stack(0x000000e416200000,0x000000e416300000)]
  0x00000289fa4ec870 JavaThread "Unconstrained build operations Thread 32" [_thread_blocked, id=13992, stack(0x000000e416300000,0x000000e416400000)]
  0x00000289fa4ee550 JavaThread "Unconstrained build operations Thread 33" [_thread_blocked, id=4712, stack(0x000000e416400000,0x000000e416500000)]
  0x00000289fa4f1570 JavaThread "Unconstrained build operations Thread 34" [_thread_blocked, id=21316, stack(0x000000e416500000,0x000000e416600000)]
  0x00000289fa4f1f10 JavaThread "Unconstrained build operations Thread 35" [_thread_blocked, id=17656, stack(0x000000e416600000,0x000000e416700000)]
  0x00000289fa4eeef0 JavaThread "Unconstrained build operations Thread 36" [_thread_blocked, id=13264, stack(0x000000e416700000,0x000000e416800000)]
  0x00000289fa4f0700 JavaThread "Unconstrained build operations Thread 37" [_thread_blocked, id=4212, stack(0x000000e416800000,0x000000e416900000)]
  0x00000289fa4f23e0 JavaThread "Unconstrained build operations Thread 38" [_thread_blocked, id=17612, stack(0x000000e416900000,0x000000e416a00000)]
  0x00000289fa4ebed0 JavaThread "Unconstrained build operations Thread 39" [_thread_blocked, id=15276, stack(0x000000e416a00000,0x000000e416b00000)]
  0x00000289fa4f28b0 JavaThread "Unconstrained build operations Thread 40" [_thread_blocked, id=22508, stack(0x000000e416b00000,0x000000e416c00000)]
  0x00000289fa4eb060 JavaThread "Unconstrained build operations Thread 41" [_thread_blocked, id=23400, stack(0x000000e416c00000,0x000000e416d00000)]
  0x00000289fa4eb530 JavaThread "Unconstrained build operations Thread 42" [_thread_blocked, id=15956, stack(0x000000e416d00000,0x000000e416e00000)]
  0x00000289fa4ee080 JavaThread "Unconstrained build operations Thread 43" [_thread_blocked, id=21768, stack(0x000000e416e00000,0x000000e416f00000)]
  0x00000289fa4ecd40 JavaThread "Unconstrained build operations Thread 44" [_thread_blocked, id=21732, stack(0x000000e416f00000,0x000000e417000000)]
  0x00000289fa64f550 JavaThread "Unconstrained build operations Thread 45" [_thread_blocked, id=17016, stack(0x000000e417000000,0x000000e417100000)]
  0x00000289fa651700 JavaThread "Unconstrained build operations Thread 46" [_thread_blocked, id=12332, stack(0x000000e417100000,0x000000e417200000)]
  0x00000289fa64f080 JavaThread "Unconstrained build operations Thread 47" [_thread_blocked, id=13872, stack(0x000000e417200000,0x000000e417300000)]
  0x00000289fa651bd0 JavaThread "Unconstrained build operations Thread 48" [_thread_blocked, id=21876, stack(0x000000e417300000,0x000000e417400000)]
  0x00000289fa652570 JavaThread "Unconstrained build operations Thread 49" [_thread_blocked, id=3820, stack(0x000000e417400000,0x000000e417500000)]
  0x00000289fa6550c0 JavaThread "Unconstrained build operations Thread 50" [_thread_blocked, id=22896, stack(0x000000e417500000,0x000000e417600000)]
  0x00000289fa6520a0 JavaThread "Unconstrained build operations Thread 51" [_thread_blocked, id=11292, stack(0x000000e417600000,0x000000e417700000)]
  0x00000289fa652a40 JavaThread "Unconstrained build operations Thread 52" [_thread_blocked, id=22204, stack(0x000000e417700000,0x000000e417800000)]
  0x00000289fa6533e0 JavaThread "Unconstrained build operations Thread 53" [_thread_blocked, id=7396, stack(0x000000e417800000,0x000000e417900000)]
  0x00000289fa652f10 JavaThread "Unconstrained build operations Thread 54" [_thread_blocked, id=6540, stack(0x000000e417900000,0x000000e417a00000)]
  0x00000289fa6538b0 JavaThread "Unconstrained build operations Thread 55" [_thread_blocked, id=11856, stack(0x000000e417a00000,0x000000e417b00000)]
  0x00000289fa655f30 JavaThread "Unconstrained build operations Thread 56" [_thread_blocked, id=23380, stack(0x000000e417b00000,0x000000e417c00000)]
  0x00000289fa654250 JavaThread "Unconstrained build operations Thread 57" [_thread_blocked, id=16348, stack(0x000000e417c00000,0x000000e417d00000)]
  0x00000289fa654720 JavaThread "Unconstrained build operations Thread 58" [_thread_blocked, id=12188, stack(0x000000e417d00000,0x000000e417e00000)]
  0x00000289fc9928b0 JavaThread "Unconstrained build operations Thread 59" [_thread_blocked, id=12820, stack(0x000000e417e00000,0x000000e417f00000)]
  0x00000289fc98cd40 JavaThread "Unconstrained build operations Thread 60" [_thread_blocked, id=19332, stack(0x000000e417f00000,0x000000e418000000)]
  0x00000289fc98e550 JavaThread "Unconstrained build operations Thread 61" [_thread_blocked, id=17860, stack(0x000000e418000000,0x000000e418100000)]
  0x00000289fc990230 JavaThread "Unconstrained build operations Thread 62" [_thread_blocked, id=3504, stack(0x000000e418100000,0x000000e418200000)]
  0x00000289fc98d6e0 JavaThread "Unconstrained build operations Thread 63" [_thread_blocked, id=10264, stack(0x000000e418200000,0x000000e418300000)]
  0x00000289fc98dbb0 JavaThread "Unconstrained build operations Thread 64" [_thread_blocked, id=23516, stack(0x000000e418300000,0x000000e418400000)]
  0x00000289fc98e080 JavaThread "Unconstrained build operations Thread 65" [_thread_blocked, id=8548, stack(0x000000e418400000,0x000000e418500000)]
  0x00000289fc98eef0 JavaThread "Unconstrained build operations Thread 66" [_thread_blocked, id=19184, stack(0x000000e418500000,0x000000e418600000)]
  0x00000289fb8606e0 JavaThread "Unconstrained build operations Thread 67" [_thread_blocked, id=9852, stack(0x000000e418600000,0x000000e418700000)]
  0x00000289fb85e530 JavaThread "Unconstrained build operations Thread 68" [_thread_blocked, id=9456, stack(0x000000e418700000,0x000000e418800000)]
  0x00000289fb85f3a0 JavaThread "Unconstrained build operations Thread 69" [_thread_blocked, id=10712, stack(0x000000e418800000,0x000000e418900000)]
  0x00000289fb861080 JavaThread "Unconstrained build operations Thread 70" [_thread_blocked, id=4976, stack(0x000000e418900000,0x000000e418a00000)]
  0x00000289fb860210 JavaThread "Unconstrained build operations Thread 71" [_thread_blocked, id=6228, stack(0x000000e418a00000,0x000000e418b00000)]
  0x00000289fb861550 JavaThread "Unconstrained build operations Thread 72" [_thread_blocked, id=18788, stack(0x000000e418b00000,0x000000e418c00000)]
  0x00000289fd1ab840 JavaThread "Unconstrained build operations Thread 73" [_thread_blocked, id=12740, stack(0x000000e418c00000,0x000000e418d00000)]
  0x00000289fd1aa500 JavaThread "Unconstrained build operations Thread 74" [_thread_blocked, id=10788, stack(0x000000e418d00000,0x000000e418e00000)]
  0x00000289fd1ad050 JavaThread "Unconstrained build operations Thread 75" [_thread_blocked, id=16404, stack(0x000000e418e00000,0x000000e418f00000)]
  0x00000289fd1aa9d0 JavaThread "Unconstrained build operations Thread 76" [_thread_blocked, id=21828, stack(0x000000e418f00000,0x000000e419000000)]
  0x00000289fd1aaea0 JavaThread "Unconstrained build operations Thread 77" [_thread_blocked, id=8316, stack(0x000000e419000000,0x000000e419100000)]
  0x0000028985dda760 JavaThread "Unconstrained build operations Thread 78" [_thread_blocked, id=5848, stack(0x000000e419100000,0x000000e419200000)]
  0x0000028985ddc440 JavaThread "Unconstrained build operations Thread 79" [_thread_blocked, id=20752, stack(0x000000e419200000,0x000000e419300000)]
  0x0000028985dd80e0 JavaThread "Unconstrained build operations Thread 80" [_thread_blocked, id=11444, stack(0x000000e419300000,0x000000e419400000)]
  0x0000028985ddac30 JavaThread "Cache worker for Build Output Cleanup Cache (E:\ss\flutter\zflutter project\testphp\android\.gradle\buildOutputCleanup)" [_thread_blocked, id=21164, stack(0x000000e419400000,0x000000e419500000)]
  0x0000028985dd6da0 JavaThread "pool-11-thread-1" [_thread_blocked, id=23484, stack(0x000000e419500000,0x000000e419600000)]
  0x0000028985ddb100 JavaThread "build event listener" [_thread_blocked, id=12716, stack(0x000000e419700000,0x000000e419800000)]
  0x0000028985dd7270 JavaThread "Cache worker for execution history cache (E:\ss\flutter\zflutter project\testphp\android\.gradle\7.5\executionHistory)" [_thread_blocked, id=17780, stack(0x000000e419c00000,0x000000e419d00000)]
  0x0000028985ddb5d0 JavaThread "Exec process Thread 7" [_thread_in_native, id=8240, stack(0x000000e419d00000,0x000000e419e00000)]
  0x0000028985ddbaa0 JavaThread "Exec process Thread 8" [_thread_in_native, id=12156, stack(0x000000e419e00000,0x000000e419f00000)]
  0x0000028985dd5a60 JavaThread "Exec process Thread 9" [_thread_in_native, id=18136, stack(0x000000e41a000000,0x000000e41a100000)]

Other Threads:
  0x00000289f8d0e820 VMThread "VM Thread" [stack: 0x000000e410b00000,0x000000e410c00000] [id=14332]
  0x00000289daaaa860 WatcherThread [stack: 0x000000e411700000,0x000000e411800000] [id=13480]
  0x00000289daa90e50 GCTaskThread "GC Thread#0" [stack: 0x000000e410600000,0x000000e410700000] [id=13056]
  0x00000289fac91e80 GCTaskThread "GC Thread#1" [stack: 0x000000e411900000,0x000000e411a00000] [id=13012]
  0x00000289fac554c0 GCTaskThread "GC Thread#2" [stack: 0x000000e411a00000,0x000000e411b00000] [id=2080]
  0x00000289fa30dc40 GCTaskThread "GC Thread#3" [stack: 0x000000e411b00000,0x000000e411c00000] [id=17604]
  0x00000289fae46560 GCTaskThread "GC Thread#4" [stack: 0x000000e411c00000,0x000000e411d00000] [id=23504]
  0x00000289fcca7950 GCTaskThread "GC Thread#5" [stack: 0x000000e412900000,0x000000e412a00000] [id=8120]
  0x00000289fc444ff0 GCTaskThread "GC Thread#6" [stack: 0x000000e412a00000,0x000000e412b00000] [id=11260]
  0x00000289fcd59d80 GCTaskThread "GC Thread#7" [stack: 0x000000e412b00000,0x000000e412c00000] [id=10480]
  0x00000289daaa1ca0 ConcurrentGCThread "G1 Main Marker" [stack: 0x000000e410700000,0x000000e410800000] [id=3288]
  0x00000289daaa25c0 ConcurrentGCThread "G1 Conc#0" [stack: 0x000000e410800000,0x000000e410900000] [id=23280]
  0x00000289fcb07a60 ConcurrentGCThread "G1 Conc#1" [stack: 0x000000e412c00000,0x000000e412d00000] [id=10244]
  0x00000289f8b9b720 ConcurrentGCThread "G1 Refine#0" [stack: 0x000000e410900000,0x000000e410a00000] [id=13804]
  0x00000289fb586580 ConcurrentGCThread "G1 Refine#1" [stack: 0x000000e412e00000,0x000000e412f00000] [id=8936]
  0x00000289f8b9c050 ConcurrentGCThread "G1 Service" [stack: 0x000000e410a00000,0x000000e410b00000] [id=15576]

Threads with active compile tasks:
C2 CompilerThread0  2762531 19731       4       org.gradle.internal.logging.text.AbstractLineChoppingStyledTextOutput$1::execute (9 bytes)

VM state: not at safepoint (normal execution)

VM Mutex/Monitor currently owned by a thread: None

Heap address: 0x0000000700000000, size: 4096 MB, Compressed Oops mode: Zero based, Oop shift amount: 3

CDS archive(s) not mapped
Compressed class space mapped at: 0x0000000800000000-0x0000000840000000, reserved size: 1073741824
Narrow klass base: 0x0000000800000000, Narrow klass shift: 0, Narrow klass range: 0x40000000

GC Precious Log:
 CPUs: 8 total, 8 available
 Memory: 8068M
 Large Page Support: Disabled
 NUMA Support: Disabled
 Compressed Oops: Enabled (Zero based)
 Heap Region Size: 2M
 Heap Min Capacity: 8M
 Heap Initial Capacity: 128M
 Heap Max Capacity: 4G
 Pre-touch: Disabled
 Parallel Workers: 8
 Concurrent Workers: 2
 Concurrent Refinement Workers: 8
 Periodic GC: Disabled

Heap:
 garbage-first heap   total 497664K, used 259728K [0x0000000700000000, 0x0000000800000000)
  region size 2048K, 56 young (114688K), 2 survivors (4096K)
 Metaspace       used 121321K, committed 122432K, reserved 1155072K
  class space    used 16155K, committed 16704K, reserved 1048576K

Heap Regions: E=young(eden), S=young(survivor), O=old, HS=humongous(starts), HC=humongous(continues), CS=collection set, F=free, OA=open archive, CA=closed archive, TAMS=top-at-mark-start (previous, next)
|   0|0x0000000700000000, 0x0000000700200000, 0x0000000700200000|100%| O|  |TAMS 0x0000000700200000, 0x0000000700000000| Untracked 
|   1|0x0000000700200000, 0x0000000700400000, 0x0000000700400000|100%| O|  |TAMS 0x0000000700400000, 0x0000000700200000| Untracked 
|   2|0x0000000700400000, 0x0000000700600000, 0x0000000700600000|100%|HS|  |TAMS 0x0000000700600000, 0x0000000700400000| Complete 
|   3|0x0000000700600000, 0x0000000700800000, 0x0000000700800000|100%|HC|  |TAMS 0x0000000700800000, 0x0000000700600000| Complete 
|   4|0x0000000700800000, 0x0000000700a00000, 0x0000000700a00000|100%| O|  |TAMS 0x0000000700a00000, 0x0000000700800000| Untracked 
|   5|0x0000000700a00000, 0x0000000700c00000, 0x0000000700c00000|100%| O|  |TAMS 0x0000000700c00000, 0x0000000700a00000| Untracked 
|   6|0x0000000700c00000, 0x0000000700e00000, 0x0000000700e00000|100%| O|  |TAMS 0x0000000700e00000, 0x0000000700c00000| Untracked 
|   7|0x0000000700e00000, 0x0000000701000000, 0x0000000701000000|100%| O|  |TAMS 0x0000000701000000, 0x0000000700e00000| Untracked 
|   8|0x0000000701000000, 0x0000000701200000, 0x0000000701200000|100%| O|  |TAMS 0x0000000701200000, 0x0000000701000000| Untracked 
|   9|0x0000000701200000, 0x0000000701400000, 0x0000000701400000|100%| O|  |TAMS 0x0000000701400000, 0x0000000701200000| Untracked 
|  10|0x0000000701400000, 0x0000000701600000, 0x0000000701600000|100%| O|  |TAMS 0x0000000701600000, 0x0000000701400000| Untracked 
|  11|0x0000000701600000, 0x0000000701800000, 0x0000000701800000|100%| O|  |TAMS 0x0000000701800000, 0x0000000701600000| Untracked 
|  12|0x0000000701800000, 0x0000000701a00000, 0x0000000701a00000|100%| O|  |TAMS 0x0000000701a00000, 0x0000000701800000| Untracked 
|  13|0x0000000701a00000, 0x0000000701c00000, 0x0000000701c00000|100%| O|  |TAMS 0x0000000701c00000, 0x0000000701a00000| Untracked 
|  14|0x0000000701c00000, 0x0000000701e00000, 0x0000000701e00000|100%| O|  |TAMS 0x0000000701e00000, 0x0000000701c00000| Untracked 
|  15|0x0000000701e00000, 0x0000000702000000, 0x0000000702000000|100%| O|  |TAMS 0x0000000702000000, 0x0000000701e00000| Untracked 
|  16|0x0000000702000000, 0x0000000702200000, 0x0000000702200000|100%| O|  |TAMS 0x0000000702200000, 0x0000000702000000| Untracked 
|  17|0x0000000702200000, 0x0000000702400000, 0x0000000702400000|100%| O|  |TAMS 0x0000000702400000, 0x0000000702200000| Untracked 
|  18|0x0000000702400000, 0x0000000702600000, 0x0000000702600000|100%| O|  |TAMS 0x0000000702600000, 0x0000000702400000| Untracked 
|  19|0x0000000702600000, 0x0000000702800000, 0x0000000702800000|100%| O|  |TAMS 0x0000000702800000, 0x0000000702600000| Untracked 
|  20|0x0000000702800000, 0x0000000702a00000, 0x0000000702a00000|100%| O|  |TAMS 0x0000000702a00000, 0x0000000702800000| Untracked 
|  21|0x0000000702a00000, 0x0000000702c00000, 0x0000000702c00000|100%|HS|  |TAMS 0x0000000702c00000, 0x0000000702a00000| Complete 
|  22|0x0000000702c00000, 0x0000000702e00000, 0x0000000702e00000|100%| O|  |TAMS 0x0000000702e00000, 0x0000000702c00000| Untracked 
|  23|0x0000000702e00000, 0x0000000703000000, 0x0000000703000000|100%| O|  |TAMS 0x0000000703000000, 0x0000000702e00000| Untracked 
|  24|0x0000000703000000, 0x0000000703200000, 0x0000000703200000|100%| O|  |TAMS 0x0000000703200000, 0x0000000703000000| Untracked 
|  25|0x0000000703200000, 0x0000000703400000, 0x0000000703400000|100%| O|  |TAMS 0x0000000703400000, 0x0000000703200000| Untracked 
|  26|0x0000000703400000, 0x0000000703600000, 0x0000000703600000|100%| O|  |TAMS 0x0000000703600000, 0x0000000703400000| Untracked 
|  27|0x0000000703600000, 0x0000000703800000, 0x0000000703800000|100%|HS|  |TAMS 0x0000000703800000, 0x0000000703600000| Complete 
|  28|0x0000000703800000, 0x0000000703a00000, 0x0000000703a00000|100%|HC|  |TAMS 0x0000000703a00000, 0x0000000703800000| Complete 
|  29|0x0000000703a00000, 0x0000000703c00000, 0x0000000703c00000|100%| O|  |TAMS 0x0000000703c00000, 0x0000000703a00000| Untracked 
|  30|0x0000000703c00000, 0x0000000703e00000, 0x0000000703e00000|100%| O|  |TAMS 0x0000000703e00000, 0x0000000703c00000| Untracked 
|  31|0x0000000703e00000, 0x0000000704000000, 0x0000000704000000|100%| O|  |TAMS 0x0000000704000000, 0x0000000703e00000| Untracked 
|  32|0x0000000704000000, 0x0000000704200000, 0x0000000704200000|100%| O|  |TAMS 0x0000000704200000, 0x0000000704000000| Untracked 
|  33|0x0000000704200000, 0x0000000704400000, 0x0000000704400000|100%| O|  |TAMS 0x0000000704400000, 0x0000000704200000| Untracked 
|  34|0x0000000704400000, 0x0000000704600000, 0x0000000704600000|100%| O|  |TAMS 0x0000000704600000, 0x0000000704400000| Untracked 
|  35|0x0000000704600000, 0x0000000704800000, 0x0000000704800000|100%| O|  |TAMS 0x0000000704800000, 0x0000000704600000| Untracked 
|  36|0x0000000704800000, 0x0000000704a00000, 0x0000000704a00000|100%| O|  |TAMS 0x0000000704a00000, 0x0000000704800000| Untracked 
|  37|0x0000000704a00000, 0x0000000704c00000, 0x0000000704c00000|100%| O|  |TAMS 0x0000000704c00000, 0x0000000704a00000| Untracked 
|  38|0x0000000704c00000, 0x0000000704e00000, 0x0000000704e00000|100%| O|  |TAMS 0x0000000704e00000, 0x0000000704c00000| Untracked 
|  39|0x0000000704e00000, 0x0000000705000000, 0x0000000705000000|100%| O|  |TAMS 0x0000000705000000, 0x0000000704e00000| Untracked 
|  40|0x0000000705000000, 0x0000000705200000, 0x0000000705200000|100%| O|  |TAMS 0x0000000705200000, 0x0000000705000000| Untracked 
|  41|0x0000000705200000, 0x0000000705400000, 0x0000000705400000|100%| O|  |TAMS 0x0000000705400000, 0x0000000705200000| Untracked 
|  42|0x0000000705400000, 0x0000000705600000, 0x0000000705600000|100%| O|  |TAMS 0x0000000705600000, 0x0000000705400000| Untracked 
|  43|0x0000000705600000, 0x0000000705800000, 0x0000000705800000|100%| O|  |TAMS 0x0000000705800000, 0x0000000705600000| Untracked 
|  44|0x0000000705800000, 0x0000000705a00000, 0x0000000705a00000|100%| O|  |TAMS 0x0000000705a00000, 0x0000000705800000| Untracked 
|  45|0x0000000705a00000, 0x0000000705c00000, 0x0000000705c00000|100%| O|  |TAMS 0x0000000705c00000, 0x0000000705a00000| Untracked 
|  46|0x0000000705c00000, 0x0000000705e00000, 0x0000000705e00000|100%| O|  |TAMS 0x0000000705e00000, 0x0000000705c00000| Untracked 
|  47|0x0000000705e00000, 0x0000000706000000, 0x0000000706000000|100%| O|  |TAMS 0x0000000706000000, 0x0000000705e00000| Untracked 
|  48|0x0000000706000000, 0x0000000706200000, 0x0000000706200000|100%| O|  |TAMS 0x0000000706000000, 0x0000000706000000| Untracked 
|  49|0x0000000706200000, 0x0000000706400000, 0x0000000706400000|100%| O|  |TAMS 0x0000000706400000, 0x0000000706200000| Untracked 
|  50|0x0000000706400000, 0x0000000706600000, 0x0000000706600000|100%| O|  |TAMS 0x0000000706600000, 0x0000000706400000| Untracked 
|  51|0x0000000706600000, 0x0000000706800000, 0x0000000706800000|100%| O|  |TAMS 0x0000000706800000, 0x0000000706600000| Untracked 
|  52|0x0000000706800000, 0x0000000706a00000, 0x0000000706a00000|100%| O|  |TAMS 0x0000000706a00000, 0x0000000706800000| Untracked 
|  53|0x0000000706a00000, 0x0000000706a00000, 0x0000000706c00000|  0%| F|  |TAMS 0x0000000706a00000, 0x0000000706a00000| Untracked 
|  54|0x0000000706c00000, 0x0000000706e00000, 0x0000000706e00000|100%| O|  |TAMS 0x0000000706e00000, 0x0000000706c00000| Untracked 
|  55|0x0000000706e00000, 0x0000000707000000, 0x0000000707000000|100%| O|  |TAMS 0x0000000707000000, 0x0000000706e00000| Untracked 
|  56|0x0000000707000000, 0x0000000707200000, 0x0000000707200000|100%| O|  |TAMS 0x0000000707200000, 0x0000000707000000| Untracked 
|  57|0x0000000707200000, 0x0000000707400000, 0x0000000707400000|100%| O|  |TAMS 0x0000000707400000, 0x0000000707200000| Untracked 
|  58|0x0000000707400000, 0x0000000707600000, 0x0000000707600000|100%| O|  |TAMS 0x0000000707600000, 0x0000000707400000| Untracked 
|  59|0x0000000707600000, 0x0000000707800000, 0x0000000707800000|100%| O|  |TAMS 0x0000000707800000, 0x0000000707600000| Untracked 
|  60|0x0000000707800000, 0x0000000707a00000, 0x0000000707a00000|100%| O|  |TAMS 0x0000000707800000, 0x0000000707800000| Untracked 
|  61|0x0000000707a00000, 0x0000000707c00000, 0x0000000707c00000|100%| O|  |TAMS 0x0000000707a00000, 0x0000000707a00000| Untracked 
|  62|0x0000000707c00000, 0x0000000707ca4000, 0x0000000707e00000| 32%| O|  |TAMS 0x0000000707c00000, 0x0000000707c00000| Untracked 
|  63|0x0000000707e00000, 0x0000000707e00000, 0x0000000708000000|  0%| F|  |TAMS 0x0000000707e00000, 0x0000000707e00000| Untracked 
|  64|0x0000000708000000, 0x0000000708000000, 0x0000000708200000|  0%| F|  |TAMS 0x0000000708000000, 0x0000000708000000| Untracked 
|  65|0x0000000708200000, 0x0000000708200000, 0x0000000708400000|  0%| F|  |TAMS 0x0000000708200000, 0x0000000708200000| Untracked 
|  66|0x0000000708400000, 0x0000000708400000, 0x0000000708600000|  0%| F|  |TAMS 0x0000000708400000, 0x0000000708400000| Untracked 
|  67|0x0000000708600000, 0x0000000708600000, 0x0000000708800000|  0%| F|  |TAMS 0x0000000708600000, 0x0000000708600000| Untracked 
|  68|0x0000000708800000, 0x0000000708800000, 0x0000000708a00000|  0%| F|  |TAMS 0x0000000708800000, 0x0000000708800000| Untracked 
|  69|0x0000000708a00000, 0x0000000708a00000, 0x0000000708c00000|  0%| F|  |TAMS 0x0000000708a00000, 0x0000000708a00000| Untracked 
|  70|0x0000000708c00000, 0x0000000708c00000, 0x0000000708e00000|  0%| F|  |TAMS 0x0000000708c00000, 0x0000000708c00000| Untracked 
|  71|0x0000000708e00000, 0x0000000708e00000, 0x0000000709000000|  0%| F|  |TAMS 0x0000000708e00000, 0x0000000708e00000| Untracked 
|  72|0x0000000709000000, 0x0000000709000000, 0x0000000709200000|  0%| F|  |TAMS 0x0000000709000000, 0x0000000709000000| Untracked 
|  73|0x0000000709200000, 0x0000000709200000, 0x0000000709400000|  0%| F|  |TAMS 0x0000000709200000, 0x0000000709200000| Untracked 
|  74|0x0000000709400000, 0x0000000709400000, 0x0000000709600000|  0%| F|  |TAMS 0x0000000709400000, 0x0000000709400000| Untracked 
|  75|0x0000000709600000, 0x0000000709600000, 0x0000000709800000|  0%| F|  |TAMS 0x0000000709600000, 0x0000000709600000| Untracked 
|  76|0x0000000709800000, 0x0000000709800000, 0x0000000709a00000|  0%| F|  |TAMS 0x0000000709800000, 0x0000000709800000| Untracked 
|  77|0x0000000709a00000, 0x0000000709a00000, 0x0000000709c00000|  0%| F|  |TAMS 0x0000000709a00000, 0x0000000709a00000| Untracked 
|  78|0x0000000709c00000, 0x0000000709c00000, 0x0000000709e00000|  0%| F|  |TAMS 0x0000000709c00000, 0x0000000709c00000| Untracked 
|  79|0x0000000709e00000, 0x0000000709e00000, 0x000000070a000000|  0%| F|  |TAMS 0x0000000709e00000, 0x0000000709e00000| Untracked 
|  80|0x000000070a000000, 0x000000070a000000, 0x000000070a200000|  0%| F|  |TAMS 0x000000070a000000, 0x000000070a000000| Untracked 
|  81|0x000000070a200000, 0x000000070a200000, 0x000000070a400000|  0%| F|  |TAMS 0x000000070a200000, 0x000000070a200000| Untracked 
|  82|0x000000070a400000, 0x000000070a400000, 0x000000070a600000|  0%| F|  |TAMS 0x000000070a400000, 0x000000070a400000| Untracked 
|  83|0x000000070a600000, 0x000000070a800000, 0x000000070a800000|100%| O|  |TAMS 0x000000070a800000, 0x000000070a600000| Untracked 
|  84|0x000000070a800000, 0x000000070aa00000, 0x000000070aa00000|100%| O|  |TAMS 0x000000070a9fec00, 0x000000070a800000| Untracked 
|  85|0x000000070aa00000, 0x000000070ac00000, 0x000000070ac00000|100%| O|  |TAMS 0x000000070aa00000, 0x000000070aa00000| Untracked 
|  86|0x000000070ac00000, 0x000000070ae00000, 0x000000070ae00000|100%| O|  |TAMS 0x000000070ac00000, 0x000000070ac00000| Untracked 
|  87|0x000000070ae00000, 0x000000070b000000, 0x000000070b000000|100%| O|  |TAMS 0x000000070b000000, 0x000000070ae00000| Untracked 
|  88|0x000000070b000000, 0x000000070b200000, 0x000000070b200000|100%| O|  |TAMS 0x000000070b200000, 0x000000070b000000| Untracked 
|  89|0x000000070b200000, 0x000000070b400000, 0x000000070b400000|100%| O|  |TAMS 0x000000070b400000, 0x000000070b200000| Untracked 
|  90|0x000000070b400000, 0x000000070b400000, 0x000000070b600000|  0%| F|  |TAMS 0x000000070b400000, 0x000000070b400000| Untracked 
|  91|0x000000070b600000, 0x000000070b600000, 0x000000070b800000|  0%| F|  |TAMS 0x000000070b600000, 0x000000070b600000| Untracked 
|  92|0x000000070b800000, 0x000000070b800000, 0x000000070ba00000|  0%| F|  |TAMS 0x000000070b800000, 0x000000070b800000| Untracked 
|  93|0x000000070ba00000, 0x000000070ba00000, 0x000000070bc00000|  0%| F|  |TAMS 0x000000070ba00000, 0x000000070ba00000| Untracked 
|  94|0x000000070bc00000, 0x000000070bc00000, 0x000000070be00000|  0%| F|  |TAMS 0x000000070bc00000, 0x000000070bc00000| Untracked 
|  95|0x000000070be00000, 0x000000070be00000, 0x000000070c000000|  0%| F|  |TAMS 0x000000070be00000, 0x000000070be00000| Untracked 
|  96|0x000000070c000000, 0x000000070c000000, 0x000000070c200000|  0%| F|  |TAMS 0x000000070c000000, 0x000000070c000000| Untracked 
|  97|0x000000070c200000, 0x000000070c200000, 0x000000070c400000|  0%| F|  |TAMS 0x000000070c200000, 0x000000070c200000| Untracked 
|  98|0x000000070c400000, 0x000000070c400000, 0x000000070c600000|  0%| F|  |TAMS 0x000000070c400000, 0x000000070c400000| Untracked 
|  99|0x000000070c600000, 0x000000070c600000, 0x000000070c800000|  0%| F|  |TAMS 0x000000070c600000, 0x000000070c600000| Untracked 
| 100|0x000000070c800000, 0x000000070c800000, 0x000000070ca00000|  0%| F|  |TAMS 0x000000070c800000, 0x000000070c800000| Untracked 
| 101|0x000000070ca00000, 0x000000070ca00000, 0x000000070cc00000|  0%| F|  |TAMS 0x000000070ca00000, 0x000000070ca00000| Untracked 
| 102|0x000000070cc00000, 0x000000070cc00000, 0x000000070ce00000|  0%| F|  |TAMS 0x000000070cc00000, 0x000000070cc00000| Untracked 
| 103|0x000000070ce00000, 0x000000070ce00000, 0x000000070d000000|  0%| F|  |TAMS 0x000000070ce00000, 0x000000070ce00000| Untracked 
| 104|0x000000070d000000, 0x000000070d000000, 0x000000070d200000|  0%| F|  |TAMS 0x000000070d000000, 0x000000070d000000| Untracked 
| 105|0x000000070d200000, 0x000000070d200000, 0x000000070d400000|  0%| F|  |TAMS 0x000000070d200000, 0x000000070d200000| Untracked 
| 106|0x000000070d400000, 0x000000070d400000, 0x000000070d600000|  0%| F|  |TAMS 0x000000070d400000, 0x000000070d400000| Untracked 
| 107|0x000000070d600000, 0x000000070d600000, 0x000000070d800000|  0%| F|  |TAMS 0x000000070d600000, 0x000000070d600000| Untracked 
| 108|0x000000070d800000, 0x000000070d800000, 0x000000070da00000|  0%| F|  |TAMS 0x000000070d800000, 0x000000070d800000| Untracked 
| 109|0x000000070da00000, 0x000000070da00000, 0x000000070dc00000|  0%| F|  |TAMS 0x000000070da00000, 0x000000070da00000| Untracked 
| 110|0x000000070dc00000, 0x000000070dc00000, 0x000000070de00000|  0%| F|  |TAMS 0x000000070dc00000, 0x000000070dc00000| Untracked 
| 111|0x000000070de00000, 0x000000070de00000, 0x000000070e000000|  0%| F|  |TAMS 0x000000070de00000, 0x000000070de00000| Untracked 
| 112|0x000000070e000000, 0x000000070e000000, 0x000000070e200000|  0%| F|  |TAMS 0x000000070e000000, 0x000000070e000000| Untracked 
| 113|0x000000070e200000, 0x000000070e400000, 0x000000070e400000|100%| O|  |TAMS 0x000000070e200000, 0x000000070e200000| Untracked 
| 114|0x000000070e400000, 0x000000070e600000, 0x000000070e600000|100%| O|  |TAMS 0x000000070e400000, 0x000000070e400000| Untracked 
| 115|0x000000070e600000, 0x000000070e800000, 0x000000070e800000|100%| O|  |TAMS 0x000000070e600000, 0x000000070e600000| Untracked 
| 116|0x000000070e800000, 0x000000070ea00000, 0x000000070ea00000|100%| O|  |TAMS 0x000000070e800000, 0x000000070e800000| Untracked 
| 117|0x000000070ea00000, 0x000000070ec00000, 0x000000070ec00000|100%| O|  |TAMS 0x000000070ea00000, 0x000000070ea00000| Untracked 
| 118|0x000000070ec00000, 0x000000070ec00000, 0x000000070ee00000|  0%| F|  |TAMS 0x000000070ec00000, 0x000000070ec00000| Untracked 
| 119|0x000000070ee00000, 0x000000070ee00000, 0x000000070f000000|  0%| F|  |TAMS 0x000000070ee00000, 0x000000070ee00000| Untracked 
| 120|0x000000070f000000, 0x000000070f000000, 0x000000070f200000|  0%| F|  |TAMS 0x000000070f000000, 0x000000070f000000| Untracked 
| 121|0x000000070f200000, 0x000000070f200000, 0x000000070f400000|  0%| F|  |TAMS 0x000000070f200000, 0x000000070f200000| Untracked 
| 122|0x000000070f400000, 0x000000070f400000, 0x000000070f600000|  0%| F|  |TAMS 0x000000070f400000, 0x000000070f400000| Untracked 
| 123|0x000000070f600000, 0x000000070f600000, 0x000000070f800000|  0%| F|  |TAMS 0x000000070f600000, 0x000000070f600000| Untracked 
| 124|0x000000070f800000, 0x000000070f800000, 0x000000070fa00000|  0%| F|  |TAMS 0x000000070f800000, 0x000000070f800000| Untracked 
| 125|0x000000070fa00000, 0x000000070fa00000, 0x000000070fc00000|  0%| F|  |TAMS 0x000000070fa00000, 0x000000070fa00000| Untracked 
| 126|0x000000070fc00000, 0x000000070fc00000, 0x000000070fe00000|  0%| F|  |TAMS 0x000000070fc00000, 0x000000070fc00000| Untracked 
| 127|0x000000070fe00000, 0x000000070fe00000, 0x0000000710000000|  0%| F|  |TAMS 0x000000070fe00000, 0x000000070fe00000| Untracked 
| 128|0x0000000710000000, 0x0000000710000000, 0x0000000710200000|  0%| F|  |TAMS 0x0000000710000000, 0x0000000710000000| Untracked 
| 129|0x0000000710200000, 0x0000000710200000, 0x0000000710400000|  0%| F|  |TAMS 0x0000000710200000, 0x0000000710200000| Untracked 
| 130|0x0000000710400000, 0x0000000710400000, 0x0000000710600000|  0%| F|  |TAMS 0x0000000710400000, 0x0000000710400000| Untracked 
| 131|0x0000000710600000, 0x0000000710600000, 0x0000000710800000|  0%| F|  |TAMS 0x0000000710600000, 0x0000000710600000| Untracked 
| 132|0x0000000710800000, 0x0000000710800000, 0x0000000710a00000|  0%| F|  |TAMS 0x0000000710800000, 0x0000000710800000| Untracked 
| 133|0x0000000710a00000, 0x0000000710a00000, 0x0000000710c00000|  0%| F|  |TAMS 0x0000000710a00000, 0x0000000710a00000| Untracked 
| 134|0x0000000710c00000, 0x0000000710c00000, 0x0000000710e00000|  0%| F|  |TAMS 0x0000000710c00000, 0x0000000710c00000| Untracked 
| 135|0x0000000710e00000, 0x0000000710e00000, 0x0000000711000000|  0%| F|  |TAMS 0x0000000710e00000, 0x0000000710e00000| Untracked 
| 136|0x0000000711000000, 0x0000000711000000, 0x0000000711200000|  0%| F|  |TAMS 0x0000000711000000, 0x0000000711000000| Untracked 
| 137|0x0000000711200000, 0x0000000711200000, 0x0000000711400000|  0%| F|  |TAMS 0x0000000711200000, 0x0000000711200000| Untracked 
| 138|0x0000000711400000, 0x0000000711400000, 0x0000000711600000|  0%| F|  |TAMS 0x0000000711400000, 0x0000000711400000| Untracked 
| 139|0x0000000711600000, 0x0000000711600000, 0x0000000711800000|  0%| F|  |TAMS 0x0000000711600000, 0x0000000711600000| Untracked 
| 140|0x0000000711800000, 0x0000000711800000, 0x0000000711a00000|  0%| F|  |TAMS 0x0000000711800000, 0x0000000711800000| Untracked 
| 141|0x0000000711a00000, 0x0000000711a00000, 0x0000000711c00000|  0%| F|  |TAMS 0x0000000711a00000, 0x0000000711a00000| Untracked 
| 142|0x0000000711c00000, 0x0000000711c00000, 0x0000000711e00000|  0%| F|  |TAMS 0x0000000711c00000, 0x0000000711c00000| Untracked 
| 143|0x0000000711e00000, 0x0000000711e00000, 0x0000000712000000|  0%| F|  |TAMS 0x0000000711e00000, 0x0000000711e00000| Untracked 
| 144|0x0000000712000000, 0x0000000712000000, 0x0000000712200000|  0%| F|  |TAMS 0x0000000712000000, 0x0000000712000000| Untracked 
| 145|0x0000000712200000, 0x0000000712200000, 0x0000000712400000|  0%| F|  |TAMS 0x0000000712200000, 0x0000000712200000| Untracked 
| 146|0x0000000712400000, 0x0000000712400000, 0x0000000712600000|  0%| F|  |TAMS 0x0000000712400000, 0x0000000712400000| Untracked 
| 147|0x0000000712600000, 0x0000000712600000, 0x0000000712800000|  0%| F|  |TAMS 0x0000000712600000, 0x0000000712600000| Untracked 
| 148|0x0000000712800000, 0x0000000712800000, 0x0000000712a00000|  0%| F|  |TAMS 0x0000000712800000, 0x0000000712800000| Untracked 
| 149|0x0000000712a00000, 0x0000000712a00000, 0x0000000712c00000|  0%| F|  |TAMS 0x0000000712a00000, 0x0000000712a00000| Untracked 
| 150|0x0000000712c00000, 0x0000000712c00000, 0x0000000712e00000|  0%| F|  |TAMS 0x0000000712c00000, 0x0000000712c00000| Untracked 
| 151|0x0000000712e00000, 0x0000000712e00000, 0x0000000713000000|  0%| F|  |TAMS 0x0000000712e00000, 0x0000000712e00000| Untracked 
| 152|0x0000000713000000, 0x0000000713000000, 0x0000000713200000|  0%| F|  |TAMS 0x0000000713000000, 0x0000000713000000| Untracked 
| 153|0x0000000713200000, 0x0000000713200000, 0x0000000713400000|  0%| F|  |TAMS 0x0000000713200000, 0x0000000713200000| Untracked 
| 154|0x0000000713400000, 0x0000000713400000, 0x0000000713600000|  0%| F|  |TAMS 0x0000000713400000, 0x0000000713400000| Untracked 
| 155|0x0000000713600000, 0x0000000713600000, 0x0000000713800000|  0%| F|  |TAMS 0x0000000713600000, 0x0000000713600000| Untracked 
| 156|0x0000000713800000, 0x0000000713800000, 0x0000000713a00000|  0%| F|  |TAMS 0x0000000713800000, 0x0000000713800000| Untracked 
| 157|0x0000000713a00000, 0x0000000713a00000, 0x0000000713c00000|  0%| F|  |TAMS 0x0000000713a00000, 0x0000000713a00000| Untracked 
| 158|0x0000000713c00000, 0x0000000713c00000, 0x0000000713e00000|  0%| F|  |TAMS 0x0000000713c00000, 0x0000000713c00000| Untracked 
| 159|0x0000000713e00000, 0x0000000713e00000, 0x0000000714000000|  0%| F|  |TAMS 0x0000000713e00000, 0x0000000713e00000| Untracked 
| 160|0x0000000714000000, 0x0000000714000000, 0x0000000714200000|  0%| F|  |TAMS 0x0000000714000000, 0x0000000714000000| Untracked 
| 161|0x0000000714200000, 0x0000000714200000, 0x0000000714400000|  0%| F|  |TAMS 0x0000000714200000, 0x0000000714200000| Untracked 
| 162|0x0000000714400000, 0x0000000714400000, 0x0000000714600000|  0%| F|  |TAMS 0x0000000714400000, 0x0000000714400000| Untracked 
| 163|0x0000000714600000, 0x0000000714600000, 0x0000000714800000|  0%| F|  |TAMS 0x0000000714600000, 0x0000000714600000| Untracked 
| 164|0x0000000714800000, 0x0000000714800000, 0x0000000714a00000|  0%| F|  |TAMS 0x0000000714800000, 0x0000000714800000| Untracked 
| 165|0x0000000714a00000, 0x0000000714a00000, 0x0000000714c00000|  0%| F|  |TAMS 0x0000000714a00000, 0x0000000714a00000| Untracked 
| 166|0x0000000714c00000, 0x0000000714c00000, 0x0000000714e00000|  0%| F|  |TAMS 0x0000000714c00000, 0x0000000714c00000| Untracked 
| 167|0x0000000714e00000, 0x0000000714e00000, 0x0000000715000000|  0%| F|  |TAMS 0x0000000714e00000, 0x0000000714e00000| Untracked 
| 168|0x0000000715000000, 0x0000000715000000, 0x0000000715200000|  0%| F|  |TAMS 0x0000000715000000, 0x0000000715000000| Untracked 
| 169|0x0000000715200000, 0x0000000715200000, 0x0000000715400000|  0%| F|  |TAMS 0x0000000715200000, 0x0000000715200000| Untracked 
| 170|0x0000000715400000, 0x0000000715400000, 0x0000000715600000|  0%| F|  |TAMS 0x0000000715400000, 0x0000000715400000| Untracked 
| 171|0x0000000715600000, 0x0000000715600000, 0x0000000715800000|  0%| F|  |TAMS 0x0000000715600000, 0x0000000715600000| Untracked 
| 172|0x0000000715800000, 0x0000000715800000, 0x0000000715a00000|  0%| F|  |TAMS 0x0000000715800000, 0x0000000715800000| Untracked 
| 173|0x0000000715a00000, 0x0000000715a00000, 0x0000000715c00000|  0%| F|  |TAMS 0x0000000715a00000, 0x0000000715a00000| Untracked 
| 174|0x0000000715c00000, 0x0000000715c00000, 0x0000000715e00000|  0%| F|  |TAMS 0x0000000715c00000, 0x0000000715c00000| Untracked 
| 175|0x0000000715e00000, 0x0000000715e00000, 0x0000000716000000|  0%| F|  |TAMS 0x0000000715e00000, 0x0000000715e00000| Untracked 
| 176|0x0000000716000000, 0x0000000716000000, 0x0000000716200000|  0%| F|  |TAMS 0x0000000716000000, 0x0000000716000000| Untracked 
| 177|0x0000000716200000, 0x0000000716200000, 0x0000000716400000|  0%| F|  |TAMS 0x0000000716200000, 0x0000000716200000| Untracked 
| 178|0x0000000716400000, 0x0000000716400000, 0x0000000716600000|  0%| F|  |TAMS 0x0000000716400000, 0x0000000716400000| Untracked 
| 179|0x0000000716600000, 0x0000000716600000, 0x0000000716800000|  0%| F|  |TAMS 0x0000000716600000, 0x0000000716600000| Untracked 
| 180|0x0000000716800000, 0x0000000716800000, 0x0000000716a00000|  0%| F|  |TAMS 0x0000000716800000, 0x0000000716800000| Untracked 
| 181|0x0000000716a00000, 0x0000000716a00000, 0x0000000716c00000|  0%| F|  |TAMS 0x0000000716a00000, 0x0000000716a00000| Untracked 
| 182|0x0000000716c00000, 0x0000000716c00000, 0x0000000716e00000|  0%| F|  |TAMS 0x0000000716c00000, 0x0000000716c00000| Untracked 
| 183|0x0000000716e00000, 0x0000000716e00000, 0x0000000717000000|  0%| F|  |TAMS 0x0000000716e00000, 0x0000000716e00000| Untracked 
| 184|0x0000000717000000, 0x0000000717000000, 0x0000000717200000|  0%| F|  |TAMS 0x0000000717000000, 0x0000000717000000| Untracked 
| 185|0x0000000717200000, 0x0000000717200000, 0x0000000717400000|  0%| F|  |TAMS 0x0000000717200000, 0x0000000717200000| Untracked 
| 186|0x0000000717400000, 0x0000000717400000, 0x0000000717600000|  0%| F|  |TAMS 0x0000000717400000, 0x0000000717400000| Untracked 
| 187|0x0000000717600000, 0x0000000717605f68, 0x0000000717800000|  1%| E|  |TAMS 0x0000000717600000, 0x0000000717600000| Complete 
| 188|0x0000000717800000, 0x0000000717a00000, 0x0000000717a00000|100%| E|CS|TAMS 0x0000000717800000, 0x0000000717800000| Complete 
| 189|0x0000000717a00000, 0x0000000717c00000, 0x0000000717c00000|100%| E|CS|TAMS 0x0000000717a00000, 0x0000000717a00000| Complete 
| 190|0x0000000717c00000, 0x0000000717e00000, 0x0000000717e00000|100%| E|CS|TAMS 0x0000000717c00000, 0x0000000717c00000| Complete 
| 191|0x0000000717e00000, 0x0000000718000000, 0x0000000718000000|100%| E|CS|TAMS 0x0000000717e00000, 0x0000000717e00000| Complete 
| 192|0x0000000718000000, 0x0000000718200000, 0x0000000718200000|100%| E|CS|TAMS 0x0000000718000000, 0x0000000718000000| Complete 
| 193|0x0000000718200000, 0x0000000718400000, 0x0000000718400000|100%| E|CS|TAMS 0x0000000718200000, 0x0000000718200000| Complete 
| 194|0x0000000718400000, 0x0000000718600000, 0x0000000718600000|100%| E|CS|TAMS 0x0000000718400000, 0x0000000718400000| Complete 
| 195|0x0000000718600000, 0x0000000718800000, 0x0000000718800000|100%| E|CS|TAMS 0x0000000718600000, 0x0000000718600000| Complete 
| 196|0x0000000718800000, 0x0000000718a00000, 0x0000000718a00000|100%| E|CS|TAMS 0x0000000718800000, 0x0000000718800000| Complete 
| 197|0x0000000718a00000, 0x0000000718c00000, 0x0000000718c00000|100%| E|  |TAMS 0x0000000718a00000, 0x0000000718a00000| Complete 
| 198|0x0000000718c00000, 0x0000000718e00000, 0x0000000718e00000|100%| E|CS|TAMS 0x0000000718c00000, 0x0000000718c00000| Complete 
| 199|0x0000000718e00000, 0x0000000719000000, 0x0000000719000000|100%| E|CS|TAMS 0x0000000718e00000, 0x0000000718e00000| Complete 
| 200|0x0000000719000000, 0x0000000719200000, 0x0000000719200000|100%| E|CS|TAMS 0x0000000719000000, 0x0000000719000000| Complete 
| 201|0x0000000719200000, 0x0000000719400000, 0x0000000719400000|100%| E|CS|TAMS 0x0000000719200000, 0x0000000719200000| Complete 
| 202|0x0000000719400000, 0x0000000719600000, 0x0000000719600000|100%| E|CS|TAMS 0x0000000719400000, 0x0000000719400000| Complete 
| 203|0x0000000719600000, 0x0000000719800000, 0x0000000719800000|100%| E|CS|TAMS 0x0000000719600000, 0x0000000719600000| Complete 
| 204|0x0000000719800000, 0x0000000719a00000, 0x0000000719a00000|100%| E|CS|TAMS 0x0000000719800000, 0x0000000719800000| Complete 
| 205|0x0000000719a00000, 0x0000000719c00000, 0x0000000719c00000|100%| E|CS|TAMS 0x0000000719a00000, 0x0000000719a00000| Complete 
| 206|0x0000000719c00000, 0x0000000719e00000, 0x0000000719e00000|100%| E|CS|TAMS 0x0000000719c00000, 0x0000000719c00000| Complete 
| 207|0x0000000719e00000, 0x000000071a000000, 0x000000071a000000|100%| E|CS|TAMS 0x0000000719e00000, 0x0000000719e00000| Complete 
| 208|0x000000071a000000, 0x000000071a200000, 0x000000071a200000|100%| E|CS|TAMS 0x000000071a000000, 0x000000071a000000| Complete 
| 209|0x000000071a200000, 0x000000071a400000, 0x000000071a400000|100%| E|CS|TAMS 0x000000071a200000, 0x000000071a200000| Complete 
| 210|0x000000071a400000, 0x000000071a600000, 0x000000071a600000|100%| E|CS|TAMS 0x000000071a400000, 0x000000071a400000| Complete 
| 211|0x000000071a600000, 0x000000071a800000, 0x000000071a800000|100%| E|CS|TAMS 0x000000071a600000, 0x000000071a600000| Complete 
| 212|0x000000071a800000, 0x000000071aa00000, 0x000000071aa00000|100%| E|CS|TAMS 0x000000071a800000, 0x000000071a800000| Complete 
| 213|0x000000071aa00000, 0x000000071ac00000, 0x000000071ac00000|100%| E|CS|TAMS 0x000000071aa00000, 0x000000071aa00000| Complete 
| 214|0x000000071ac00000, 0x000000071ae00000, 0x000000071ae00000|100%| E|CS|TAMS 0x000000071ac00000, 0x000000071ac00000| Complete 
| 215|0x000000071ae00000, 0x000000071b000000, 0x000000071b000000|100%| E|CS|TAMS 0x000000071ae00000, 0x000000071ae00000| Complete 
| 216|0x000000071b000000, 0x000000071b200000, 0x000000071b200000|100%| E|CS|TAMS 0x000000071b000000, 0x000000071b000000| Complete 
| 217|0x000000071b200000, 0x000000071b400000, 0x000000071b400000|100%| E|CS|TAMS 0x000000071b200000, 0x000000071b200000| Complete 
| 218|0x000000071b400000, 0x000000071b600000, 0x000000071b600000|100%| E|CS|TAMS 0x000000071b400000, 0x000000071b400000| Complete 
| 219|0x000000071b600000, 0x000000071b800000, 0x000000071b800000|100%| E|CS|TAMS 0x000000071b600000, 0x000000071b600000| Complete 
| 220|0x000000071b800000, 0x000000071ba00000, 0x000000071ba00000|100%| E|CS|TAMS 0x000000071b800000, 0x000000071b800000| Complete 
| 221|0x000000071ba00000, 0x000000071bc00000, 0x000000071bc00000|100%| E|CS|TAMS 0x000000071ba00000, 0x000000071ba00000| Complete 
| 222|0x000000071bc00000, 0x000000071be00000, 0x000000071be00000|100%| E|CS|TAMS 0x000000071bc00000, 0x000000071bc00000| Complete 
| 223|0x000000071be00000, 0x000000071c000000, 0x000000071c000000|100%| E|CS|TAMS 0x000000071be00000, 0x000000071be00000| Complete 
| 224|0x000000071c000000, 0x000000071c200000, 0x000000071c200000|100%| E|CS|TAMS 0x000000071c000000, 0x000000071c000000| Complete 
| 225|0x000000071c200000, 0x000000071c400000, 0x000000071c400000|100%| E|CS|TAMS 0x000000071c200000, 0x000000071c200000| Complete 
| 226|0x000000071c400000, 0x000000071c600000, 0x000000071c600000|100%| E|CS|TAMS 0x000000071c400000, 0x000000071c400000| Complete 
| 227|0x000000071c600000, 0x000000071c800000, 0x000000071c800000|100%| E|CS|TAMS 0x000000071c600000, 0x000000071c600000| Complete 
| 228|0x000000071c800000, 0x000000071ca00000, 0x000000071ca00000|100%| E|CS|TAMS 0x000000071c800000, 0x000000071c800000| Complete 
| 229|0x000000071ca00000, 0x000000071cc00000, 0x000000071cc00000|100%| E|CS|TAMS 0x000000071ca00000, 0x000000071ca00000| Complete 
| 230|0x000000071cc00000, 0x000000071ce00000, 0x000000071ce00000|100%| E|CS|TAMS 0x000000071cc00000, 0x000000071cc00000| Complete 
| 231|0x000000071ce00000, 0x000000071d000000, 0x000000071d000000|100%| E|CS|TAMS 0x000000071ce00000, 0x000000071ce00000| Complete 
| 232|0x000000071d000000, 0x000000071d100080, 0x000000071d200000| 50%| S|CS|TAMS 0x000000071d000000, 0x000000071d000000| Complete 
| 233|0x000000071d200000, 0x000000071d400000, 0x000000071d400000|100%| S|CS|TAMS 0x000000071d200000, 0x000000071d200000| Complete 
| 234|0x000000071d400000, 0x000000071d600000, 0x000000071d600000|100%| E|CS|TAMS 0x000000071d400000, 0x000000071d400000| Complete 
| 235|0x000000071d600000, 0x000000071d800000, 0x000000071d800000|100%| E|CS|TAMS 0x000000071d600000, 0x000000071d600000| Complete 
| 236|0x000000071d800000, 0x000000071da00000, 0x000000071da00000|100%| E|CS|TAMS 0x000000071d800000, 0x000000071d800000| Complete 
| 237|0x000000071da00000, 0x000000071dc00000, 0x000000071dc00000|100%| E|CS|TAMS 0x000000071da00000, 0x000000071da00000| Complete 
| 238|0x000000071dc00000, 0x000000071de00000, 0x000000071de00000|100%| E|CS|TAMS 0x000000071dc00000, 0x000000071dc00000| Complete 
| 239|0x000000071de00000, 0x000000071e000000, 0x000000071e000000|100%| E|CS|TAMS 0x000000071de00000, 0x000000071de00000| Complete 
| 240|0x000000071e000000, 0x000000071e200000, 0x000000071e200000|100%| E|CS|TAMS 0x000000071e000000, 0x000000071e000000| Complete 
| 241|0x000000071e200000, 0x000000071e400000, 0x000000071e400000|100%| E|CS|TAMS 0x000000071e200000, 0x000000071e200000| Complete 
| 242|0x000000071e400000, 0x000000071e600000, 0x000000071e600000|100%| E|CS|TAMS 0x000000071e400000, 0x000000071e400000| Complete 

Card table byte_map: [0x00000289ed8f0000,0x00000289ee0f0000] _byte_map_base: 0x00000289ea0f0000

Marking Bits (Prev, Next): (CMBitMap*) 0x00000289daa91370, (CMBitMap*) 0x00000289daa913b0
 Prev Bits: [0x00000289ee8f0000, 0x00000289f28f0000)
 Next Bits: [0x00000289f28f0000, 0x00000289f68f0000)

Polling page: 0x00000289d88e0000

Metaspace:

Usage:
  Non-class:    102.70 MB used.
      Class:     15.78 MB used.
       Both:    118.48 MB used.

Virtual space:
  Non-class space:      104.00 MB reserved,     103.25 MB (>99%) committed,  13 nodes.
      Class space:        1.00 GB reserved,      16.31 MB (  2%) committed,  1 nodes.
             Both:        1.10 GB reserved,     119.56 MB ( 11%) committed. 

Chunk freelists:
   Non-Class:  16.00 KB
       Class:  3.57 MB
        Both:  3.58 MB

MaxMetaspaceSize: unlimited
CompressedClassSpaceSize: 1.00 GB
Initial GC threshold: 21.00 MB
Current GC threshold: 197.94 MB
CDS: off
MetaspaceReclaimPolicy: balanced
 - commit_granule_bytes: 65536.
 - commit_granule_words: 8192.
 - virtual_space_node_default_size: 1048576.
 - enlarge_chunks_in_place: 1.
 - new_chunks_are_fully_committed: 0.
 - uncommit_free_chunks: 1.
 - use_allocation_guard: 0.
 - handle_deallocations: 1.


Internal statistics:

num_allocs_failed_limit: 12.
num_arena_births: 1616.
num_arena_deaths: 10.
num_vsnodes_births: 14.
num_vsnodes_deaths: 0.
num_space_committed: 1913.
num_space_uncommitted: 0.
num_chunks_returned_to_freelist: 26.
num_chunks_taken_from_freelist: 6421.
num_chunk_merges: 8.
num_chunk_splits: 4015.
num_chunks_enlarged: 2457.
num_purges: 2.
num_inconsistent_stats: 0.

CodeHeap 'non-profiled nmethods': size=120000Kb used=11439Kb max_used=11660Kb free=108560Kb
 bounds [0x00000289e59a0000, 0x00000289e6510000, 0x00000289eced0000]
CodeHeap 'profiled nmethods': size=120000Kb used=31828Kb max_used=33200Kb free=88171Kb
 bounds [0x00000289dded0000, 0x00000289dff40000, 0x00000289e5400000]
CodeHeap 'non-nmethods': size=5760Kb used=2471Kb max_used=2583Kb free=3288Kb
 bounds [0x00000289e5400000, 0x00000289e56a0000, 0x00000289e59a0000]
 total_blobs=17536 nmethods=16526 adapters=921
 compilation: enabled
              stopped_count=0, restarted_count=0
 full_count=0

Compilation events (20 events):
Event: 2762.332 Thread 0x00000289f9ca3010 nmethod 19720 0x00000289e607e310 code [0x00000289e607e480, 0x00000289e607e518]
Event: 2762.332 Thread 0x00000289f9ca5530 19719       3       java.nio.charset.CharsetDecoder::onMalformedInput (26 bytes)
Event: 2762.333 Thread 0x00000289f9ca5530 nmethod 19719 0x00000289ddf87110 code [0x00000289ddf872c0, 0x00000289ddf87628]
Event: 2762.333 Thread 0x00000289f9ca5530 19721       3       org.gradle.internal.operations.DefaultBuildOperationListenerManager$1::progress (47 bytes)
Event: 2762.333 Thread 0x00000289f9ca5530 nmethod 19721 0x00000289de199810 code [0x00000289de199a00, 0x00000289de199f88]
Event: 2762.333 Thread 0x00000289f9ca5530 19722       3       org.gradle.internal.operations.DefaultBuildOperationAncestryTracker::progress (1 bytes)
Event: 2762.333 Thread 0x00000289f9ca5530 nmethod 19722 0x00000289ddf5ff90 code [0x00000289ddf60120, 0x00000289ddf60238]
Event: 2762.333 Thread 0x00000289f9ca3010 19724       4       org.gradle.internal.io.LineBufferingOutputStream::write (59 bytes)
Event: 2762.333 Thread 0x00000289f9ca5530 19723       3       org.gradle.internal.operations.logging.LoggingBuildOperationProgressBroadcaster::emit (14 bytes)
Event: 2762.333 Thread 0x00000289f9ca5530 nmethod 19723 0x00000289ddf8ce10 code [0x00000289ddf8cfc0, 0x00000289ddf8d1c8]
Event: 2762.334 Thread 0x00000289f9ca5530 19727       3       org.gradle.internal.logging.events.StyledTextOutputEvent::<init> (24 bytes)
Event: 2762.334 Thread 0x00000289f9ca5530 nmethod 19727 0x00000289de026010 code [0x00000289de0261c0, 0x00000289de0263f8]
Event: 2762.334 Thread 0x00000289f9ca5530 19728       1       org.gradle.internal.logging.events.StyledTextOutputEvent$Span::access$000 (5 bytes)
Event: 2762.334 Thread 0x00000289f9ca5530 nmethod 19728 0x00000289e5d2ae90 code [0x00000289e5d2b020, 0x00000289e5d2b0d8]
Event: 2762.334 Thread 0x00000289f9ca5530 19729       1       org.gradle.internal.logging.events.StyledTextOutputEvent$Span::access$100 (5 bytes)
Event: 2762.334 Thread 0x00000289f9ca5530 nmethod 19729 0x00000289e5e1dc90 code [0x00000289e5e1de20, 0x00000289e5e1ded8]
Event: 2762.335 Thread 0x00000289f9ca5530 19732       3       org.gradle.internal.logging.services.TextStreamOutputEventListener::onOutput (45 bytes)
Event: 2762.335 Thread 0x00000289f9ca5530 nmethod 19732 0x00000289de8c2090 code [0x00000289de8c2280, 0x00000289de8c2a38]
Event: 2762.335 Thread 0x00000289f9ca3010 nmethod 19724 0x00000289e5f43390 code [0x00000289e5f43520, 0x00000289e5f43768]
Event: 2762.335 Thread 0x00000289f9ca3010 19731       4       org.gradle.internal.logging.text.AbstractLineChoppingStyledTextOutput$1::execute (9 bytes)

GC Heap History (20 events):
Event: 41.961 GC heap before
{Heap before GC invocations=52 (full 0):
 garbage-first heap   total 272384K, used 226193K [0x0000000700000000, 0x0000000800000000)
  region size 2048K, 7 young (14336K), 4 survivors (8192K)
 Metaspace       used 113077K, committed 113984K, reserved 1155072K
  class space    used 15409K, committed 15872K, reserved 1048576K
}
Event: 41.975 GC heap after
{Heap after GC invocations=53 (full 0):
 garbage-first heap   total 272384K, used 222462K [0x0000000700000000, 0x0000000800000000)
  region size 2048K, 1 young (2048K), 1 survivors (2048K)
 Metaspace       used 113077K, committed 113984K, reserved 1155072K
  class space    used 15409K, committed 15872K, reserved 1048576K
}
Event: 42.267 GC heap before
{Heap before GC invocations=53 (full 0):
 garbage-first heap   total 272384K, used 234750K [0x0000000700000000, 0x0000000800000000)
  region size 2048K, 9 young (18432K), 1 survivors (2048K)
 Metaspace       used 113258K, committed 114240K, reserved 1155072K
  class space    used 15420K, committed 15872K, reserved 1048576K
}
Event: 42.271 GC heap after
{Heap after GC invocations=54 (full 0):
 garbage-first heap   total 272384K, used 222410K [0x0000000700000000, 0x0000000800000000)
  region size 2048K, 1 young (2048K), 1 survivors (2048K)
 Metaspace       used 113258K, committed 114240K, reserved 1155072K
  class space    used 15420K, committed 15872K, reserved 1048576K
}
Event: 43.518 GC heap before
{Heap before GC invocations=54 (full 0):
 garbage-first heap   total 272384K, used 234698K [0x0000000700000000, 0x0000000800000000)
  region size 2048K, 8 young (16384K), 1 survivors (2048K)
 Metaspace       used 113741K, committed 114688K, reserved 1155072K
  class space    used 15479K, committed 15936K, reserved 1048576K
}
Event: 43.522 GC heap after
{Heap after GC invocations=55 (full 0):
 garbage-first heap   total 272384K, used 223988K [0x0000000700000000, 0x0000000800000000)
  region size 2048K, 1 young (2048K), 1 survivors (2048K)
 Metaspace       used 113741K, committed 114688K, reserved 1155072K
  class space    used 15479K, committed 15936K, reserved 1048576K
}
Event: 44.439 GC heap before
{Heap before GC invocations=55 (full 0):
 garbage-first heap   total 272384K, used 236276K [0x0000000700000000, 0x0000000800000000)
  region size 2048K, 7 young (14336K), 1 survivors (2048K)
 Metaspace       used 114740K, committed 115648K, reserved 1155072K
  class space    used 15631K, committed 16064K, reserved 1048576K
}
Event: 44.444 GC heap after
{Heap after GC invocations=56 (full 0):
 garbage-first heap   total 272384K, used 225737K [0x0000000700000000, 0x0000000800000000)
  region size 2048K, 1 young (2048K), 1 survivors (2048K)
 Metaspace       used 114740K, committed 115648K, reserved 1155072K
  class space    used 15631K, committed 16064K, reserved 1048576K
}
Event: 44.879 GC heap before
{Heap before GC invocations=57 (full 0):
 garbage-first heap   total 305152K, used 186825K [0x0000000700000000, 0x0000000800000000)
  region size 2048K, 6 young (12288K), 1 survivors (2048K)
 Metaspace       used 114909K, committed 115840K, reserved 1155072K
  class space    used 15660K, committed 16064K, reserved 1048576K
}
Event: 44.882 GC heap after
{Heap after GC invocations=58 (full 0):
 garbage-first heap   total 305152K, used 178988K [0x0000000700000000, 0x0000000800000000)
  region size 2048K, 1 young (2048K), 1 survivors (2048K)
 Metaspace       used 114909K, committed 115840K, reserved 1155072K
  class space    used 15660K, committed 16064K, reserved 1048576K
}
Event: 45.763 GC heap before
{Heap before GC invocations=58 (full 0):
 garbage-first heap   total 305152K, used 293676K [0x0000000700000000, 0x0000000800000000)
  region size 2048K, 4 young (8192K), 1 survivors (2048K)
 Metaspace       used 115027K, committed 115968K, reserved 1155072K
  class space    used 15673K, committed 16128K, reserved 1048576K
}
Event: 45.767 GC heap after
{Heap after GC invocations=59 (full 0):
 garbage-first heap   total 497664K, used 196826K [0x0000000700000000, 0x0000000800000000)
  region size 2048K, 1 young (2048K), 1 survivors (2048K)
 Metaspace       used 115027K, committed 115968K, reserved 1155072K
  class space    used 15673K, committed 16128K, reserved 1048576K
}
Event: 931.386 GC heap before
{Heap before GC invocations=59 (full 0):
 garbage-first heap   total 497664K, used 403674K [0x0000000700000000, 0x0000000800000000)
  region size 2048K, 96 young (196608K), 1 survivors (2048K)
 Metaspace       used 120169K, committed 121280K, reserved 1155072K
  class space    used 16095K, committed 16640K, reserved 1048576K
}
Event: 931.477 GC heap after
{Heap after GC invocations=60 (full 0):
 garbage-first heap   total 497664K, used 194982K [0x0000000700000000, 0x0000000800000000)
  region size 2048K, 9 young (18432K), 9 survivors (18432K)
 Metaspace       used 120169K, committed 121280K, reserved 1155072K
  class space    used 16095K, committed 16640K, reserved 1048576K
}
Event: 943.043 GC heap before
{Heap before GC invocations=60 (full 0):
 garbage-first heap   total 497664K, used 309670K [0x0000000700000000, 0x0000000800000000)
  region size 2048K, 44 young (90112K), 9 survivors (18432K)
 Metaspace       used 120523K, committed 121600K, reserved 1155072K
  class space    used 16113K, committed 16640K, reserved 1048576K
}
Event: 943.145 GC heap after
{Heap after GC invocations=61 (full 0):
 garbage-first heap   total 497664K, used 247208K [0x0000000700000000, 0x0000000800000000)
  region size 2048K, 3 young (6144K), 3 survivors (6144K)
 Metaspace       used 120523K, committed 121600K, reserved 1155072K
  class space    used 16113K, committed 16640K, reserved 1048576K
}
Event: 2749.060 GC heap before
{Heap before GC invocations=62 (full 0):
 garbage-first heap   total 497664K, used 472488K [0x0000000700000000, 0x0000000800000000)
  region size 2048K, 53 young (108544K), 3 survivors (6144K)
 Metaspace       used 120749K, committed 121856K, reserved 1155072K
  class space    used 16119K, committed 16640K, reserved 1048576K
}
Event: 2749.271 GC heap after
{Heap after GC invocations=63 (full 0):
 garbage-first heap   total 497664K, used 151944K [0x0000000700000000, 0x0000000800000000)
  region size 2048K, 3 young (6144K), 3 survivors (6144K)
 Metaspace       used 120749K, committed 121856K, reserved 1155072K
  class space    used 16119K, committed 16640K, reserved 1048576K
}
Event: 2751.446 GC heap before
{Heap before GC invocations=63 (full 0):
 garbage-first heap   total 497664K, used 168328K [0x0000000700000000, 0x0000000800000000)
  region size 2048K, 12 young (24576K), 3 survivors (6144K)
 Metaspace       used 120815K, committed 121856K, reserved 1155072K
  class space    used 16119K, committed 16640K, reserved 1048576K
}
Event: 2751.616 GC heap after
{Heap after GC invocations=64 (full 0):
 garbage-first heap   total 497664K, used 153232K [0x0000000700000000, 0x0000000800000000)
  region size 2048K, 2 young (4096K), 2 survivors (4096K)
 Metaspace       used 120815K, committed 121856K, reserved 1155072K
  class space    used 16119K, committed 16640K, reserved 1048576K
}

Dll operation events (2 events):
Event: 0.007 Loaded shared library C:\Program Files\Android\Android Studio\jbr\bin\java.dll
Event: 0.362 Loaded shared library C:\Program Files\Android\Android Studio\jbr\bin\verify.dll

Deoptimization events (20 events):
Event: 2753.684 Thread 0x00000289804e5230 DEOPT PACKING pc=0x00000289de310710 sp=0x000000e4118f9250
Event: 2753.688 Thread 0x00000289804e5230 DEOPT UNPACKING pc=0x00000289e5457143 sp=0x000000e4118f86f8 mode 0
Event: 2753.752 Thread 0x00000289804e5230 DEOPT PACKING pc=0x00000289de1aa964 sp=0x000000e4118f8cf0
Event: 2753.753 Thread 0x00000289804e5230 DEOPT UNPACKING pc=0x00000289e5457143 sp=0x000000e4118f8188 mode 0
Event: 2753.780 Thread 0x00000289804e5230 DEOPT PACKING pc=0x00000289de310710 sp=0x000000e4118f8c90
Event: 2753.780 Thread 0x00000289804e5230 DEOPT UNPACKING pc=0x00000289e5457143 sp=0x000000e4118f8138 mode 0
Event: 2761.665 Thread 0x0000028985ddbaa0 Uncommon trap: trap_request=0xffffff45 fr.pc=0x00000289e63eeb00 relative=0x00000000000031e0
Event: 2761.665 Thread 0x0000028985ddbaa0 Uncommon trap: reason=unstable_if action=reinterpret pc=0x00000289e63eeb00 method=org.gradle.internal.logging.sink.LogEventDispatcher.onOutput(Lorg/gradle/internal/logging/events/OutputEvent;)V @ 35 c2
Event: 2761.665 Thread 0x0000028985ddbaa0 DEOPT PACKING pc=0x00000289e63eeb00 sp=0x000000e419efea90
Event: 2761.665 Thread 0x0000028985ddbaa0 DEOPT UNPACKING pc=0x00000289e54569a3 sp=0x000000e419efea40 mode 2
Event: 2761.666 Thread 0x0000028985ddbaa0 Uncommon trap: trap_request=0xffffff45 fr.pc=0x00000289e61d6a3c relative=0x0000000000002c3c
Event: 2761.667 Thread 0x0000028985ddbaa0 Uncommon trap: reason=unstable_if action=reinterpret pc=0x00000289e61d6a3c method=org.gradle.internal.logging.text.AbstractLineChoppingStyledTextOutput$2.execute(Lorg/gradle/internal/logging/text/AbstractLineChoppingStyledTextOutput$StateContext;)V @ 34 c
Event: 2761.667 Thread 0x0000028985ddbaa0 DEOPT PACKING pc=0x00000289e61d6a3c sp=0x000000e419efe720
Event: 2761.667 Thread 0x0000028985ddbaa0 DEOPT UNPACKING pc=0x00000289e54569a3 sp=0x000000e419efe5f8 mode 2
Event: 2762.322 Thread 0x0000028985ddbaa0 Uncommon trap: trap_request=0xffffff45 fr.pc=0x00000289e5faae60 relative=0x00000000000005e0
Event: 2762.322 Thread 0x0000028985ddbaa0 Uncommon trap: reason=unstable_if action=reinterpret pc=0x00000289e5faae60 method=org.gradle.internal.logging.text.AbstractLineChoppingStyledTextOutput$2.execute(Lorg/gradle/internal/logging/text/AbstractLineChoppingStyledTextOutput$StateContext;)V @ 34 c
Event: 2762.322 Thread 0x0000028985ddbaa0 DEOPT PACKING pc=0x00000289e5faae60 sp=0x000000e419efe750
Event: 2762.323 Thread 0x0000028985ddbaa0 DEOPT UNPACKING pc=0x00000289e54569a3 sp=0x000000e419efe5e8 mode 2
Event: 2762.331 Thread 0x0000028985ddbaa0 DEOPT PACKING pc=0x00000289de0d8fe4 sp=0x000000e419efe7e0
Event: 2762.331 Thread 0x0000028985ddbaa0 DEOPT UNPACKING pc=0x00000289e5457143 sp=0x000000e419efdcb0 mode 0

Classes unloaded (5 events):
Event: 40.675 Thread 0x00000289f8d0e820 Unloading class 0x0000000800f1d400 'java/lang/invoke/LambdaForm$DMH+0x0000000800f1d400'
Event: 40.675 Thread 0x00000289f8d0e820 Unloading class 0x0000000800f1d000 'java/lang/invoke/LambdaForm$DMH+0x0000000800f1d000'
Event: 40.675 Thread 0x00000289f8d0e820 Unloading class 0x0000000800f1c000 'java/lang/invoke/LambdaForm$DMH+0x0000000800f1c000'
Event: 40.675 Thread 0x00000289f8d0e820 Unloading class 0x0000000800f1c400 'java/lang/invoke/LambdaForm$DMH+0x0000000800f1c400'
Event: 40.675 Thread 0x00000289f8d0e820 Unloading class 0x0000000800f1c800 'java/lang/invoke/LambdaForm$DMH+0x0000000800f1c800'

Classes redefined (0 events):
No events

Internal exceptions (20 events):
Event: 930.307 Thread 0x00000289804e9a60 Exception <a 'sun/nio/fs/WindowsException'{0x00000007142e5170}> (0x00000007142e5170) 
thrown [s\src\hotspot\share\prims\jni.cpp, line 517]
Event: 930.307 Thread 0x00000289804e9a60 Exception <a 'sun/nio/fs/WindowsException'{0x00000007142e6538}> (0x00000007142e6538) 
thrown [s\src\hotspot\share\prims\jni.cpp, line 517]
Event: 930.307 Thread 0x00000289804e9a60 Exception <a 'sun/nio/fs/WindowsException'{0x00000007142e7900}> (0x00000007142e7900) 
thrown [s\src\hotspot\share\prims\jni.cpp, line 517]
Event: 931.299 Thread 0x00000289804e9a60 Exception <a 'sun/nio/fs/WindowsException'{0x0000000712abe078}> (0x0000000712abe078) 
thrown [s\src\hotspot\share\prims\jni.cpp, line 517]
Event: 942.013 Thread 0x00000289850da4c0 Implicit null exception at 0x00000289e6307a64 to 0x00000289e6307af8
Event: 942.013 Thread 0x00000289850dd010 Implicit null exception at 0x00000289e6307a64 to 0x00000289e6307af8
Event: 942.459 Thread 0x00000289fa4ec870 Exception <a 'sun/nio/fs/WindowsException'{0x000000071c8dc958}> (0x000000071c8dc958) 
thrown [s\src\hotspot\share\prims\jni.cpp, line 517]
Event: 942.459 Thread 0x00000289fa4ec870 Exception <a 'sun/nio/fs/WindowsException'{0x000000071c8dd1f0}> (0x000000071c8dd1f0) 
thrown [s\src\hotspot\share\prims\jni.cpp, line 517]
Event: 942.459 Thread 0x00000289fa4ec870 Exception <a 'sun/nio/fs/WindowsException'{0x000000071c8dd640}> (0x000000071c8dd640) 
thrown [s\src\hotspot\share\prims\jni.cpp, line 517]
Event: 946.445 Thread 0x0000028985b12190 Exception <a 'sun/nio/fs/WindowsException'{0x000000071d201068}> (0x000000071d201068) 
thrown [s\src\hotspot\share\prims\jni.cpp, line 517]
Event: 2752.510 Thread 0x00000289804e5230 Exception <a 'sun/nio/fs/WindowsException'{0x000000071c8c33e0}> (0x000000071c8c33e0) 
thrown [s\src\hotspot\share\prims\jni.cpp, line 517]
Event: 2752.917 Thread 0x00000289804e5230 Exception <a 'java/lang/NoClassDefFoundError'{0x000000071c1f4770}: org/jetbrains/kotlin/gradle/plugin/KotlinBasePluginWrapper> (0x000000071c1f4770) 
thrown [s\src\hotspot\share\oops\constantPool.cpp, line 835]
Event: 2753.224 Thread 0x00000289804e5230 Exception <a 'java/lang/NoClassDefFoundError'{0x000000071b137700}: org/jetbrains/kotlin/gradle/plugin/KotlinBasePluginWrapper> (0x000000071b137700) 
thrown [s\src\hotspot\share\oops\constantPool.cpp, line 835]
Event: 2753.448 Thread 0x00000289804e5230 Exception <a 'java/lang/NoClassDefFoundError'{0x000000071a400c20}: org/jetbrains/kotlin/gradle/plugin/KotlinBasePluginWrapper> (0x000000071a400c20) 
thrown [s\src\hotspot\share\oops\constantPool.cpp, line 835]
Event: 2753.531 Thread 0x00000289804e5230 Exception <a 'sun/nio/fs/WindowsException'{0x000000071a2b6a98}> (0x000000071a2b6a98) 
thrown [s\src\hotspot\share\prims\jni.cpp, line 517]
Event: 2753.594 Thread 0x00000289804e5230 Exception <a 'sun/nio/fs/WindowsException'{0x000000071a3564c0}> (0x000000071a3564c0) 
thrown [s\src\hotspot\share\prims\jni.cpp, line 517]
Event: 2753.594 Thread 0x00000289804e5230 Exception <a 'sun/nio/fs/WindowsException'{0x000000071a357838}> (0x000000071a357838) 
thrown [s\src\hotspot\share\prims\jni.cpp, line 517]
Event: 2753.594 Thread 0x00000289804e5230 Exception <a 'sun/nio/fs/WindowsException'{0x000000071a358c00}> (0x000000071a358c00) 
thrown [s\src\hotspot\share\prims\jni.cpp, line 517]
Event: 2753.595 Thread 0x00000289804e5230 Exception <a 'sun/nio/fs/WindowsException'{0x000000071a359fc8}> (0x000000071a359fc8) 
thrown [s\src\hotspot\share\prims\jni.cpp, line 517]
Event: 2754.285 Thread 0x00000289804e5230 Exception <a 'sun/nio/fs/WindowsException'{0x0000000718abdfd0}> (0x0000000718abdfd0) 
thrown [s\src\hotspot\share\prims\jni.cpp, line 517]

VM Operations (20 events):
Event: 2750.271 Executing VM operation: Cleanup
Event: 2750.288 Executing VM operation: Cleanup done
Event: 2751.290 Executing VM operation: Cleanup
Event: 2751.291 Executing VM operation: Cleanup done
Event: 2751.446 Executing VM operation: G1CollectForAllocation
Event: 2751.616 Executing VM operation: G1CollectForAllocation done
Event: 2752.620 Executing VM operation: Cleanup
Event: 2752.620 Executing VM operation: Cleanup done
Event: 2753.470 Executing VM operation: ICBufferFull
Event: 2753.470 Executing VM operation: ICBufferFull done
Event: 2754.463 Executing VM operation: ICBufferFull
Event: 2754.463 Executing VM operation: ICBufferFull done
Event: 2755.464 Executing VM operation: Cleanup
Event: 2755.464 Executing VM operation: Cleanup done
Event: 2761.667 Executing VM operation: HandshakeAllThreads
Event: 2761.669 Executing VM operation: HandshakeAllThreads done
Event: 2761.669 Executing VM operation: Cleanup
Event: 2761.669 Executing VM operation: Cleanup done
Event: 2761.917 Executing VM operation: HandshakeAllThreads
Event: 2761.918 Executing VM operation: HandshakeAllThreads done

Events (20 events):
Event: 2761.960 Thread 0x00000289f9ca5a40 flushing nmethod 0x00000289df32b610
Event: 2761.960 Thread 0x00000289f9ca5a40 flushing nmethod 0x00000289df331e10
Event: 2761.960 Thread 0x00000289f9ca5a40 flushing nmethod 0x00000289df34fb90
Event: 2761.960 Thread 0x00000289f9ca5a40 flushing nmethod 0x00000289df350690
Event: 2761.960 Thread 0x00000289f9ca5a40 flushing nmethod 0x00000289df351610
Event: 2761.960 Thread 0x00000289f9ca5a40 flushing nmethod 0x00000289df353790
Event: 2761.961 Thread 0x00000289f9ca5a40 flushing nmethod 0x00000289df368d10
Event: 2761.961 Thread 0x00000289f9ca5a40 flushing nmethod 0x00000289df37ca90
Event: 2761.961 Thread 0x00000289f9ca5a40 flushing nmethod 0x00000289df3c4610
Event: 2761.961 Thread 0x00000289f9ca5a40 flushing nmethod 0x00000289df3c6410
Event: 2761.961 Thread 0x00000289f9ca5a40 flushing nmethod 0x00000289df3c9910
Event: 2761.961 Thread 0x00000289f9ca5a40 flushing nmethod 0x00000289df3df410
Event: 2761.961 Thread 0x00000289f9ca5a40 flushing nmethod 0x00000289df450f10
Event: 2761.962 Thread 0x00000289f9ca5a40 flushing nmethod 0x00000289df4aac10
Event: 2761.962 Thread 0x00000289f9ca5a40 flushing nmethod 0x00000289df557a10
Event: 2761.963 Thread 0x00000289f9ca5a40 flushing nmethod 0x00000289df58b110
Event: 2761.964 Thread 0x00000289f9ca5a40 flushing nmethod 0x00000289df777b10
Event: 2761.965 Thread 0x00000289f9ca5a40 flushing nmethod 0x00000289df90d090
Event: 2761.966 Thread 0x00000289f9ca5a40 flushing nmethod 0x00000289dfad5910
Event: 2761.966 Thread 0x00000289f9ca5a40 flushing nmethod 0x00000289dfb01110


Dynamic libraries:
0x00007ff6a7860000 - 0x00007ff6a786a000 	C:\Program Files\Android\Android Studio\jbr\bin\java.exe
0x00007ffe53ad0000 - 0x00007ffe53cc8000 	C:\Windows\SYSTEM32\ntdll.dll
0x00007ffe52d40000 - 0x00007ffe52dfd000 	C:\Windows\System32\KERNEL32.DLL
0x00007ffe513f0000 - 0x00007ffe516e6000 	C:\Windows\System32\KERNELBASE.dll
0x00007ffe512f0000 - 0x00007ffe513f0000 	C:\Windows\System32\ucrtbase.dll
0x00007ffe3e730000 - 0x00007ffe3e747000 	C:\Program Files\Android\Android Studio\jbr\bin\jli.dll
0x00007ffe3da60000 - 0x00007ffe3da7b000 	C:\Program Files\Android\Android Studio\jbr\bin\VCRUNTIME140.dll
0x00007ffe52950000 - 0x00007ffe52aee000 	C:\Windows\System32\USER32.dll
0x00007ffe51220000 - 0x00007ffe51242000 	C:\Windows\System32\win32u.dll
0x00007ffe535b0000 - 0x00007ffe535db000 	C:\Windows\System32\GDI32.dll
0x00007ffe51810000 - 0x00007ffe51927000 	C:\Windows\System32\gdi32full.dll
0x00007ffe51250000 - 0x00007ffe512ed000 	C:\Windows\System32\msvcp_win.dll
0x00007ffe3a7c0000 - 0x00007ffe3aa5a000 	C:\Windows\WinSxS\amd64_microsoft.windows.common-controls_6595b64144ccf1df_6.0.19041.3636_none_60b6a03d71f818d5\COMCTL32.dll
0x00007ffe534b0000 - 0x00007ffe5354e000 	C:\Windows\System32\msvcrt.dll
0x00007ffe53a50000 - 0x00007ffe53a82000 	C:\Windows\System32\IMM32.DLL
0x000000005f3b0000 - 0x000000005f3bc000 	C:\Program Files (x86)\360\Total Security\safemon\SafeWrapper.dll
0x00007ffe52890000 - 0x00007ffe52943000 	C:\Windows\System32\ADVAPI32.dll
0x00007ffe52e20000 - 0x00007ffe52ebf000 	C:\Windows\System32\sechost.dll
0x00007ffe52c10000 - 0x00007ffe52d36000 	C:\Windows\System32\RPCRT4.dll
0x00007ffe51a90000 - 0x00007ffe51ab7000 	C:\Windows\System32\bcrypt.dll
0x00007ffe13fc0000 - 0x00007ffe14052000 	C:\Program Files (x86)\360\Total Security\safemon\libzdtp64.dll
0x00007ffe51e80000 - 0x00007ffe525c5000 	C:\Windows\System32\SHELL32.dll
0x00007ffe53550000 - 0x00007ffe535a5000 	C:\Windows\System32\SHLWAPI.dll
0x00007ffe50cf0000 - 0x00007ffe50cfa000 	C:\Windows\SYSTEM32\VERSION.dll
0x00007ffe410c0000 - 0x00007ffe410cc000 	C:\Program Files\Android\Android Studio\jbr\bin\vcruntime140_1.dll
0x00007ffe0a280000 - 0x00007ffe0a30d000 	C:\Program Files\Android\Android Studio\jbr\bin\msvcp140.dll
0x00007ffdff290000 - 0x00007ffdffefe000 	C:\Program Files\Android\Android Studio\jbr\bin\server\jvm.dll
0x00007ffe4e3c0000 - 0x00007ffe4e3e7000 	C:\Windows\SYSTEM32\WINMM.dll
0x00007ffe453b0000 - 0x00007ffe453b9000 	C:\Windows\SYSTEM32\WSOCK32.dll
0x00007ffe53430000 - 0x00007ffe5349b000 	C:\Windows\System32\WS2_32.dll
0x00007ffe4f960000 - 0x00007ffe4f972000 	C:\Windows\SYSTEM32\kernel.appcore.dll
0x00007ffe3be90000 - 0x00007ffe3be9a000 	C:\Program Files\Android\Android Studio\jbr\bin\jimage.dll
0x00007ffe4eee0000 - 0x00007ffe4f0c4000 	C:\Windows\SYSTEM32\DBGHELP.DLL
0x00007ffe4e320000 - 0x00007ffe4e354000 	C:\Windows\SYSTEM32\dbgcore.DLL
0x00007ffe51190000 - 0x00007ffe51212000 	C:\Windows\System32\bcryptPrimitives.dll
0x00007ffe279d0000 - 0x00007ffe279f5000 	C:\Program Files\Android\Android Studio\jbr\bin\java.dll
0x00007ffe279b0000 - 0x00007ffe279c8000 	C:\Program Files\Android\Android Studio\jbr\bin\zip.dll
0x00007ffe4f1b0000 - 0x00007ffe4f94c000 	C:\Windows\SYSTEM32\windows.storage.dll
0x00007ffe51b10000 - 0x00007ffe51e64000 	C:\Windows\System32\combase.dll
0x00007ffe50b50000 - 0x00007ffe50b7e000 	C:\Windows\SYSTEM32\Wldp.dll
0x00007ffe53190000 - 0x00007ffe5325d000 	C:\Windows\System32\OLEAUT32.dll
0x00007ffe526b0000 - 0x00007ffe5275d000 	C:\Windows\System32\SHCORE.dll
0x00007ffe510c0000 - 0x00007ffe510e5000 	C:\Windows\SYSTEM32\profapi.dll
0x00007ffe1db70000 - 0x00007ffe1db89000 	C:\Program Files\Android\Android Studio\jbr\bin\net.dll
0x00007ffe48a40000 - 0x00007ffe48b4a000 	C:\Windows\SYSTEM32\WINHTTP.dll
0x00007ffe508b0000 - 0x00007ffe5091a000 	C:\Windows\system32\mswsock.dll
0x00007ffe1db50000 - 0x00007ffe1db66000 	C:\Program Files\Android\Android Studio\jbr\bin\nio.dll
0x00007ffe3be80000 - 0x00007ffe3be90000 	C:\Program Files\Android\Android Studio\jbr\bin\verify.dll
0x00007ffe13930000 - 0x00007ffe13957000 	C:\Users\User\.gradle\native\e1d6ef7f7dcc3fd88c89a11ec53ec762bb8ba0a96d01ffa2cd45eb1d1d8dd5c5\windows-amd64\native-platform.dll
0x00007ffdff140000 - 0x00007ffdff284000 	C:\Users\User\.gradle\native\0d407fdbe67a94daf76414ababcb853783967236a71b16ec16e742cd7a986fd3\windows-amd64\native-platform-file-events.dll
0x00007ffe3a650000 - 0x00007ffe3a659000 	C:\Program Files\Android\Android Studio\jbr\bin\management.dll
0x00007ffe39f50000 - 0x00007ffe39f5b000 	C:\Program Files\Android\Android Studio\jbr\bin\management_ext.dll
0x00007ffe52af0000 - 0x00007ffe52af8000 	C:\Windows\System32\PSAPI.DLL
0x00007ffe50aa0000 - 0x00007ffe50ab8000 	C:\Windows\SYSTEM32\CRYPTSP.dll
0x00007ffe50170000 - 0x00007ffe501a4000 	C:\Windows\system32\rsaenh.dll
0x00007ffe51040000 - 0x00007ffe5106e000 	C:\Windows\SYSTEM32\USERENV.dll
0x00007ffe50ac0000 - 0x00007ffe50acc000 	C:\Windows\SYSTEM32\CRYPTBASE.dll
0x00007ffe50550000 - 0x00007ffe5058b000 	C:\Windows\SYSTEM32\IPHLPAPI.DLL
0x00007ffe534a0000 - 0x00007ffe534a8000 	C:\Windows\System32\NSI.dll
0x00007ffe49210000 - 0x00007ffe49227000 	C:\Windows\SYSTEM32\dhcpcsvc6.DLL
0x00007ffe49d10000 - 0x00007ffe49d2d000 	C:\Windows\SYSTEM32\dhcpcsvc.DLL
0x00007ffe50590000 - 0x00007ffe5065b000 	C:\Windows\SYSTEM32\DNSAPI.dll
0x00007ffe381a0000 - 0x00007ffe381a7000 	C:\Windows\system32\wshunix.dll
0x00007ffe3e260000 - 0x00007ffe3e26a000 	C:\Windows\System32\rasadhlp.dll
0x00007ffe3eb50000 - 0x00007ffe3ebd0000 	C:\Windows\System32\fwpuclnt.dll

dbghelp: loaded successfully - version: 4.0.5 - missing functions: none
symbol engine: initialized successfully - sym options: 0x614 - pdb path: .;C:\Program Files\Android\Android Studio\jbr\bin;C:\Windows\SYSTEM32;C:\Windows\WinSxS\amd64_microsoft.windows.common-controls_6595b64144ccf1df_6.0.19041.3636_none_60b6a03d71f818d5;C:\Program Files (x86)\360\Total Security\safemon;C:\Program Files\Android\Android Studio\jbr\bin\server;C:\Users\User\.gradle\native\e1d6ef7f7dcc3fd88c89a11ec53ec762bb8ba0a96d01ffa2cd45eb1d1d8dd5c5\windows-amd64;C:\Users\User\.gradle\native\0d407fdbe67a94daf76414ababcb853783967236a71b16ec16e742cd7a986fd3\windows-amd64

VM Arguments:
jvm_args: --add-opens=java.base/java.util=ALL-UNNAMED --add-opens=java.base/java.lang=ALL-UNNAMED --add-opens=java.base/java.lang.invoke=ALL-UNNAMED --add-opens=java.base/java.util=ALL-UNNAMED --add-opens=java.prefs/java.util.prefs=ALL-UNNAMED --add-opens=java.prefs/java.util.prefs=ALL-UNNAMED --add-opens=java.base/java.nio.charset=ALL-UNNAMED --add-opens=java.base/java.net=ALL-UNNAMED --add-opens=java.base/java.util.concurrent.atomic=ALL-UNNAMED -Xmx4G -Dfile.encoding=windows-1252 -Duser.country=US -Duser.language=en -Duser.variant 
java_command: org.gradle.launcher.daemon.bootstrap.GradleDaemon 7.5
java_class_path (initial): C:\Users\User\.gradle\wrapper\dists\gradle-7.5-all\6qsw290k5lz422uaf8jf6m7co\gradle-7.5\lib\gradle-launcher-7.5.jar
Launcher Type: SUN_STANDARD

[Global flags]
     intx CICompilerCount                          = 4                                         {product} {ergonomic}
     uint ConcGCThreads                            = 2                                         {product} {ergonomic}
     uint G1ConcRefinementThreads                  = 8                                         {product} {ergonomic}
   size_t G1HeapRegionSize                         = 2097152                                   {product} {ergonomic}
    uintx GCDrainStackTargetSize                   = 64                                        {product} {ergonomic}
   size_t InitialHeapSize                          = 134217728                                 {product} {ergonomic}
   size_t MarkStackSize                            = 4194304                                   {product} {ergonomic}
   size_t MaxHeapSize                              = 4294967296                                {product} {command line}
   size_t MaxNewSize                               = 2575302656                                {product} {ergonomic}
   size_t MinHeapDeltaBytes                        = 2097152                                   {product} {ergonomic}
   size_t MinHeapSize                              = 8388608                                   {product} {ergonomic}
    uintx NonNMethodCodeHeapSize                   = 5839372                                {pd product} {ergonomic}
    uintx NonProfiledCodeHeapSize                  = 122909434                              {pd product} {ergonomic}
    uintx ProfiledCodeHeapSize                     = 122909434                              {pd product} {ergonomic}
    uintx ReservedCodeCacheSize                    = 251658240                              {pd product} {ergonomic}
     bool SegmentedCodeCache                       = true                                      {product} {ergonomic}
   size_t SoftMaxHeapSize                          = 4294967296                             {manageable} {ergonomic}
     bool UseCompressedClassPointers               = true                           {product lp64_product} {ergonomic}
     bool UseCompressedOops                        = true                           {product lp64_product} {ergonomic}
     bool UseG1GC                                  = true                                      {product} {ergonomic}
     bool UseLargePagesIndividualAllocation        = false                                  {pd product} {ergonomic}

Logging:
Log output configuration:
 #0: stdout all=warning uptime,level,tags
 #1: stderr all=off uptime,level,tags

Environment Variables:
JAVA_HOME=C:\Program Files\Android\Android Studio\jbr
CLASSPATH=E:\ss\flutter\zflutter project\testphp\android\\gradle\wrapper\gradle-wrapper.jar
PATH=C:\Program Files\Android\Android Studio\jbr\bin;C:\Program Files\Common Files\Oracle\Java\javapath;C:\Program Files (x86)\Common Files\Oracle\Java\javapath;C:\Windows\system32;C:\Windows;C:\Windows\System32\Wbem;C:\Windows\System32\WindowsPowerShell\v1.0\;C:\Windows\System32\OpenSSH\;"C:\src\flutter\bin;";"C:\Program Files\Dart\dart-sdk\bin;";C:\Program Files\Git\cmd;C:\Users\User\anaconda3\Lib\venv\scripts\nt;C:\Users\User\AppData\Local\Programs\Python\Python311;C:\Program Files\nodejs\;?D:\ngrok.exe;C:\Users\User\AppData\Local\Pub\Cache\bin;C:\Users\User\AppData\Local\Microsoft\WindowsApps;"C:\Program Files\Dart\dart-sdk\bin;";"C:\src\flutter\bin;";C:\Users\User\AppData\Local\Programs\Microsoft VS Code\bin;C:\Users\User\AppData\Local\Programs\Python\Python311;C:\src\flutter\bin;C:\Users\User\AppData\Roaming\npm;C:\Users\User\AppData\Local\GitHubDesktop\bin;?D:\ngrok.exe;C:\Users\User\AppData\Local\Pub\Cache\bin;;C:\src\flutter\bin\mingit\cmd;C:\src\flutter\bin\mingit\cmd
USERNAME=User
OS=Windows_NT
PROCESSOR_IDENTIFIER=Intel64 Family 6 Model 142 Stepping 12, GenuineIntel
TMP=C:\Users\User\AppData\Local\Temp
TEMP=C:\Users\User\AppData\Local\Temp


JNI global refs:
JNI global refs: 26, weak refs: 2

JNI global refs memory usage: 843, weak refs: 841


---------------  S Y S T E M  ---------------

OS:
 Windows 10 , 64 bit Build 19041 (10.0.19041.3636)
OS uptime: 4 days 10:08 hours

CPU: total 8 (initial active 8) (4 cores per cpu, 2 threads per core) family 6 model 142 stepping 12 microcode 0xb8, cx8, cmov, fxsr, ht, mmx, 3dnowpref, sse, sse2, sse3, ssse3, sse4.1, sse4.2, popcnt, lzcnt, tsc, tscinvbit, avx, avx2, aes, erms, clmul, bmi1, bmi2, adx, fma, vzeroupper, clflush, clflushopt

Memory: 4k page, system-wide physical 8068M (194M free)
TotalPageFile size 18067M (AvailPageFile size 0M)
current process WorkingSet (physical memory assigned to process): 350M, peak: 695M
current process commit charge ("private bytes"): 824M, peak: 909M

vm_info: OpenJDK 64-Bit Server VM (17.0.6+0-b2043.56-10027231) for windows-amd64 JRE (17.0.6+0-b2043.56-10027231), built on Apr 28 2023 00:43:19 by "androidbuild" with MS VC++ 16.10 / 16.11 (VS2019)

END.
