#
# There is insufficient memory for the Java Runtime Environment to continue.
# Native memory allocation (malloc) failed to allocate 663184 bytes for Chunk::new
# Possible reasons:
#   The system is out of physical RAM or swap space
#   The process is running with CompressedOops enabled, and the Java Heap may be blocking the growth of the native heap
# Possible solutions:
#   Reduce memory load on the system
#   Increase physical memory or swap space
#   Check if swap backing store is full
#   Decrease Java heap size (-Xmx/-Xms)
#   Decrease number of Java threads
#   Decrease Java thread stack sizes (-Xss)
#   Set larger code cache with -XX:ReservedCodeCacheSize=
#     placed in the first 32GB address space. The Java Heap base address is the
#     maximum limit for the native heap growth. Please use -XX:HeapBaseMinAddress
#     to set the Java Heap base and to place the Java Heap above 32GB virtual address.
# This output file may be truncated or incomplete.
#
#  Out of Memory Error (arena.cpp:189), pid=11800, tid=14696
#
# JRE version: OpenJDK Runtime Environment (17.0.6) (build 17.0.6+0-b2043.56-10027231)
# Java VM: OpenJDK 64-Bit Server VM (17.0.6+0-b2043.56-10027231, mixed mode, tiered, compressed oops, compressed class ptrs, g1 gc, windows-amd64)
# No core dump will be written. Minidumps are not enabled by default on client versions of Windows
#

---------------  S U M M A R Y ------------

Command Line: --add-opens=java.base/java.util=ALL-UNNAMED --add-opens=java.base/java.lang=ALL-UNNAMED --add-opens=java.base/java.lang.invoke=ALL-UNNAMED --add-opens=java.base/java.util=ALL-UNNAMED --add-opens=java.prefs/java.util.prefs=ALL-UNNAMED --add-opens=java.prefs/java.util.prefs=ALL-UNNAMED --add-opens=java.base/java.nio.charset=ALL-UNNAMED --add-opens=java.base/java.net=ALL-UNNAMED --add-opens=java.base/java.util.concurrent.atomic=ALL-UNNAMED -Xmx4G -Dfile.encoding=windows-1252 -Duser.country=US -Duser.language=en -Duser.variant org.gradle.launcher.daemon.bootstrap.GradleDaemon 7.5

Host: Intel(R) Core(TM) i7-8565U CPU @ 1.80GHz, 8 cores, 7G,  Windows 10 , 64 bit Build 19041 (10.0.19041.3636)
Time: Tue Feb 27 02:00:06 2024 Egypt Standard Time elapsed time: 1385.556057 seconds (0d 0h 23m 5s)

---------------  T H R E A D  ---------------

Current thread (0x0000020a654d5840):  JavaThread "C2 CompilerThread0" daemon [_thread_in_native, id=14696, stack(0x000000f410700000,0x000000f410800000)]


Current CompileTask:
C2:1385556 20475   !   4       org.gradle.internal.service.DefaultServiceRegistry$FactoryService::bind (283 bytes)

Stack: [0x000000f410700000,0x000000f410800000]
Native frames: (J=compiled Java code, j=interpreted, Vv=VM code, C=native code)
V  [jvm.dll+0x683c9a]
V  [jvm.dll+0x8427a4]
V  [jvm.dll+0x843f9e]
V  [jvm.dll+0x844603]
V  [jvm.dll+0x249b75]
V  [jvm.dll+0xabcac]
V  [jvm.dll+0xac27c]
V  [jvm.dll+0x368857]
V  [jvm.dll+0x332f31]
V  [jvm.dll+0x3323da]
V  [jvm.dll+0x21c201]
V  [jvm.dll+0x21b621]
V  [jvm.dll+0x1a4fdd]
V  [jvm.dll+0x22b098]
V  [jvm.dll+0x229159]
V  [jvm.dll+0x7f81ec]
V  [jvm.dll+0x7f274a]
V  [jvm.dll+0x682ad5]
C  [ucrtbase.dll+0x21bb2]
C  [KERNEL32.DLL+0x17344]
C  [ntdll.dll+0x526b1]


---------------  P R O C E S S  ---------------

Threads class SMR info:
_java_thread_list=0x0000020a71c985d0, length=44, elements={
0x0000020a45dd68d0, 0x0000020a65488260, 0x0000020a65488fe0, 0x0000020a6548eba0,
0x0000020a65475210, 0x0000020a654bb410, 0x0000020a654bdce0, 0x0000020a654d5840,
0x0000020a654e5d90, 0x0000020a6550e2a0, 0x0000020a656656d0, 0x0000020a65665fb0,
0x0000020a66a99100, 0x0000020a6622aec0, 0x0000020a66ac9ed0, 0x0000020a66d4d0e0,
0x0000020a66d4e8f0, 0x0000020a66d4cc10, 0x0000020a66d4bda0, 0x0000020a66d4c270,
0x0000020a66d4da80, 0x0000020a69cc68a0, 0x0000020a69cc7240, 0x0000020a69ccc410,
0x0000020a69ccba70, 0x0000020a69cc5f00, 0x0000020a69cc5560, 0x0000020a69cc5a30,
0x0000020a6c5a3f50, 0x0000020a6c5a5760, 0x0000020a6c5a6100, 0x0000020a6c5a35b0,
0x0000020a6c5a6aa0, 0x0000020a6b99ed90, 0x0000020a67e19610, 0x0000020a69cc98c0,
0x0000020a66d4c740, 0x0000020a6a4290d0, 0x0000020a6a4260b0, 0x0000020a6a426f20,
0x0000020a6a426580, 0x0000020a6a424d70, 0x0000020a6a426a50, 0x0000020a6a425be0
}

Java Threads: ( => current thread )
  0x0000020a45dd68d0 JavaThread "main" [_thread_blocked, id=10212, stack(0x000000f40fa00000,0x000000f40fb00000)]
  0x0000020a65488260 JavaThread "Reference Handler" daemon [_thread_blocked, id=17624, stack(0x000000f410100000,0x000000f410200000)]
  0x0000020a65488fe0 JavaThread "Finalizer" daemon [_thread_blocked, id=6200, stack(0x000000f410200000,0x000000f410300000)]
  0x0000020a6548eba0 JavaThread "Signal Dispatcher" daemon [_thread_blocked, id=18080, stack(0x000000f410300000,0x000000f410400000)]
  0x0000020a65475210 JavaThread "Attach Listener" daemon [_thread_blocked, id=17380, stack(0x000000f410400000,0x000000f410500000)]
  0x0000020a654bb410 JavaThread "Service Thread" daemon [_thread_blocked, id=5000, stack(0x000000f410500000,0x000000f410600000)]
  0x0000020a654bdce0 JavaThread "Monitor Deflation Thread" daemon [_thread_blocked, id=18232, stack(0x000000f410600000,0x000000f410700000)]
=>0x0000020a654d5840 JavaThread "C2 CompilerThread0" daemon [_thread_in_native, id=14696, stack(0x000000f410700000,0x000000f410800000)]
  0x0000020a654e5d90 JavaThread "C1 CompilerThread0" daemon [_thread_blocked, id=7108, stack(0x000000f410800000,0x000000f410900000)]
  0x0000020a6550e2a0 JavaThread "Sweeper thread" daemon [_thread_blocked, id=15712, stack(0x000000f410900000,0x000000f410a00000)]
  0x0000020a656656d0 JavaThread "Common-Cleaner" daemon [_thread_blocked, id=13360, stack(0x000000f410a00000,0x000000f410b00000)]
  0x0000020a65665fb0 JavaThread "Notification Thread" daemon [_thread_blocked, id=7956, stack(0x000000f410b00000,0x000000f410c00000)]
  0x0000020a66a99100 JavaThread "Daemon health stats" [_thread_blocked, id=19080, stack(0x000000f411100000,0x000000f411200000)]
  0x0000020a6622aec0 JavaThread "Incoming local TCP Connector on port 54215" [_thread_in_native, id=14548, stack(0x000000f411200000,0x000000f411300000)]
  0x0000020a66ac9ed0 JavaThread "Daemon periodic checks" [_thread_blocked, id=18924, stack(0x000000f411300000,0x000000f411400000)]
  0x0000020a66d4d0e0 JavaThread "Cache worker for journal cache (C:\Users\User\.gradle\caches\journal-1)" [_thread_blocked, id=7096, stack(0x000000f411b00000,0x000000f411c00000)]
  0x0000020a66d4e8f0 JavaThread "File lock request listener" [_thread_in_native, id=5960, stack(0x000000f411c00000,0x000000f411d00000)]
  0x0000020a66d4cc10 JavaThread "Cache worker for file hash cache (C:\Users\User\.gradle\caches\7.5\fileHashes)" [_thread_blocked, id=19044, stack(0x000000f412100000,0x000000f412200000)]
  0x0000020a66d4bda0 JavaThread "File watcher server" daemon [_thread_in_native, id=5892, stack(0x000000f412200000,0x000000f412300000)]
  0x0000020a66d4c270 JavaThread "File watcher consumer" daemon [_thread_blocked, id=16940, stack(0x000000f412300000,0x000000f412400000)]
  0x0000020a66d4da80 JavaThread "Cache worker for file content cache (C:\Users\User\.gradle\caches\7.5\fileContent)" [_thread_blocked, id=5340, stack(0x000000f412600000,0x000000f412700000)]
  0x0000020a69cc68a0 JavaThread "Cache worker for execution history cache (C:\Users\User\.gradle\caches\7.5\executionHistory)" [_thread_blocked, id=11316, stack(0x000000f412900000,0x000000f412a00000)]
  0x0000020a69cc7240 JavaThread "jar transforms" [_thread_blocked, id=12260, stack(0x000000f412a00000,0x000000f412b00000)]
  0x0000020a69ccc410 JavaThread "Cache worker for kotlin-dsl (C:\Users\User\.gradle\caches\7.5\kotlin-dsl)" [_thread_blocked, id=15876, stack(0x000000f412b00000,0x000000f412c00000)]
  0x0000020a69ccba70 JavaThread "jar transforms Thread 2" [_thread_blocked, id=8288, stack(0x000000f412c00000,0x000000f412d00000)]
  0x0000020a69cc5f00 JavaThread "jar transforms Thread 3" [_thread_blocked, id=11144, stack(0x000000f412f00000,0x000000f413000000)]
  0x0000020a69cc5560 JavaThread "Memory manager" [_thread_blocked, id=4164, stack(0x000000f413000000,0x000000f413100000)]
  0x0000020a69cc5a30 JavaThread "jar transforms Thread 4" [_thread_blocked, id=5888, stack(0x000000f413100000,0x000000f413200000)]
  0x0000020a6c5a3f50 JavaThread "jar transforms Thread 5" [_thread_blocked, id=13720, stack(0x000000f418c00000,0x000000f418d00000)]
  0x0000020a6c5a5760 JavaThread "jar transforms Thread 6" [_thread_blocked, id=13900, stack(0x000000f418d00000,0x000000f418e00000)]
  0x0000020a6c5a6100 JavaThread "jar transforms Thread 7" [_thread_blocked, id=16424, stack(0x000000f418e00000,0x000000f418f00000)]
  0x0000020a6c5a35b0 JavaThread "jar transforms Thread 8" [_thread_blocked, id=17004, stack(0x000000f418f00000,0x000000f419000000)]
  0x0000020a6c5a6aa0 JavaThread "pool-3-thread-1" [_thread_blocked, id=2140, stack(0x000000f419200000,0x000000f419300000)]
  0x0000020a6b99ed90 JavaThread "pool-7-thread-1" [_thread_blocked, id=5436, stack(0x000000f418900000,0x000000f418a00000)]
  0x0000020a67e19610 JavaThread "pool-10-thread-1" [_thread_blocked, id=17760, stack(0x000000f418b00000,0x000000f418c00000)]
  0x0000020a69cc98c0 JavaThread "pool-13-thread-1" [_thread_blocked, id=18588, stack(0x000000f419700000,0x000000f419800000)]
  0x0000020a66d4c740 JavaThread "ForkJoinPool.commonPool-worker-8" daemon [_thread_blocked, id=19416, stack(0x000000f413a00000,0x000000f413b00000)]
  0x0000020a6a4290d0 JavaThread "Daemon Thread 3" [_thread_blocked, id=13992, stack(0x000000f40f800000,0x000000f40f900000)]
  0x0000020a6a4260b0 JavaThread "Handler for socket connection from /127.0.0.1:54215 to /127.0.0.1:61420" [_thread_in_native, id=11544, stack(0x000000f40f900000,0x000000f40fa00000)]
  0x0000020a6a426f20 JavaThread "Cancel handler" [_thread_blocked, id=2144, stack(0x000000f411400000,0x000000f411500000)]
  0x0000020a6a426580 JavaThread "Daemon worker Thread 3" [_thread_in_Java, id=8656, stack(0x000000f411500000,0x000000f411600000)]
  0x0000020a6a424d70 JavaThread "Asynchronous log dispatcher for DefaultDaemonConnection: socket connection from /127.0.0.1:54215 to /127.0.0.1:61420" [_thread_blocked, id=18344, stack(0x000000f411600000,0x000000f411700000)]
  0x0000020a6a426a50 JavaThread "Stdin handler" [_thread_blocked, id=17800, stack(0x000000f411700000,0x000000f411800000)]
  0x0000020a6a425be0 JavaThread "Daemon client event forwarder" [_thread_blocked, id=9364, stack(0x000000f411800000,0x000000f411900000)]

Other Threads:
  0x0000020a654641d0 VMThread "VM Thread" [stack: 0x000000f410000000,0x000000f410100000] [id=17376]
  0x0000020a45e6b3b0 WatcherThread [stack: 0x000000f410c00000,0x000000f410d00000] [id=6208]
  0x0000020a45e42ef0 GCTaskThread "GC Thread#0" [stack: 0x000000f40fb00000,0x000000f40fc00000] [id=3468]
  0x0000020a66477ca0 GCTaskThread "GC Thread#1" [stack: 0x000000f410d00000,0x000000f410e00000] [id=16680]
  0x0000020a665c0c80 GCTaskThread "GC Thread#2" [stack: 0x000000f410e00000,0x000000f410f00000] [id=9208]
  0x0000020a65858780 GCTaskThread "GC Thread#3" [stack: 0x000000f410f00000,0x000000f411000000] [id=17752]
  0x0000020a6641b940 GCTaskThread "GC Thread#4" [stack: 0x000000f411000000,0x000000f411100000] [id=16348]
  0x0000020a6781f450 GCTaskThread "GC Thread#5" [stack: 0x000000f411d00000,0x000000f411e00000] [id=8788]
  0x0000020a67908040 GCTaskThread "GC Thread#6" [stack: 0x000000f411e00000,0x000000f411f00000] [id=18868]
  0x0000020a679082f0 GCTaskThread "GC Thread#7" [stack: 0x000000f411f00000,0x000000f412000000] [id=4700]
  0x0000020a45e53d40 ConcurrentGCThread "G1 Main Marker" [stack: 0x000000f40fc00000,0x000000f40fd00000] [id=8060]
  0x0000020a45e55270 ConcurrentGCThread "G1 Conc#0" [stack: 0x000000f40fd00000,0x000000f40fe00000] [id=11840]
  0x0000020a679c0d00 ConcurrentGCThread "G1 Conc#1" [stack: 0x000000f412000000,0x000000f412100000] [id=8088]
  0x0000020a45e7da90 ConcurrentGCThread "G1 Refine#0" [stack: 0x000000f40fe00000,0x000000f40ff00000] [id=19112]
  0x0000020a45e7e3c0 ConcurrentGCThread "G1 Service" [stack: 0x000000f40ff00000,0x000000f410000000] [id=17544]

Threads with active compile tasks:
C2 CompilerThread0  1385613 20475   !   4       org.gradle.internal.service.DefaultServiceRegistry$FactoryService::bind (283 bytes)

VM state: not at safepoint (normal execution)

VM Mutex/Monitor currently owned by a thread: None

Heap address: 0x0000000700000000, size: 4096 MB, Compressed Oops mode: Zero based, Oop shift amount: 3

CDS archive(s) not mapped
Compressed class space mapped at: 0x0000000800000000-0x0000000840000000, reserved size: 1073741824
Narrow klass base: 0x0000000800000000, Narrow klass shift: 0, Narrow klass range: 0x40000000

GC Precious Log:
 CPUs: 8 total, 8 available
 Memory: 8068M
 Large Page Support: Disabled
 NUMA Support: Disabled
 Compressed Oops: Enabled (Zero based)
 Heap Region Size: 2M
 Heap Min Capacity: 8M
 Heap Initial Capacity: 128M
 Heap Max Capacity: 4G
 Pre-touch: Disabled
 Parallel Workers: 8
 Concurrent Workers: 2
 Concurrent Refinement Workers: 8
 Periodic GC: Disabled

Heap:
 garbage-first heap   total 438272K, used 408517K [0x0000000700000000, 0x0000000800000000)
  region size 2048K, 21 young (43008K), 2 survivors (4096K)
 Metaspace       used 122220K, committed 123584K, reserved 1163264K
  class space    used 16306K, committed 16960K, reserved 1048576K

Heap Regions: E=young(eden), S=young(survivor), O=old, HS=humongous(starts), HC=humongous(continues), CS=collection set, F=free, OA=open archive, CA=closed archive, TAMS=top-at-mark-start (previous, next)
|   0|0x0000000700000000, 0x0000000700200000, 0x0000000700200000|100%| O|  |TAMS 0x0000000700200000, 0x0000000700000000| Untracked 
|   1|0x0000000700200000, 0x0000000700400000, 0x0000000700400000|100%| O|  |TAMS 0x0000000700400000, 0x0000000700200000| Untracked 
|   2|0x0000000700400000, 0x0000000700600000, 0x0000000700600000|100%|HS|  |TAMS 0x0000000700600000, 0x0000000700400000| Complete 
|   3|0x0000000700600000, 0x0000000700800000, 0x0000000700800000|100%|HC|  |TAMS 0x0000000700800000, 0x0000000700600000| Complete 
|   4|0x0000000700800000, 0x0000000700a00000, 0x0000000700a00000|100%| O|  |TAMS 0x0000000700a00000, 0x0000000700800000| Untracked 
|   5|0x0000000700a00000, 0x0000000700c00000, 0x0000000700c00000|100%| O|  |TAMS 0x0000000700c00000, 0x0000000700a00000| Untracked 
|   6|0x0000000700c00000, 0x0000000700e00000, 0x0000000700e00000|100%| O|  |TAMS 0x0000000700e00000, 0x0000000700c00000| Untracked 
|   7|0x0000000700e00000, 0x0000000701000000, 0x0000000701000000|100%| O|  |TAMS 0x0000000701000000, 0x0000000700e00000| Untracked 
|   8|0x0000000701000000, 0x0000000701200000, 0x0000000701200000|100%| O|  |TAMS 0x0000000701200000, 0x0000000701000000| Untracked 
|   9|0x0000000701200000, 0x0000000701400000, 0x0000000701400000|100%| O|  |TAMS 0x0000000701400000, 0x0000000701200000| Untracked 
|  10|0x0000000701400000, 0x0000000701600000, 0x0000000701600000|100%| O|  |TAMS 0x0000000701600000, 0x0000000701400000| Untracked 
|  11|0x0000000701600000, 0x0000000701800000, 0x0000000701800000|100%| O|  |TAMS 0x0000000701800000, 0x0000000701600000| Untracked 
|  12|0x0000000701800000, 0x0000000701a00000, 0x0000000701a00000|100%| O|  |TAMS 0x0000000701a00000, 0x0000000701800000| Untracked 
|  13|0x0000000701a00000, 0x0000000701c00000, 0x0000000701c00000|100%| O|  |TAMS 0x0000000701c00000, 0x0000000701a00000| Untracked 
|  14|0x0000000701c00000, 0x0000000701e00000, 0x0000000701e00000|100%| O|  |TAMS 0x0000000701e00000, 0x0000000701c00000| Untracked 
|  15|0x0000000701e00000, 0x0000000702000000, 0x0000000702000000|100%| O|  |TAMS 0x0000000702000000, 0x0000000701e00000| Untracked 
|  16|0x0000000702000000, 0x0000000702200000, 0x0000000702200000|100%| O|  |TAMS 0x0000000702200000, 0x0000000702000000| Untracked 
|  17|0x0000000702200000, 0x0000000702400000, 0x0000000702400000|100%| O|  |TAMS 0x0000000702400000, 0x0000000702200000| Untracked 
|  18|0x0000000702400000, 0x0000000702600000, 0x0000000702600000|100%| O|  |TAMS 0x0000000702600000, 0x0000000702400000| Untracked 
|  19|0x0000000702600000, 0x0000000702800000, 0x0000000702800000|100%| O|  |TAMS 0x0000000702800000, 0x0000000702600000| Untracked 
|  20|0x0000000702800000, 0x0000000702a00000, 0x0000000702a00000|100%|HS|  |TAMS 0x0000000702a00000, 0x0000000702800000| Complete 
|  21|0x0000000702a00000, 0x0000000702c00000, 0x0000000702c00000|100%| O|  |TAMS 0x0000000702c00000, 0x0000000702a00000| Untracked 
|  22|0x0000000702c00000, 0x0000000702e00000, 0x0000000702e00000|100%| O|  |TAMS 0x0000000702e00000, 0x0000000702c00000| Untracked 
|  23|0x0000000702e00000, 0x0000000703000000, 0x0000000703000000|100%| O|  |TAMS 0x0000000703000000, 0x0000000702e00000| Untracked 
|  24|0x0000000703000000, 0x0000000703200000, 0x0000000703200000|100%| O|  |TAMS 0x0000000703200000, 0x0000000703000000| Untracked 
|  25|0x0000000703200000, 0x0000000703400000, 0x0000000703400000|100%|HS|  |TAMS 0x0000000703400000, 0x0000000703200000| Complete 
|  26|0x0000000703400000, 0x0000000703600000, 0x0000000703600000|100%|HC|  |TAMS 0x0000000703600000, 0x0000000703400000| Complete 
|  27|0x0000000703600000, 0x0000000703800000, 0x0000000703800000|100%| O|  |TAMS 0x0000000703800000, 0x0000000703600000| Untracked 
|  28|0x0000000703800000, 0x0000000703a00000, 0x0000000703a00000|100%| O|  |TAMS 0x0000000703a00000, 0x0000000703800000| Untracked 
|  29|0x0000000703a00000, 0x0000000703c00000, 0x0000000703c00000|100%| O|  |TAMS 0x0000000703c00000, 0x0000000703a00000| Untracked 
|  30|0x0000000703c00000, 0x0000000703e00000, 0x0000000703e00000|100%| O|  |TAMS 0x0000000703e00000, 0x0000000703c00000| Untracked 
|  31|0x0000000703e00000, 0x0000000704000000, 0x0000000704000000|100%| O|  |TAMS 0x0000000704000000, 0x0000000703e00000| Untracked 
|  32|0x0000000704000000, 0x0000000704200000, 0x0000000704200000|100%| O|  |TAMS 0x0000000704200000, 0x0000000704000000| Untracked 
|  33|0x0000000704200000, 0x0000000704400000, 0x0000000704400000|100%| O|  |TAMS 0x0000000704400000, 0x0000000704200000| Untracked 
|  34|0x0000000704400000, 0x0000000704600000, 0x0000000704600000|100%| O|  |TAMS 0x0000000704600000, 0x0000000704400000| Untracked 
|  35|0x0000000704600000, 0x0000000704800000, 0x0000000704800000|100%| O|  |TAMS 0x0000000704800000, 0x0000000704600000| Untracked 
|  36|0x0000000704800000, 0x0000000704a00000, 0x0000000704a00000|100%| O|  |TAMS 0x0000000704a00000, 0x0000000704800000| Untracked 
|  37|0x0000000704a00000, 0x0000000704c00000, 0x0000000704c00000|100%| O|  |TAMS 0x0000000704c00000, 0x0000000704a00000| Untracked 
|  38|0x0000000704c00000, 0x0000000704e00000, 0x0000000704e00000|100%| O|  |TAMS 0x0000000704e00000, 0x0000000704c00000| Untracked 
|  39|0x0000000704e00000, 0x0000000705000000, 0x0000000705000000|100%| O|  |TAMS 0x0000000705000000, 0x0000000704e00000| Untracked 
|  40|0x0000000705000000, 0x0000000705200000, 0x0000000705200000|100%| O|  |TAMS 0x0000000705200000, 0x0000000705000000| Untracked 
|  41|0x0000000705200000, 0x0000000705400000, 0x0000000705400000|100%| O|  |TAMS 0x0000000705400000, 0x0000000705200000| Untracked 
|  42|0x0000000705400000, 0x0000000705600000, 0x0000000705600000|100%| O|  |TAMS 0x0000000705600000, 0x0000000705400000| Untracked 
|  43|0x0000000705600000, 0x0000000705800000, 0x0000000705800000|100%| O|  |TAMS 0x0000000705800000, 0x0000000705600000| Untracked 
|  44|0x0000000705800000, 0x0000000705a00000, 0x0000000705a00000|100%| O|  |TAMS 0x0000000705907c00, 0x0000000705800000| Untracked 
|  45|0x0000000705a00000, 0x0000000705c00000, 0x0000000705c00000|100%| O|  |TAMS 0x0000000705c00000, 0x0000000705a00000| Untracked 
|  46|0x0000000705c00000, 0x0000000705e00000, 0x0000000705e00000|100%| O|  |TAMS 0x0000000705e00000, 0x0000000705c00000| Untracked 
|  47|0x0000000705e00000, 0x0000000706000000, 0x0000000706000000|100%| O|  |TAMS 0x0000000706000000, 0x0000000705e00000| Untracked 
|  48|0x0000000706000000, 0x0000000706200000, 0x0000000706200000|100%| O|  |TAMS 0x0000000706200000, 0x0000000706000000| Untracked 
|  49|0x0000000706200000, 0x0000000706400000, 0x0000000706400000|100%| O|  |TAMS 0x0000000706400000, 0x0000000706200000| Complete 
|  50|0x0000000706400000, 0x0000000706600000, 0x0000000706600000|100%| O|  |TAMS 0x0000000706600000, 0x0000000706400000| Untracked 
|  51|0x0000000706600000, 0x0000000706800000, 0x0000000706800000|100%| O|  |TAMS 0x0000000706800000, 0x0000000706600000| Untracked 
|  52|0x0000000706800000, 0x0000000706a00000, 0x0000000706a00000|100%| O|  |TAMS 0x0000000706a00000, 0x0000000706800000| Untracked 
|  53|0x0000000706a00000, 0x0000000706c00000, 0x0000000706c00000|100%| O|  |TAMS 0x0000000706c00000, 0x0000000706a00000| Complete 
|  54|0x0000000706c00000, 0x0000000706e00000, 0x0000000706e00000|100%| O|  |TAMS 0x0000000706e00000, 0x0000000706c00000| Complete 
|  55|0x0000000706e00000, 0x0000000707000000, 0x0000000707000000|100%| O|  |TAMS 0x0000000707000000, 0x0000000706e00000| Complete 
|  56|0x0000000707000000, 0x0000000707200000, 0x0000000707200000|100%| O|  |TAMS 0x0000000707200000, 0x0000000707000000| Untracked 
|  57|0x0000000707200000, 0x0000000707400000, 0x0000000707400000|100%| O|  |TAMS 0x0000000707400000, 0x0000000707200000| Untracked 
|  58|0x0000000707400000, 0x0000000707600000, 0x0000000707600000|100%| O|  |TAMS 0x0000000707600000, 0x0000000707400000| Untracked 
|  59|0x0000000707600000, 0x0000000707800000, 0x0000000707800000|100%| O|  |TAMS 0x0000000707600000, 0x0000000707600000| Untracked 
|  60|0x0000000707800000, 0x0000000707a00000, 0x0000000707a00000|100%| O|  |TAMS 0x0000000707800000, 0x0000000707800000| Untracked 
|  61|0x0000000707a00000, 0x0000000707c00000, 0x0000000707c00000|100%| O|  |TAMS 0x0000000707a00000, 0x0000000707a00000| Untracked 
|  62|0x0000000707c00000, 0x0000000707e00000, 0x0000000707e00000|100%| O|  |TAMS 0x0000000707c00000, 0x0000000707c00000| Untracked 
|  63|0x0000000707e00000, 0x0000000708000000, 0x0000000708000000|100%| O|  |TAMS 0x0000000707e00000, 0x0000000707e00000| Untracked 
|  64|0x0000000708000000, 0x0000000708200000, 0x0000000708200000|100%| O|  |TAMS 0x0000000708000000, 0x0000000708000000| Untracked 
|  65|0x0000000708200000, 0x0000000708400000, 0x0000000708400000|100%| O|  |TAMS 0x0000000708200000, 0x0000000708200000| Untracked 
|  66|0x0000000708400000, 0x0000000708600000, 0x0000000708600000|100%| O|  |TAMS 0x0000000708400000, 0x0000000708400000| Untracked 
|  67|0x0000000708600000, 0x00000007087c3800, 0x0000000708800000| 88%| O|  |TAMS 0x0000000708600000, 0x0000000708600000| Untracked 
|  68|0x0000000708800000, 0x0000000708a00000, 0x0000000708a00000|100%|HS|  |TAMS 0x0000000708800000, 0x0000000708800000| Complete 
|  69|0x0000000708a00000, 0x0000000708c00000, 0x0000000708c00000|100%|HS|  |TAMS 0x0000000708a00000, 0x0000000708a00000| Complete 
|  70|0x0000000708c00000, 0x0000000708e00000, 0x0000000708e00000|100%|HS|  |TAMS 0x0000000708c00000, 0x0000000708c00000| Complete 
|  71|0x0000000708e00000, 0x0000000709000000, 0x0000000709000000|100%|HS|  |TAMS 0x0000000708e00000, 0x0000000708e00000| Complete 
|  72|0x0000000709000000, 0x0000000709200000, 0x0000000709200000|100%|HS|  |TAMS 0x0000000709000000, 0x0000000709000000| Complete 
|  73|0x0000000709200000, 0x0000000709400000, 0x0000000709400000|100%|HS|  |TAMS 0x0000000709200000, 0x0000000709200000| Complete 
|  74|0x0000000709400000, 0x0000000709600000, 0x0000000709600000|100%|HS|  |TAMS 0x0000000709400000, 0x0000000709400000| Complete 
|  75|0x0000000709600000, 0x0000000709800000, 0x0000000709800000|100%|HS|  |TAMS 0x0000000709600000, 0x0000000709600000| Complete 
|  76|0x0000000709800000, 0x0000000709a00000, 0x0000000709a00000|100%|HS|  |TAMS 0x0000000709800000, 0x0000000709800000| Complete 
|  77|0x0000000709a00000, 0x0000000709c00000, 0x0000000709c00000|100%|HS|  |TAMS 0x0000000709a00000, 0x0000000709a00000| Complete 
|  78|0x0000000709c00000, 0x0000000709e00000, 0x0000000709e00000|100%| O|  |TAMS 0x0000000709e00000, 0x0000000709c00000| Untracked 
|  79|0x0000000709e00000, 0x000000070a000000, 0x000000070a000000|100%| O|  |TAMS 0x000000070a000000, 0x0000000709e00000| Untracked 
|  80|0x000000070a000000, 0x000000070a200000, 0x000000070a200000|100%| O|  |TAMS 0x000000070a200000, 0x000000070a000000| Untracked 
|  81|0x000000070a200000, 0x000000070a400000, 0x000000070a400000|100%| O|  |TAMS 0x000000070a400000, 0x000000070a200000| Untracked 
|  82|0x000000070a400000, 0x000000070a600000, 0x000000070a600000|100%| O|  |TAMS 0x000000070a600000, 0x000000070a400000| Untracked 
|  83|0x000000070a600000, 0x000000070a800000, 0x000000070a800000|100%| O|  |TAMS 0x000000070a800000, 0x000000070a600000| Untracked 
|  84|0x000000070a800000, 0x000000070aa00000, 0x000000070aa00000|100%| O|  |TAMS 0x000000070aa00000, 0x000000070a800000| Untracked 
|  85|0x000000070aa00000, 0x000000070ac00000, 0x000000070ac00000|100%|HS|  |TAMS 0x000000070ac00000, 0x000000070aa00000| Complete 
|  86|0x000000070ac00000, 0x000000070ae00000, 0x000000070ae00000|100%|HC|  |TAMS 0x000000070ae00000, 0x000000070ac00000| Complete 
|  87|0x000000070ae00000, 0x000000070b000000, 0x000000070b000000|100%|HC|  |TAMS 0x000000070b000000, 0x000000070ae00000| Complete 
|  88|0x000000070b000000, 0x000000070b200000, 0x000000070b200000|100%|HC|  |TAMS 0x000000070b200000, 0x000000070b000000| Complete 
|  89|0x000000070b200000, 0x000000070b400000, 0x000000070b400000|100%|HC|  |TAMS 0x000000070b400000, 0x000000070b200000| Complete 
|  90|0x000000070b400000, 0x000000070b600000, 0x000000070b600000|100%|HC|  |TAMS 0x000000070b600000, 0x000000070b400000| Complete 
|  91|0x000000070b600000, 0x000000070b800000, 0x000000070b800000|100%|HC|  |TAMS 0x000000070b800000, 0x000000070b600000| Complete 
|  92|0x000000070b800000, 0x000000070ba00000, 0x000000070ba00000|100%|HC|  |TAMS 0x000000070ba00000, 0x000000070b800000| Complete 
|  93|0x000000070ba00000, 0x000000070bc00000, 0x000000070bc00000|100%|HC|  |TAMS 0x000000070bc00000, 0x000000070ba00000| Complete 
|  94|0x000000070bc00000, 0x000000070be00000, 0x000000070be00000|100%|HC|  |TAMS 0x000000070be00000, 0x000000070bc00000| Complete 
|  95|0x000000070be00000, 0x000000070c000000, 0x000000070c000000|100%|HC|  |TAMS 0x000000070c000000, 0x000000070be00000| Complete 
|  96|0x000000070c000000, 0x000000070c200000, 0x000000070c200000|100%|HC|  |TAMS 0x000000070c200000, 0x000000070c000000| Complete 
|  97|0x000000070c200000, 0x000000070c400000, 0x000000070c400000|100%|HC|  |TAMS 0x000000070c400000, 0x000000070c200000| Complete 
|  98|0x000000070c400000, 0x000000070c600000, 0x000000070c600000|100%|HC|  |TAMS 0x000000070c600000, 0x000000070c400000| Complete 
|  99|0x000000070c600000, 0x000000070c800000, 0x000000070c800000|100%|HC|  |TAMS 0x000000070c800000, 0x000000070c600000| Complete 
| 100|0x000000070c800000, 0x000000070ca00000, 0x000000070ca00000|100%|HC|  |TAMS 0x000000070ca00000, 0x000000070c800000| Complete 
| 101|0x000000070ca00000, 0x000000070cc00000, 0x000000070cc00000|100%|HC|  |TAMS 0x000000070cc00000, 0x000000070ca00000| Complete 
| 102|0x000000070cc00000, 0x000000070ce00000, 0x000000070ce00000|100%|HC|  |TAMS 0x000000070ce00000, 0x000000070cc00000| Complete 
| 103|0x000000070ce00000, 0x000000070d000000, 0x000000070d000000|100%|HC|  |TAMS 0x000000070d000000, 0x000000070ce00000| Complete 
| 104|0x000000070d000000, 0x000000070d200000, 0x000000070d200000|100%|HC|  |TAMS 0x000000070d200000, 0x000000070d000000| Complete 
| 105|0x000000070d200000, 0x000000070d400000, 0x000000070d400000|100%|HC|  |TAMS 0x000000070d400000, 0x000000070d200000| Complete 
| 106|0x000000070d400000, 0x000000070d600000, 0x000000070d600000|100%|HC|  |TAMS 0x000000070d600000, 0x000000070d400000| Complete 
| 107|0x000000070d600000, 0x000000070d800000, 0x000000070d800000|100%|HS|  |TAMS 0x000000070d600000, 0x000000070d600000| Complete 
| 108|0x000000070d800000, 0x000000070da00000, 0x000000070da00000|100%|HC|  |TAMS 0x000000070d800000, 0x000000070d800000| Complete 
| 109|0x000000070da00000, 0x000000070dc00000, 0x000000070dc00000|100%|HC|  |TAMS 0x000000070da00000, 0x000000070da00000| Complete 
| 110|0x000000070dc00000, 0x000000070de00000, 0x000000070de00000|100%|HC|  |TAMS 0x000000070dc00000, 0x000000070dc00000| Complete 
| 111|0x000000070de00000, 0x000000070e000000, 0x000000070e000000|100%|HC|  |TAMS 0x000000070de00000, 0x000000070de00000| Complete 
| 112|0x000000070e000000, 0x000000070e200000, 0x000000070e200000|100%|HC|  |TAMS 0x000000070e000000, 0x000000070e000000| Complete 
| 113|0x000000070e200000, 0x000000070e400000, 0x000000070e400000|100%|HC|  |TAMS 0x000000070e200000, 0x000000070e200000| Complete 
| 114|0x000000070e400000, 0x000000070e600000, 0x000000070e600000|100%|HC|  |TAMS 0x000000070e400000, 0x000000070e400000| Complete 
| 115|0x000000070e600000, 0x000000070e800000, 0x000000070e800000|100%|HC|  |TAMS 0x000000070e600000, 0x000000070e600000| Complete 
| 116|0x000000070e800000, 0x000000070ea00000, 0x000000070ea00000|100%|HC|  |TAMS 0x000000070e800000, 0x000000070e800000| Complete 
| 117|0x000000070ea00000, 0x000000070ec00000, 0x000000070ec00000|100%|HC|  |TAMS 0x000000070ea00000, 0x000000070ea00000| Complete 
| 118|0x000000070ec00000, 0x000000070ee00000, 0x000000070ee00000|100%|HC|  |TAMS 0x000000070ec00000, 0x000000070ec00000| Complete 
| 119|0x000000070ee00000, 0x000000070f000000, 0x000000070f000000|100%|HC|  |TAMS 0x000000070ee00000, 0x000000070ee00000| Complete 
| 120|0x000000070f000000, 0x000000070f200000, 0x000000070f200000|100%|HC|  |TAMS 0x000000070f000000, 0x000000070f000000| Complete 
| 121|0x000000070f200000, 0x000000070f400000, 0x000000070f400000|100%|HC|  |TAMS 0x000000070f200000, 0x000000070f200000| Complete 
| 122|0x000000070f400000, 0x000000070f600000, 0x000000070f600000|100%|HC|  |TAMS 0x000000070f400000, 0x000000070f400000| Complete 
| 123|0x000000070f600000, 0x000000070f800000, 0x000000070f800000|100%|HC|  |TAMS 0x000000070f600000, 0x000000070f600000| Complete 
| 124|0x000000070f800000, 0x000000070fa00000, 0x000000070fa00000|100%|HC|  |TAMS 0x000000070f800000, 0x000000070f800000| Complete 
| 125|0x000000070fa00000, 0x000000070fc00000, 0x000000070fc00000|100%|HC|  |TAMS 0x000000070fa00000, 0x000000070fa00000| Complete 
| 126|0x000000070fc00000, 0x000000070fe00000, 0x000000070fe00000|100%|HC|  |TAMS 0x000000070fc00000, 0x000000070fc00000| Complete 
| 127|0x000000070fe00000, 0x0000000710000000, 0x0000000710000000|100%|HC|  |TAMS 0x000000070fe00000, 0x000000070fe00000| Complete 
| 128|0x0000000710000000, 0x0000000710200000, 0x0000000710200000|100%|HC|  |TAMS 0x0000000710000000, 0x0000000710000000| Complete 
| 129|0x0000000710200000, 0x0000000710400000, 0x0000000710400000|100%|HS|  |TAMS 0x0000000710200000, 0x0000000710200000| Complete 
| 130|0x0000000710400000, 0x0000000710600000, 0x0000000710600000|100%|HS|  |TAMS 0x0000000710400000, 0x0000000710400000| Complete 
| 131|0x0000000710600000, 0x0000000710800000, 0x0000000710800000|100%|HS|  |TAMS 0x0000000710600000, 0x0000000710600000| Complete 
| 132|0x0000000710800000, 0x0000000710a00000, 0x0000000710a00000|100%|HS|  |TAMS 0x0000000710800000, 0x0000000710800000| Complete 
| 133|0x0000000710a00000, 0x0000000710c00000, 0x0000000710c00000|100%|HS|  |TAMS 0x0000000710a00000, 0x0000000710a00000| Complete 
| 134|0x0000000710c00000, 0x0000000710e00000, 0x0000000710e00000|100%|HS|  |TAMS 0x0000000710c00000, 0x0000000710c00000| Complete 
| 135|0x0000000710e00000, 0x0000000711000000, 0x0000000711000000|100%|HS|  |TAMS 0x0000000710e00000, 0x0000000710e00000| Complete 
| 136|0x0000000711000000, 0x0000000711200000, 0x0000000711200000|100%|HS|  |TAMS 0x0000000711000000, 0x0000000711000000| Complete 
| 137|0x0000000711200000, 0x0000000711400000, 0x0000000711400000|100%|HS|  |TAMS 0x0000000711200000, 0x0000000711200000| Complete 
| 138|0x0000000711400000, 0x0000000711600000, 0x0000000711600000|100%|HS|  |TAMS 0x0000000711400000, 0x0000000711400000| Complete 
| 139|0x0000000711600000, 0x0000000711800000, 0x0000000711800000|100%|HS|  |TAMS 0x0000000711600000, 0x0000000711600000| Complete 
| 140|0x0000000711800000, 0x0000000711a00000, 0x0000000711a00000|100%|HS|  |TAMS 0x0000000711800000, 0x0000000711800000| Complete 
| 141|0x0000000711a00000, 0x0000000711c00000, 0x0000000711c00000|100%|HS|  |TAMS 0x0000000711a00000, 0x0000000711a00000| Complete 
| 142|0x0000000711c00000, 0x0000000711e00000, 0x0000000711e00000|100%|HS|  |TAMS 0x0000000711c00000, 0x0000000711c00000| Complete 
| 143|0x0000000711e00000, 0x0000000712000000, 0x0000000712000000|100%|HS|  |TAMS 0x0000000711e00000, 0x0000000711e00000| Complete 
| 144|0x0000000712000000, 0x0000000712200000, 0x0000000712200000|100%|HS|  |TAMS 0x0000000712000000, 0x0000000712000000| Complete 
| 145|0x0000000712200000, 0x0000000712400000, 0x0000000712400000|100%|HS|  |TAMS 0x0000000712200000, 0x0000000712200000| Complete 
| 146|0x0000000712400000, 0x0000000712600000, 0x0000000712600000|100%|HS|  |TAMS 0x0000000712400000, 0x0000000712400000| Complete 
| 147|0x0000000712600000, 0x0000000712800000, 0x0000000712800000|100%|HS|  |TAMS 0x0000000712600000, 0x0000000712600000| Complete 
| 148|0x0000000712800000, 0x0000000712a00000, 0x0000000712a00000|100%|HS|  |TAMS 0x0000000712800000, 0x0000000712800000| Complete 
| 149|0x0000000712a00000, 0x0000000712c00000, 0x0000000712c00000|100%|HS|  |TAMS 0x0000000712a00000, 0x0000000712a00000| Complete 
| 150|0x0000000712c00000, 0x0000000712e00000, 0x0000000712e00000|100%|HS|  |TAMS 0x0000000712c00000, 0x0000000712c00000| Complete 
| 151|0x0000000712e00000, 0x0000000713000000, 0x0000000713000000|100%|HS|  |TAMS 0x0000000712e00000, 0x0000000712e00000| Complete 
| 152|0x0000000713000000, 0x0000000713200000, 0x0000000713200000|100%|HS|  |TAMS 0x0000000713000000, 0x0000000713000000| Complete 
| 153|0x0000000713200000, 0x0000000713400000, 0x0000000713400000|100%|HS|  |TAMS 0x0000000713200000, 0x0000000713200000| Complete 
| 154|0x0000000713400000, 0x0000000713600000, 0x0000000713600000|100%|HS|  |TAMS 0x0000000713400000, 0x0000000713400000| Complete 
| 155|0x0000000713600000, 0x0000000713800000, 0x0000000713800000|100%|HS|  |TAMS 0x0000000713600000, 0x0000000713600000| Complete 
| 156|0x0000000713800000, 0x0000000713a00000, 0x0000000713a00000|100%|HS|  |TAMS 0x0000000713800000, 0x0000000713800000| Complete 
| 157|0x0000000713a00000, 0x0000000713c00000, 0x0000000713c00000|100%|HS|  |TAMS 0x0000000713a00000, 0x0000000713a00000| Complete 
| 158|0x0000000713c00000, 0x0000000713e00000, 0x0000000713e00000|100%|HS|  |TAMS 0x0000000713c00000, 0x0000000713c00000| Complete 
| 159|0x0000000713e00000, 0x0000000714000000, 0x0000000714000000|100%|HS|  |TAMS 0x0000000713e00000, 0x0000000713e00000| Complete 
| 160|0x0000000714000000, 0x0000000714200000, 0x0000000714200000|100%|HS|  |TAMS 0x0000000714000000, 0x0000000714000000| Complete 
| 161|0x0000000714200000, 0x0000000714400000, 0x0000000714400000|100%|HS|  |TAMS 0x0000000714200000, 0x0000000714200000| Complete 
| 162|0x0000000714400000, 0x0000000714600000, 0x0000000714600000|100%|HS|  |TAMS 0x0000000714400000, 0x0000000714400000| Complete 
| 163|0x0000000714600000, 0x0000000714800000, 0x0000000714800000|100%|HS|  |TAMS 0x0000000714600000, 0x0000000714600000| Complete 
| 164|0x0000000714800000, 0x0000000714a00000, 0x0000000714a00000|100%|HS|  |TAMS 0x0000000714800000, 0x0000000714800000| Complete 
| 165|0x0000000714a00000, 0x0000000714c00000, 0x0000000714c00000|100%|HS|  |TAMS 0x0000000714a00000, 0x0000000714a00000| Complete 
| 166|0x0000000714c00000, 0x0000000714e00000, 0x0000000714e00000|100%|HS|  |TAMS 0x0000000714c00000, 0x0000000714c00000| Complete 
| 167|0x0000000714e00000, 0x0000000715000000, 0x0000000715000000|100%|HS|  |TAMS 0x0000000714e00000, 0x0000000714e00000| Complete 
| 168|0x0000000715000000, 0x0000000715200000, 0x0000000715200000|100%|HS|  |TAMS 0x0000000715000000, 0x0000000715000000| Complete 
| 169|0x0000000715200000, 0x0000000715400000, 0x0000000715400000|100%|HS|  |TAMS 0x0000000715200000, 0x0000000715200000| Complete 
| 170|0x0000000715400000, 0x0000000715600000, 0x0000000715600000|100%|HS|  |TAMS 0x0000000715400000, 0x0000000715400000| Complete 
| 171|0x0000000715600000, 0x0000000715800000, 0x0000000715800000|100%|HS|  |TAMS 0x0000000715600000, 0x0000000715600000| Complete 
| 172|0x0000000715800000, 0x0000000715a00000, 0x0000000715a00000|100%|HS|  |TAMS 0x0000000715800000, 0x0000000715800000| Complete 
| 173|0x0000000715a00000, 0x0000000715c00000, 0x0000000715c00000|100%|HS|  |TAMS 0x0000000715a00000, 0x0000000715a00000| Complete 
| 174|0x0000000715c00000, 0x0000000715e00000, 0x0000000715e00000|100%|HS|  |TAMS 0x0000000715c00000, 0x0000000715c00000| Complete 
| 175|0x0000000715e00000, 0x0000000716000000, 0x0000000716000000|100%|HS|  |TAMS 0x0000000715e00000, 0x0000000715e00000| Complete 
| 176|0x0000000716000000, 0x0000000716200000, 0x0000000716200000|100%|HS|  |TAMS 0x0000000716000000, 0x0000000716000000| Complete 
| 177|0x0000000716200000, 0x0000000716400000, 0x0000000716400000|100%|HS|  |TAMS 0x0000000716200000, 0x0000000716200000| Complete 
| 178|0x0000000716400000, 0x0000000716600000, 0x0000000716600000|100%|HS|  |TAMS 0x0000000716400000, 0x0000000716400000| Complete 
| 179|0x0000000716600000, 0x0000000716800000, 0x0000000716800000|100%|HS|  |TAMS 0x0000000716600000, 0x0000000716600000| Complete 
| 180|0x0000000716800000, 0x0000000716a00000, 0x0000000716a00000|100%|HS|  |TAMS 0x0000000716800000, 0x0000000716800000| Complete 
| 181|0x0000000716a00000, 0x0000000716a00000, 0x0000000716c00000|  0%| F|  |TAMS 0x0000000716a00000, 0x0000000716a00000| Untracked 
| 182|0x0000000716c00000, 0x0000000716c00000, 0x0000000716e00000|  0%| F|  |TAMS 0x0000000716c00000, 0x0000000716c00000| Untracked 
| 183|0x0000000716e00000, 0x0000000716e00000, 0x0000000717000000|  0%| F|  |TAMS 0x0000000716e00000, 0x0000000716e00000| Untracked 
| 184|0x0000000717000000, 0x0000000717000000, 0x0000000717200000|  0%| F|  |TAMS 0x0000000717000000, 0x0000000717000000| Untracked 
| 185|0x0000000717200000, 0x0000000717200000, 0x0000000717400000|  0%| F|  |TAMS 0x0000000717200000, 0x0000000717200000| Untracked 
| 186|0x0000000717400000, 0x0000000717400000, 0x0000000717600000|  0%| F|  |TAMS 0x0000000717400000, 0x0000000717400000| Untracked 
| 187|0x0000000717600000, 0x0000000717600000, 0x0000000717800000|  0%| F|  |TAMS 0x0000000717600000, 0x0000000717600000| Untracked 
| 188|0x0000000717800000, 0x0000000717800000, 0x0000000717a00000|  0%| F|  |TAMS 0x0000000717800000, 0x0000000717800000| Untracked 
| 189|0x0000000717a00000, 0x0000000717a00000, 0x0000000717c00000|  0%| F|  |TAMS 0x0000000717a00000, 0x0000000717a00000| Untracked 
| 190|0x0000000717c00000, 0x0000000717c00000, 0x0000000717e00000|  0%| F|  |TAMS 0x0000000717c00000, 0x0000000717c00000| Untracked 
| 191|0x0000000717e00000, 0x0000000717e00000, 0x0000000718000000|  0%| F|  |TAMS 0x0000000717e00000, 0x0000000717e00000| Untracked 
| 192|0x0000000718000000, 0x0000000718000000, 0x0000000718200000|  0%| F|  |TAMS 0x0000000718000000, 0x0000000718000000| Untracked 
| 193|0x0000000718200000, 0x00000007183af100, 0x0000000718400000| 84%| E|  |TAMS 0x0000000718200000, 0x0000000718200000| Complete 
| 194|0x0000000718400000, 0x0000000718600000, 0x0000000718600000|100%| E|CS|TAMS 0x0000000718400000, 0x0000000718400000| Complete 
| 195|0x0000000718600000, 0x0000000718800000, 0x0000000718800000|100%| E|CS|TAMS 0x0000000718600000, 0x0000000718600000| Complete 
| 196|0x0000000718800000, 0x0000000718a00000, 0x0000000718a00000|100%| E|CS|TAMS 0x0000000718800000, 0x0000000718800000| Complete 
| 197|0x0000000718a00000, 0x0000000718c00000, 0x0000000718c00000|100%| E|CS|TAMS 0x0000000718a00000, 0x0000000718a00000| Complete 
| 198|0x0000000718c00000, 0x0000000718d2df68, 0x0000000718e00000| 58%| S|CS|TAMS 0x0000000718c00000, 0x0000000718c00000| Complete 
| 199|0x0000000718e00000, 0x0000000719000000, 0x0000000719000000|100%| S|CS|TAMS 0x0000000718e00000, 0x0000000718e00000| Complete 
| 200|0x0000000719000000, 0x0000000719200000, 0x0000000719200000|100%| E|CS|TAMS 0x0000000719000000, 0x0000000719000000| Complete 
| 201|0x0000000719200000, 0x0000000719400000, 0x0000000719400000|100%| E|CS|TAMS 0x0000000719200000, 0x0000000719200000| Complete 
| 202|0x0000000719400000, 0x0000000719600000, 0x0000000719600000|100%| E|CS|TAMS 0x0000000719400000, 0x0000000719400000| Complete 
| 203|0x0000000719600000, 0x0000000719800000, 0x0000000719800000|100%| E|CS|TAMS 0x0000000719600000, 0x0000000719600000| Complete 
| 204|0x0000000719800000, 0x0000000719a00000, 0x0000000719a00000|100%| E|CS|TAMS 0x0000000719800000, 0x0000000719800000| Complete 
| 205|0x0000000719a00000, 0x0000000719c00000, 0x0000000719c00000|100%| E|CS|TAMS 0x0000000719a00000, 0x0000000719a00000| Complete 
| 206|0x0000000719c00000, 0x0000000719e00000, 0x0000000719e00000|100%| E|  |TAMS 0x0000000719c00000, 0x0000000719c00000| Complete 
| 207|0x0000000719e00000, 0x000000071a000000, 0x000000071a000000|100%| E|CS|TAMS 0x0000000719e00000, 0x0000000719e00000| Complete 
| 208|0x000000071a000000, 0x000000071a200000, 0x000000071a200000|100%| E|CS|TAMS 0x000000071a000000, 0x000000071a000000| Complete 
| 209|0x000000071a200000, 0x000000071a400000, 0x000000071a400000|100%| E|CS|TAMS 0x000000071a200000, 0x000000071a200000| Complete 
| 210|0x000000071a400000, 0x000000071a600000, 0x000000071a600000|100%| E|CS|TAMS 0x000000071a400000, 0x000000071a400000| Complete 
| 211|0x000000071a600000, 0x000000071a800000, 0x000000071a800000|100%| E|CS|TAMS 0x000000071a600000, 0x000000071a600000| Complete 
| 224|0x000000071c000000, 0x000000071c200000, 0x000000071c200000|100%| E|CS|TAMS 0x000000071c000000, 0x000000071c000000| Complete 
| 225|0x000000071c200000, 0x000000071c400000, 0x000000071c400000|100%| E|CS|TAMS 0x000000071c200000, 0x000000071c200000| Complete 

Card table byte_map: [0x0000020a58db0000,0x0000020a595b0000] _byte_map_base: 0x0000020a555b0000

Marking Bits (Prev, Next): (CMBitMap*) 0x0000020a45e43410, (CMBitMap*) 0x0000020a45e43450
 Prev Bits: [0x0000020a59db0000, 0x0000020a5ddb0000)
 Next Bits: [0x0000020a5ddb0000, 0x0000020a61db0000)

Polling page: 0x0000020a43ca0000

Metaspace:

Usage:
  Non-class:    103.43 MB used.
      Class:     15.92 MB used.
       Both:    119.36 MB used.

Virtual space:
  Non-class space:      112.00 MB reserved,     104.12 MB ( 93%) committed,  14 nodes.
      Class space:        1.00 GB reserved,      16.56 MB (  2%) committed,  1 nodes.
             Both:        1.11 GB reserved,     120.69 MB ( 11%) committed. 

Chunk freelists:
   Non-Class:  3.20 MB
       Class:  3.36 MB
        Both:  6.56 MB

MaxMetaspaceSize: unlimited
CompressedClassSpaceSize: 1.00 GB
Initial GC threshold: 21.00 MB
Current GC threshold: 200.94 MB
CDS: off
MetaspaceReclaimPolicy: balanced
 - commit_granule_bytes: 65536.
 - commit_granule_words: 8192.
 - virtual_space_node_default_size: 1048576.
 - enlarge_chunks_in_place: 1.
 - new_chunks_are_fully_committed: 0.
 - uncommit_free_chunks: 1.
 - use_allocation_guard: 0.
 - handle_deallocations: 1.


Internal statistics:

num_allocs_failed_limit: 11.
num_arena_births: 1994.
num_arena_deaths: 10.
num_vsnodes_births: 15.
num_vsnodes_deaths: 0.
num_space_committed: 1931.
num_space_uncommitted: 0.
num_chunks_returned_to_freelist: 26.
num_chunks_taken_from_freelist: 6961.
num_chunk_merges: 12.
num_chunk_splits: 4294.
num_chunks_enlarged: 2478.
num_purges: 2.
num_inconsistent_stats: 0.

CodeHeap 'non-profiled nmethods': size=120000Kb used=11031Kb max_used=11384Kb free=108968Kb
 bounds [0x0000020a50d50000, 0x0000020a51870000, 0x0000020a58280000]
CodeHeap 'profiled nmethods': size=120000Kb used=30865Kb max_used=32916Kb free=89134Kb
 bounds [0x0000020a49280000, 0x0000020a4b2d0000, 0x0000020a507b0000]
CodeHeap 'non-nmethods': size=5760Kb used=2468Kb max_used=2604Kb free=3291Kb
 bounds [0x0000020a507b0000, 0x0000020a50a40000, 0x0000020a50d50000]
 total_blobs=17631 nmethods=16619 adapters=923
 compilation: enabled
              stopped_count=0, restarted_count=0
 full_count=0

Compilation events (20 events):
Event: 1361.896 Thread 0x0000020a654e5d90 nmethod 20469 0x0000020a5113a090 code [0x0000020a5113a220, 0x0000020a5113a2f8]
Event: 1374.538 Thread 0x0000020a654d5840 20470       4       java.util.concurrent.ScheduledThreadPoolExecutor::canRunInCurrentRunState (61 bytes)
Event: 1374.545 Thread 0x0000020a654d5840 nmethod 20470 0x0000020a51139c10 code [0x0000020a51139da0, 0x0000020a51139ef8]
Event: 1381.903 Thread 0x0000020a654d5840 20471       4       com.google.common.base.Joiner::appendTo (73 bytes)
Event: 1381.929 Thread 0x0000020a654d5840 nmethod 20471 0x0000020a50f40810 code [0x0000020a50f40ac0, 0x0000020a50f417a0]
Event: 1385.232 Thread 0x0000020a654e5d90 20472       3       org.gradle.internal.SystemProperties::isStandardProperty (10 bytes)
Event: 1385.243 Thread 0x0000020a654e5d90 nmethod 20472 0x0000020a497f2590 code [0x0000020a497f2740, 0x0000020a497f2a08]
Event: 1385.259 Thread 0x0000020a654e5d90 20473       3       java.lang.WeakPairMap$Pair$Weak::second (8 bytes)
Event: 1385.262 Thread 0x0000020a654e5d90 nmethod 20473 0x0000020a49a70710 code [0x0000020a49a708a0, 0x0000020a49a70a78]
Event: 1385.288 Thread 0x0000020a654e5d90 20474       3       java.util.concurrent.ThreadPoolExecutor::ctlOf (4 bytes)
Event: 1385.288 Thread 0x0000020a654e5d90 nmethod 20474 0x0000020a493adf90 code [0x0000020a493ae120, 0x0000020a493ae218]
Event: 1385.461 Thread 0x0000020a654d5840 20475   !   4       org.gradle.internal.service.DefaultServiceRegistry$FactoryService::bind (283 bytes)
Event: 1385.476 Thread 0x0000020a654e5d90 20476       3       org.gradle.internal.event.DefaultListenerManager$ListenerDetails::<init> (49 bytes)
Event: 1385.492 Thread 0x0000020a654e5d90 nmethod 20476 0x0000020a4a3b0410 code [0x0000020a4a3b0620, 0x0000020a4a3b0fd8]
Event: 1385.512 Thread 0x0000020a654e5d90 20478       3       com.google.common.cache.CacheBuilder::newBuilder (8 bytes)
Event: 1385.515 Thread 0x0000020a654e5d90 nmethod 20478 0x0000020a49b03a90 code [0x0000020a49b03c40, 0x0000020a49b03dc8]
Event: 1385.515 Thread 0x0000020a654e5d90 20479       3       com.google.common.cache.CacheBuilder::<init> (62 bytes)
Event: 1385.516 Thread 0x0000020a654e5d90 nmethod 20479 0x0000020a499e7a10 code [0x0000020a499e7bc0, 0x0000020a499e7df8]
Event: 1385.516 Thread 0x0000020a654e5d90 20480       3       com.google.common.cache.CacheBuilder::getKeyEquivalence (18 bytes)
Event: 1385.524 Thread 0x0000020a654e5d90 nmethod 20480 0x0000020a49adc690 code [0x0000020a49adc880, 0x0000020a49adcf18]

GC Heap History (20 events):
Event: 13.940 GC heap before
{Heap before GC invocations=45 (full 0):
 garbage-first heap   total 194560K, used 152347K [0x0000000700000000, 0x0000000800000000)
  region size 2048K, 21 young (43008K), 1 survivors (2048K)
 Metaspace       used 107658K, committed 108480K, reserved 1146880K
  class space    used 14712K, committed 15104K, reserved 1048576K
}
Event: 13.945 GC heap after
{Heap after GC invocations=46 (full 0):
 garbage-first heap   total 194560K, used 117736K [0x0000000700000000, 0x0000000800000000)
  region size 2048K, 3 young (6144K), 3 survivors (6144K)
 Metaspace       used 107658K, committed 108480K, reserved 1146880K
  class space    used 14712K, committed 15104K, reserved 1048576K
}
Event: 23.506 GC heap before
{Heap before GC invocations=47 (full 0):
 garbage-first heap   total 215040K, used 152552K [0x0000000700000000, 0x0000000800000000)
  region size 2048K, 21 young (43008K), 3 survivors (6144K)
 Metaspace       used 108740K, committed 109632K, reserved 1146880K
  class space    used 14929K, committed 15360K, reserved 1048576K
}
Event: 23.513 GC heap after
{Heap after GC invocations=48 (full 0):
 garbage-first heap   total 215040K, used 120349K [0x0000000700000000, 0x0000000800000000)
  region size 2048K, 2 young (4096K), 2 survivors (4096K)
 Metaspace       used 108740K, committed 109632K, reserved 1146880K
  class space    used 14929K, committed 15360K, reserved 1048576K
}
Event: 23.599 GC heap before
{Heap before GC invocations=48 (full 0):
 garbage-first heap   total 215040K, used 124445K [0x0000000700000000, 0x0000000800000000)
  region size 2048K, 5 young (10240K), 2 survivors (4096K)
 Metaspace       used 108811K, committed 109696K, reserved 1146880K
  class space    used 14934K, committed 15360K, reserved 1048576K
}
Event: 23.602 GC heap after
{Heap after GC invocations=49 (full 0):
 garbage-first heap   total 215040K, used 120236K [0x0000000700000000, 0x0000000800000000)
  region size 2048K, 1 young (2048K), 1 survivors (2048K)
 Metaspace       used 108811K, committed 109696K, reserved 1146880K
  class space    used 14934K, committed 15360K, reserved 1048576K
}
Event: 25.149 GC heap before
{Heap before GC invocations=49 (full 0):
 garbage-first heap   total 215040K, used 171436K [0x0000000700000000, 0x0000000800000000)
  region size 2048K, 27 young (55296K), 1 survivors (2048K)
 Metaspace       used 110075K, committed 110976K, reserved 1146880K
  class space    used 15076K, committed 15488K, reserved 1048576K
}
Event: 25.154 GC heap after
{Heap after GC invocations=50 (full 0):
 garbage-first heap   total 462848K, used 123752K [0x0000000700000000, 0x0000000800000000)
  region size 2048K, 3 young (6144K), 3 survivors (6144K)
 Metaspace       used 110075K, committed 110976K, reserved 1146880K
  class space    used 15076K, committed 15488K, reserved 1048576K
}
Event: 28.423 GC heap before
{Heap before GC invocations=51 (full 0):
 garbage-first heap   total 438272K, used 408424K [0x0000000700000000, 0x0000000800000000)
  region size 2048K, 57 young (116736K), 3 survivors (6144K)
 Metaspace       used 114900K, committed 115776K, reserved 1155072K
  class space    used 15684K, committed 16064K, reserved 1048576K
}
Event: 28.437 GC heap after
{Heap after GC invocations=52 (full 0):
 garbage-first heap   total 438272K, used 158965K [0x0000000700000000, 0x0000000800000000)
  region size 2048K, 7 young (14336K), 7 survivors (14336K)
 Metaspace       used 114900K, committed 115776K, reserved 1155072K
  class space    used 15684K, committed 16064K, reserved 1048576K
}
Event: 28.854 GC heap before
{Heap before GC invocations=52 (full 0):
 garbage-first heap   total 438272K, used 204021K [0x0000000700000000, 0x0000000800000000)
  region size 2048K, 10 young (20480K), 7 survivors (14336K)
 Metaspace       used 115062K, committed 115968K, reserved 1155072K
  class space    used 15711K, committed 16128K, reserved 1048576K
}
Event: 28.861 GC heap after
{Heap after GC invocations=53 (full 0):
 garbage-first heap   total 438272K, used 133998K [0x0000000700000000, 0x0000000800000000)
  region size 2048K, 2 young (4096K), 2 survivors (4096K)
 Metaspace       used 115062K, committed 115968K, reserved 1155072K
  class space    used 15711K, committed 16128K, reserved 1048576K
}
Event: 1035.443 GC heap before
{Heap before GC invocations=53 (full 0):
 garbage-first heap   total 438272K, used 320366K [0x0000000700000000, 0x0000000800000000)
  region size 2048K, 94 young (192512K), 2 survivors (4096K)
 Metaspace       used 120103K, committed 121216K, reserved 1155072K
  class space    used 16108K, committed 16640K, reserved 1048576K
}
Event: 1035.471 GC heap after
{Heap after GC invocations=54 (full 0):
 garbage-first heap   total 438272K, used 148788K [0x0000000700000000, 0x0000000800000000)
  region size 2048K, 9 young (18432K), 9 survivors (18432K)
 Metaspace       used 120103K, committed 121216K, reserved 1155072K
  class space    used 16108K, committed 16640K, reserved 1048576K
}
Event: 1067.299 GC heap before
{Heap before GC invocations=54 (full 0):
 garbage-first heap   total 438272K, used 345396K [0x0000000700000000, 0x0000000800000000)
  region size 2048K, 105 young (215040K), 9 survivors (18432K)
 Metaspace       used 121341K, committed 122560K, reserved 1163264K
  class space    used 16231K, committed 16832K, reserved 1048576K
}
Event: 1067.313 GC heap after
{Heap after GC invocations=55 (full 0):
 garbage-first heap   total 438272K, used 140319K [0x0000000700000000, 0x0000000800000000)
  region size 2048K, 3 young (6144K), 3 survivors (6144K)
 Metaspace       used 121341K, committed 122560K, reserved 1163264K
  class space    used 16231K, committed 16832K, reserved 1048576K
}
Event: 1075.980 GC heap before
{Heap before GC invocations=55 (full 0):
 garbage-first heap   total 438272K, used 265247K [0x0000000700000000, 0x0000000800000000)
  region size 2048K, 66 young (135168K), 3 survivors (6144K)
 Metaspace       used 121929K, committed 123264K, reserved 1163264K
  class space    used 16290K, committed 16896K, reserved 1048576K
}
Event: 1076.014 GC heap after
{Heap after GC invocations=56 (full 0):
 garbage-first heap   total 438272K, used 153999K [0x0000000700000000, 0x0000000800000000)
  region size 2048K, 10 young (20480K), 10 survivors (20480K)
 Metaspace       used 121929K, committed 123264K, reserved 1163264K
  class space    used 16290K, committed 16896K, reserved 1048576K
}
Event: 1076.344 GC heap before
{Heap before GC invocations=56 (full 0):
 garbage-first heap   total 438272K, used 223631K [0x0000000700000000, 0x0000000800000000)
  region size 2048K, 24 young (49152K), 10 survivors (20480K)
 Metaspace       used 122087K, committed 123456K, reserved 1163264K
  class space    used 16299K, committed 16960K, reserved 1048576K
}
Event: 1076.410 GC heap after
{Heap after GC invocations=57 (full 0):
 garbage-first heap   total 438272K, used 201669K [0x0000000700000000, 0x0000000800000000)
  region size 2048K, 2 young (4096K), 2 survivors (4096K)
 Metaspace       used 122087K, committed 123456K, reserved 1163264K
  class space    used 16299K, committed 16960K, reserved 1048576K
}

Dll operation events (2 events):
Event: 0.010 Loaded shared library C:\Program Files\Android\Android Studio\jbr\bin\java.dll
Event: 0.411 Loaded shared library C:\Program Files\Android\Android Studio\jbr\bin\verify.dll

Deoptimization events (20 events):
Event: 1077.771 Thread 0x0000020a69cc63d0 Uncommon trap: trap_request=0xffffffbe fr.pc=0x0000020a514c36b0 relative=0x0000000000000d90
Event: 1077.771 Thread 0x0000020a69cc63d0 Uncommon trap: reason=profile_predicate action=maybe_recompile pc=0x0000020a514c36b0 method=java.math.BigInteger.montReduce([I[III)[I @ 9 c2
Event: 1077.771 Thread 0x0000020a69cc63d0 DEOPT PACKING pc=0x0000020a514c36b0 sp=0x000000f419afd2b0
Event: 1077.771 Thread 0x0000020a69cc63d0 DEOPT UNPACKING pc=0x0000020a508069a3 sp=0x000000f419afd280 mode 2
Event: 1077.771 Thread 0x0000020a69cc63d0 Uncommon trap: trap_request=0xffffffbe fr.pc=0x0000020a514cf0e8 relative=0x0000000000000aa8
Event: 1077.771 Thread 0x0000020a69cc63d0 Uncommon trap: reason=profile_predicate action=maybe_recompile pc=0x0000020a514cf0e8 method=java.math.BigInteger.montReduce([I[III)[I @ 56 c2
Event: 1077.771 Thread 0x0000020a69cc63d0 DEOPT PACKING pc=0x0000020a514cf0e8 sp=0x000000f419afd2c0
Event: 1077.771 Thread 0x0000020a69cc63d0 DEOPT UNPACKING pc=0x0000020a508069a3 sp=0x000000f419afd278 mode 2
Event: 1077.771 Thread 0x0000020a69cc63d0 Uncommon trap: trap_request=0xffffffbe fr.pc=0x0000020a514cf0e8 relative=0x0000000000000aa8
Event: 1077.771 Thread 0x0000020a69cc63d0 Uncommon trap: reason=profile_predicate action=maybe_recompile pc=0x0000020a514cf0e8 method=java.math.BigInteger.montReduce([I[III)[I @ 56 c2
Event: 1077.771 Thread 0x0000020a69cc63d0 DEOPT PACKING pc=0x0000020a514cf0e8 sp=0x000000f419afd2c0
Event: 1077.771 Thread 0x0000020a69cc63d0 DEOPT UNPACKING pc=0x0000020a508069a3 sp=0x000000f419afd278 mode 2
Event: 1077.772 Thread 0x0000020a69cc63d0 Uncommon trap: trap_request=0xffffffbe fr.pc=0x0000020a514c36b0 relative=0x0000000000000d90
Event: 1077.772 Thread 0x0000020a69cc63d0 Uncommon trap: reason=profile_predicate action=maybe_recompile pc=0x0000020a514c36b0 method=java.math.BigInteger.montReduce([I[III)[I @ 9 c2
Event: 1077.772 Thread 0x0000020a69cc63d0 DEOPT PACKING pc=0x0000020a514c36b0 sp=0x000000f419afd3d0
Event: 1077.772 Thread 0x0000020a69cc63d0 DEOPT UNPACKING pc=0x0000020a508069a3 sp=0x000000f419afd3c0 mode 2
Event: 1078.108 Thread 0x0000020a69cc63d0 Uncommon trap: trap_request=0xffffff45 fr.pc=0x0000020a514ae018 relative=0x0000000000001038
Event: 1078.108 Thread 0x0000020a69cc63d0 Uncommon trap: reason=unstable_if action=reinterpret pc=0x0000020a514ae018 method=sun.nio.ch.Util$BufferCache.get(I)Ljava/nio/ByteBuffer; @ 47 c2
Event: 1078.108 Thread 0x0000020a69cc63d0 DEOPT PACKING pc=0x0000020a514ae018 sp=0x000000f419afd1e0
Event: 1078.108 Thread 0x0000020a69cc63d0 DEOPT UNPACKING pc=0x0000020a508069a3 sp=0x000000f419afd008 mode 2

Classes unloaded (5 events):
Event: 25.234 Thread 0x0000020a654641d0 Unloading class 0x0000000800f19400 'java/lang/invoke/LambdaForm$DMH+0x0000000800f19400'
Event: 25.234 Thread 0x0000020a654641d0 Unloading class 0x0000000800f19000 'java/lang/invoke/LambdaForm$DMH+0x0000000800f19000'
Event: 25.234 Thread 0x0000020a654641d0 Unloading class 0x0000000800f18c00 'java/lang/invoke/LambdaForm$DMH+0x0000000800f18c00'
Event: 25.234 Thread 0x0000020a654641d0 Unloading class 0x0000000800f18000 'java/lang/invoke/LambdaForm$DMH+0x0000000800f18000'
Event: 25.234 Thread 0x0000020a654641d0 Unloading class 0x0000000800f18400 'java/lang/invoke/LambdaForm$DMH+0x0000000800f18400'

Classes redefined (0 events):
No events

Internal exceptions (20 events):
Event: 1050.381 Thread 0x0000020a6a42adb0 Exception <a 'sun/nio/fs/WindowsException'{0x00000007149e4bc0}> (0x00000007149e4bc0) 
thrown [s\src\hotspot\share\prims\jni.cpp, line 517]
Event: 1050.381 Thread 0x0000020a6a42adb0 Exception <a 'sun/nio/fs/WindowsException'{0x00000007149e5f88}> (0x00000007149e5f88) 
thrown [s\src\hotspot\share\prims\jni.cpp, line 517]
Event: 1050.640 Thread 0x0000020a6a42adb0 Exception <a 'sun/nio/fs/WindowsException'{0x00000007131a5750}> (0x00000007131a5750) 
thrown [s\src\hotspot\share\prims\jni.cpp, line 517]
Event: 1057.743 Thread 0x0000020a6c4e88c0 Exception <a 'java/lang/reflect/InvocationTargetException'{0x0000000711eb0758}> (0x0000000711eb0758) 
thrown [s\src\hotspot\share\runtime\reflection.cpp, line 1127]
Event: 1057.757 Thread 0x0000020a67e17e00 Exception <a 'sun/nio/fs/WindowsException'{0x0000000711d66160}> (0x0000000711d66160) 
thrown [s\src\hotspot\share\prims\jni.cpp, line 517]
Event: 1067.214 Thread 0x0000020a6a42adb0 Exception <a 'sun/nio/fs/WindowsException'{0x000000070f061690}> (0x000000070f061690) 
thrown [s\src\hotspot\share\prims\jni.cpp, line 517]
Event: 1067.362 Thread 0x0000020a6a42adb0 Exception <a 'java/lang/NoClassDefFoundError'{0x000000071c18ee80}: org/jetbrains/kotlin/gradle/plugin/KotlinBasePluginWrapper> (0x000000071c18ee80) 
thrown [s\src\hotspot\share\oops\constantPool.cpp, line 835]
Event: 1067.486 Thread 0x0000020a6a42adb0 Exception <a 'java/lang/NoClassDefFoundError'{0x00000007196c2f88}: org/jetbrains/kotlin/gradle/plugin/KotlinBasePluginWrapper> (0x00000007196c2f88) 
thrown [s\src\hotspot\share\oops\constantPool.cpp, line 835]
Event: 1067.565 Thread 0x0000020a6a42adb0 Exception <a 'java/lang/NoClassDefFoundError'{0x0000000718a85f00}: org/jetbrains/kotlin/gradle/plugin/KotlinBasePluginWrapper> (0x0000000718a85f00) 
thrown [s\src\hotspot\share\oops\constantPool.cpp, line 835]
Event: 1067.583 Thread 0x0000020a6a42adb0 Exception <a 'sun/nio/fs/WindowsException'{0x0000000718951978}> (0x0000000718951978) 
thrown [s\src\hotspot\share\prims\jni.cpp, line 517]
Event: 1067.590 Thread 0x0000020a6a42adb0 Exception <a 'sun/nio/fs/WindowsException'{0x00000007189e9038}> (0x00000007189e9038) 
thrown [s\src\hotspot\share\prims\jni.cpp, line 517]
Event: 1067.590 Thread 0x0000020a6a42adb0 Exception <a 'sun/nio/fs/WindowsException'{0x00000007189ea3b0}> (0x00000007189ea3b0) 
thrown [s\src\hotspot\share\prims\jni.cpp, line 517]
Event: 1067.590 Thread 0x0000020a6a42adb0 Exception <a 'sun/nio/fs/WindowsException'{0x00000007189eb778}> (0x00000007189eb778) 
thrown [s\src\hotspot\share\prims\jni.cpp, line 517]
Event: 1067.590 Thread 0x0000020a6a42adb0 Exception <a 'sun/nio/fs/WindowsException'{0x00000007189ecb40}> (0x00000007189ecb40) 
thrown [s\src\hotspot\share\prims\jni.cpp, line 517]
Event: 1067.743 Thread 0x0000020a6a42adb0 Exception <a 'sun/nio/fs/WindowsException'{0x00000007171586c0}> (0x00000007171586c0) 
thrown [s\src\hotspot\share\prims\jni.cpp, line 517]
Event: 1075.978 Thread 0x0000020a69cc5090 Exception <a 'sun/nio/fs/WindowsException'{0x0000000714f5d928}> (0x0000000714f5d928) 
thrown [s\src\hotspot\share\prims\jni.cpp, line 517]
Event: 1075.978 Thread 0x0000020a69cc5090 Exception <a 'sun/nio/fs/WindowsException'{0x0000000714f5e1c0}> (0x0000000714f5e1c0) 
thrown [s\src\hotspot\share\prims\jni.cpp, line 517]
Event: 1075.978 Thread 0x0000020a69cc5090 Exception <a 'sun/nio/fs/WindowsException'{0x0000000714f5e610}> (0x0000000714f5e610) 
thrown [s\src\hotspot\share\prims\jni.cpp, line 517]
Event: 1076.132 Thread 0x0000020a6e5dc7c0 Implicit null exception at 0x0000020a518320e4 to 0x0000020a51832178
Event: 1079.669 Thread 0x0000020a66d4b8d0 Exception <a 'sun/nio/fs/WindowsException'{0x0000000719801068}> (0x0000000719801068) 
thrown [s\src\hotspot\share\prims\jni.cpp, line 517]

VM Operations (20 events):
Event: 1252.174 Executing VM operation: Cleanup
Event: 1252.174 Executing VM operation: Cleanup done
Event: 1272.354 Executing VM operation: Cleanup
Event: 1272.355 Executing VM operation: Cleanup done
Event: 1292.546 Executing VM operation: Cleanup
Event: 1292.546 Executing VM operation: Cleanup done
Event: 1295.577 Executing VM operation: Cleanup
Event: 1295.577 Executing VM operation: Cleanup done
Event: 1302.635 Executing VM operation: Cleanup
Event: 1302.635 Executing VM operation: Cleanup done
Event: 1322.850 Executing VM operation: Cleanup
Event: 1322.850 Executing VM operation: Cleanup done
Event: 1330.896 Executing VM operation: Cleanup
Event: 1330.896 Executing VM operation: Cleanup done
Event: 1332.911 Executing VM operation: Cleanup
Event: 1332.911 Executing VM operation: Cleanup done
Event: 1382.443 Executing VM operation: Cleanup
Event: 1382.443 Executing VM operation: Cleanup done
Event: 1385.458 Executing VM operation: Cleanup
Event: 1385.458 Executing VM operation: Cleanup done

Events (20 events):
Event: 1098.594 Thread 0x0000020a6a4260b0 Thread exited: 0x0000020a6a4260b0
Event: 1117.764 Thread 0x0000020a6c4e6be0 Thread exited: 0x0000020a6c4e6be0
Event: 1134.174 Thread 0x0000020a6c4ea5a0 Thread exited: 0x0000020a6c4ea5a0
Event: 1134.174 Thread 0x0000020a6c4e83f0 Thread exited: 0x0000020a6c4e83f0
Event: 1134.175 Thread 0x0000020a6c4eb8e0 Thread exited: 0x0000020a6c4eb8e0
Event: 1138.968 Thread 0x0000020a66d4b400 Thread exited: 0x0000020a66d4b400
Event: 1139.685 Thread 0x0000020a67e1ae20 Thread exited: 0x0000020a67e1ae20
Event: 1139.777 Thread 0x0000020a6a42c0f0 Thread exited: 0x0000020a6a42c0f0
Event: 1139.781 Thread 0x0000020a6a42adb0 Thread exited: 0x0000020a6a42adb0
Event: 1198.991 Thread 0x0000020a66d4d5b0 Thread exited: 0x0000020a66d4d5b0
Event: 1259.010 Thread 0x0000020a66d4df50 Thread exited: 0x0000020a66d4df50
Event: 1319.014 Thread 0x0000020a66d4edc0 Thread exited: 0x0000020a66d4edc0
Event: 1379.019 Thread 0x0000020a66d4e420 Thread exited: 0x0000020a66d4e420
Event: 1385.109 Thread 0x0000020a6a4290d0 Thread added: 0x0000020a6a4290d0
Event: 1385.118 Thread 0x0000020a6a4260b0 Thread added: 0x0000020a6a4260b0
Event: 1385.160 Thread 0x0000020a6a426f20 Thread added: 0x0000020a6a426f20
Event: 1385.194 Thread 0x0000020a6a426580 Thread added: 0x0000020a6a426580
Event: 1385.272 Thread 0x0000020a6a424d70 Thread added: 0x0000020a6a424d70
Event: 1385.289 Thread 0x0000020a6a426a50 Thread added: 0x0000020a6a426a50
Event: 1385.295 Thread 0x0000020a6a425be0 Thread added: 0x0000020a6a425be0


Dynamic libraries:
0x00007ff67bb10000 - 0x00007ff67bb1a000 	C:\Program Files\Android\Android Studio\jbr\bin\java.exe
0x00007ffa73150000 - 0x00007ffa73348000 	C:\Windows\SYSTEM32\ntdll.dll
0x00007ffa71dc0000 - 0x00007ffa71e7d000 	C:\Windows\System32\KERNEL32.DLL
0x00007ffa70d10000 - 0x00007ffa71006000 	C:\Windows\System32\KERNELBASE.dll
0x00007ffa70af0000 - 0x00007ffa70bf0000 	C:\Windows\System32\ucrtbase.dll
0x00007ff9efd60000 - 0x00007ff9efd77000 	C:\Program Files\Android\Android Studio\jbr\bin\jli.dll
0x00007ffa6b020000 - 0x00007ffa6b03b000 	C:\Program Files\Android\Android Studio\jbr\bin\VCRUNTIME140.dll
0x00007ffa72c10000 - 0x00007ffa72dae000 	C:\Windows\System32\USER32.dll
0x00007ffa71160000 - 0x00007ffa71182000 	C:\Windows\System32\win32u.dll
0x00007ffa5b430000 - 0x00007ffa5b6ca000 	C:\Windows\WinSxS\amd64_microsoft.windows.common-controls_6595b64144ccf1df_6.0.19041.3636_none_60b6a03d71f818d5\COMCTL32.dll
0x00007ffa726f0000 - 0x00007ffa7271b000 	C:\Windows\System32\GDI32.dll
0x00007ffa71520000 - 0x00007ffa715be000 	C:\Windows\System32\msvcrt.dll
0x00007ffa70bf0000 - 0x00007ffa70d07000 	C:\Windows\System32\gdi32full.dll
0x00007ffa70a50000 - 0x00007ffa70aed000 	C:\Windows\System32\msvcp_win.dll
0x00007ffa71a30000 - 0x00007ffa71a62000 	C:\Windows\System32\IMM32.DLL
0x0000000067a50000 - 0x0000000067a5c000 	C:\Program Files (x86)\360\Total Security\safemon\SafeWrapper.dll
0x00007ffa71b60000 - 0x00007ffa71c13000 	C:\Windows\System32\ADVAPI32.dll
0x00007ffa71420000 - 0x00007ffa714bf000 	C:\Windows\System32\sechost.dll
0x00007ffa72ae0000 - 0x00007ffa72c06000 	C:\Windows\System32\RPCRT4.dll
0x00007ffa71010000 - 0x00007ffa71037000 	C:\Windows\System32\bcrypt.dll
0x00007ffa4d5a0000 - 0x00007ffa4d632000 	C:\Program Files (x86)\360\Total Security\safemon\libzdtp64.dll
0x00007ffa71e80000 - 0x00007ffa725c5000 	C:\Windows\System32\SHELL32.dll
0x00007ffa71c20000 - 0x00007ffa71c75000 	C:\Windows\System32\SHLWAPI.dll
0x00007ffa70370000 - 0x00007ffa7037a000 	C:\Windows\SYSTEM32\VERSION.dll
0x00007ffa6b2e0000 - 0x00007ffa6b2ec000 	C:\Program Files\Android\Android Studio\jbr\bin\vcruntime140_1.dll
0x00007ffa44210000 - 0x00007ffa4429d000 	C:\Program Files\Android\Android Studio\jbr\bin\msvcp140.dll
0x00007ff9e0b20000 - 0x00007ff9e178e000 	C:\Program Files\Android\Android Studio\jbr\bin\server\jvm.dll
0x00007ffa6da20000 - 0x00007ffa6da47000 	C:\Windows\SYSTEM32\WINMM.dll
0x00007ff9efd40000 - 0x00007ff9efd49000 	C:\Windows\SYSTEM32\WSOCK32.dll
0x00007ffa71af0000 - 0x00007ffa71b5b000 	C:\Windows\System32\WS2_32.dll
0x00007ffa6f030000 - 0x00007ffa6f042000 	C:\Windows\SYSTEM32\kernel.appcore.dll
0x00007ff9efd30000 - 0x00007ff9efd3a000 	C:\Program Files\Android\Android Studio\jbr\bin\jimage.dll
0x00007ffa6ed10000 - 0x00007ffa6eef4000 	C:\Windows\SYSTEM32\DBGHELP.DLL
0x00007ffa6d980000 - 0x00007ffa6d9b4000 	C:\Windows\SYSTEM32\dbgcore.DLL
0x00007ffa709c0000 - 0x00007ffa70a42000 	C:\Windows\System32\bcryptPrimitives.dll
0x00007ff9e0af0000 - 0x00007ff9e0b15000 	C:\Program Files\Android\Android Studio\jbr\bin\java.dll
0x00007ff9e0ad0000 - 0x00007ff9e0ae8000 	C:\Program Files\Android\Android Studio\jbr\bin\zip.dll
0x00007ffa6e4a0000 - 0x00007ffa6ec3c000 	C:\Windows\SYSTEM32\windows.storage.dll
0x00007ffa72db0000 - 0x00007ffa73104000 	C:\Windows\System32\combase.dll
0x00007ffa701d0000 - 0x00007ffa701fe000 	C:\Windows\SYSTEM32\Wldp.dll
0x00007ffa72a10000 - 0x00007ffa72add000 	C:\Windows\System32\OLEAUT32.dll
0x00007ffa72830000 - 0x00007ffa728dd000 	C:\Windows\System32\SHCORE.dll
0x00007ffa70740000 - 0x00007ffa70765000 	C:\Windows\SYSTEM32\profapi.dll
0x00007ff9e0ab0000 - 0x00007ff9e0ac9000 	C:\Program Files\Android\Android Studio\jbr\bin\net.dll
0x00007ffa684e0000 - 0x00007ffa685ea000 	C:\Windows\SYSTEM32\WINHTTP.dll
0x00007ffa6ff30000 - 0x00007ffa6ff9a000 	C:\Windows\system32\mswsock.dll
0x00007ff9e0a90000 - 0x00007ff9e0aa6000 	C:\Program Files\Android\Android Studio\jbr\bin\nio.dll
0x00007ff9efd20000 - 0x00007ff9efd30000 	C:\Program Files\Android\Android Studio\jbr\bin\verify.dll
0x00007ffa58c20000 - 0x00007ffa58c47000 	C:\Users\User\.gradle\native\e1d6ef7f7dcc3fd88c89a11ec53ec762bb8ba0a96d01ffa2cd45eb1d1d8dd5c5\windows-amd64\native-platform.dll
0x00007ffa32d90000 - 0x00007ffa32ed4000 	C:\Users\User\.gradle\native\0d407fdbe67a94daf76414ababcb853783967236a71b16ec16e742cd7a986fd3\windows-amd64\native-platform-file-events.dll
0x00007ff9eedf0000 - 0x00007ff9eedf9000 	C:\Program Files\Android\Android Studio\jbr\bin\management.dll
0x00007ff9eede0000 - 0x00007ff9eedeb000 	C:\Program Files\Android\Android Studio\jbr\bin\management_ext.dll
0x00007ffa71a70000 - 0x00007ffa71a78000 	C:\Windows\System32\PSAPI.DLL
0x00007ffa70130000 - 0x00007ffa70148000 	C:\Windows\SYSTEM32\CRYPTSP.dll
0x00007ffa6f7f0000 - 0x00007ffa6f824000 	C:\Windows\system32\rsaenh.dll
0x00007ffa706c0000 - 0x00007ffa706ee000 	C:\Windows\SYSTEM32\USERENV.dll
0x00007ffa70120000 - 0x00007ffa7012c000 	C:\Windows\SYSTEM32\CRYPTBASE.dll
0x00007ffa6fbd0000 - 0x00007ffa6fc0b000 	C:\Windows\SYSTEM32\IPHLPAPI.DLL
0x00007ffa72800000 - 0x00007ffa72808000 	C:\Windows\System32\NSI.dll
0x00007ffa67f50000 - 0x00007ffa67f67000 	C:\Windows\SYSTEM32\dhcpcsvc6.DLL
0x00007ffa68370000 - 0x00007ffa6838d000 	C:\Windows\SYSTEM32\dhcpcsvc.DLL
0x00007ffa6fc10000 - 0x00007ffa6fcdb000 	C:\Windows\SYSTEM32\DNSAPI.dll
0x00007ffa45000000 - 0x00007ffa45007000 	C:\Windows\system32\wshunix.dll
0x00007ffa65f60000 - 0x00007ffa65f6a000 	C:\Windows\System32\rasadhlp.dll
0x00007ffa64c90000 - 0x00007ffa64d10000 	C:\Windows\System32\fwpuclnt.dll

dbghelp: loaded successfully - version: 4.0.5 - missing functions: none
symbol engine: initialized successfully - sym options: 0x614 - pdb path: .;C:\Program Files\Android\Android Studio\jbr\bin;C:\Windows\SYSTEM32;C:\Windows\WinSxS\amd64_microsoft.windows.common-controls_6595b64144ccf1df_6.0.19041.3636_none_60b6a03d71f818d5;C:\Program Files (x86)\360\Total Security\safemon;C:\Program Files\Android\Android Studio\jbr\bin\server;C:\Users\User\.gradle\native\e1d6ef7f7dcc3fd88c89a11ec53ec762bb8ba0a96d01ffa2cd45eb1d1d8dd5c5\windows-amd64;C:\Users\User\.gradle\native\0d407fdbe67a94daf76414ababcb853783967236a71b16ec16e742cd7a986fd3\windows-amd64

VM Arguments:
jvm_args: --add-opens=java.base/java.util=ALL-UNNAMED --add-opens=java.base/java.lang=ALL-UNNAMED --add-opens=java.base/java.lang.invoke=ALL-UNNAMED --add-opens=java.base/java.util=ALL-UNNAMED --add-opens=java.prefs/java.util.prefs=ALL-UNNAMED --add-opens=java.prefs/java.util.prefs=ALL-UNNAMED --add-opens=java.base/java.nio.charset=ALL-UNNAMED --add-opens=java.base/java.net=ALL-UNNAMED --add-opens=java.base/java.util.concurrent.atomic=ALL-UNNAMED -Xmx4G -Dfile.encoding=windows-1252 -Duser.country=US -Duser.language=en -Duser.variant 
java_command: org.gradle.launcher.daemon.bootstrap.GradleDaemon 7.5
java_class_path (initial): C:\Users\User\.gradle\wrapper\dists\gradle-7.5-all\6qsw290k5lz422uaf8jf6m7co\gradle-7.5\lib\gradle-launcher-7.5.jar
Launcher Type: SUN_STANDARD

[Global flags]
     intx CICompilerCount                          = 4                                         {product} {ergonomic}
     uint ConcGCThreads                            = 2                                         {product} {ergonomic}
     uint G1ConcRefinementThreads                  = 8                                         {product} {ergonomic}
   size_t G1HeapRegionSize                         = 2097152                                   {product} {ergonomic}
    uintx GCDrainStackTargetSize                   = 64                                        {product} {ergonomic}
   size_t InitialHeapSize                          = 134217728                                 {product} {ergonomic}
   size_t MarkStackSize                            = 4194304                                   {product} {ergonomic}
   size_t MaxHeapSize                              = 4294967296                                {product} {command line}
   size_t MaxNewSize                               = 2575302656                                {product} {ergonomic}
   size_t MinHeapDeltaBytes                        = 2097152                                   {product} {ergonomic}
   size_t MinHeapSize                              = 8388608                                   {product} {ergonomic}
    uintx NonNMethodCodeHeapSize                   = 5839372                                {pd product} {ergonomic}
    uintx NonProfiledCodeHeapSize                  = 122909434                              {pd product} {ergonomic}
    uintx ProfiledCodeHeapSize                     = 122909434                              {pd product} {ergonomic}
    uintx ReservedCodeCacheSize                    = 251658240                              {pd product} {ergonomic}
     bool SegmentedCodeCache                       = true                                      {product} {ergonomic}
   size_t SoftMaxHeapSize                          = 4294967296                             {manageable} {ergonomic}
     bool UseCompressedClassPointers               = true                           {product lp64_product} {ergonomic}
     bool UseCompressedOops                        = true                           {product lp64_product} {ergonomic}
     bool UseG1GC                                  = true                                      {product} {ergonomic}
     bool UseLargePagesIndividualAllocation        = false                                  {pd product} {ergonomic}

Logging:
Log output configuration:
 #0: stdout all=warning uptime,level,tags
 #1: stderr all=off uptime,level,tags

Environment Variables:
JAVA_HOME=C:\Program Files\Android\Android Studio\jbr
CLASSPATH=E:\ss\flutter\zflutter project\testphp\android\\gradle\wrapper\gradle-wrapper.jar
PATH=C:\Program Files\Android\Android Studio\jbr\bin;C:\Program Files\Common Files\Oracle\Java\javapath;C:\Program Files (x86)\Common Files\Oracle\Java\javapath;C:\Windows\system32;C:\Windows;C:\Windows\System32\Wbem;C:\Windows\System32\WindowsPowerShell\v1.0\;C:\Windows\System32\OpenSSH\;"C:\src\flutter\bin;";"C:\Program Files\Dart\dart-sdk\bin;";C:\Program Files\Git\cmd;C:\Users\User\anaconda3\Lib\venv\scripts\nt;C:\Users\User\AppData\Local\Programs\Python\Python311;C:\Program Files\nodejs\;?D:\ngrok.exe;C:\Users\User\AppData\Local\Pub\Cache\bin;C:\Users\User\AppData\Local\Microsoft\WindowsApps;"C:\Program Files\Dart\dart-sdk\bin;";"C:\src\flutter\bin;";C:\Users\User\AppData\Local\Programs\Microsoft VS Code\bin;C:\Users\User\AppData\Local\Programs\Python\Python311;C:\src\flutter\bin;C:\Users\User\AppData\Roaming\npm;C:\Users\User\AppData\Local\GitHubDesktop\bin;?D:\ngrok.exe;C:\Users\User\AppData\Local\Pub\Cache\bin;;C:\src\flutter\bin\mingit\cmd
USERNAME=User
OS=Windows_NT
PROCESSOR_IDENTIFIER=Intel64 Family 6 Model 142 Stepping 12, GenuineIntel
TMP=C:\Users\User\AppData\Local\Temp
TEMP=C:\Users\User\AppData\Local\Temp


JNI global refs:
JNI global refs: 26, weak refs: 1

JNI global refs memory usage: 843, weak refs: 841


---------------  S Y S T E M  ---------------

OS:
 Windows 10 , 64 bit Build 19041 (10.0.19041.3636)
OS uptime: 0 days 10:29 hours

CPU: total 8 (initial active 8) (4 cores per cpu, 2 threads per core) family 6 model 142 stepping 12 microcode 0xb8, cx8, cmov, fxsr, ht, mmx, 3dnowpref, sse, sse2, sse3, ssse3, sse4.1, sse4.2, popcnt, lzcnt, tsc, tscinvbit, avx, avx2, aes, erms, clmul, bmi1, bmi2, adx, fma, vzeroupper, clflush, clflushopt

Memory: 4k page, system-wide physical 8068M (275M free)
TotalPageFile size 18067M (AvailPageFile size 0M)
current process WorkingSet (physical memory assigned to process): 64M, peak: 715M
current process commit charge ("private bytes"): 795M, peak: 855M

vm_info: OpenJDK 64-Bit Server VM (17.0.6+0-b2043.56-10027231) for windows-amd64 JRE (17.0.6+0-b2043.56-10027231), built on Apr 28 2023 00:43:19 by "androidbuild" with MS VC++ 16.10 / 16.11 (VS2019)

END.
